ARM GAS  /var/folders/k_/d4dbklhx7q1fs9lh20k9kt840000gn/T//ccwxI0py.s 			page 1


   1              		.cpu cortex-m4
   2              		.eabi_attribute 27, 1
   3              		.eabi_attribute 28, 1
   4              		.eabi_attribute 20, 1
   5              		.eabi_attribute 21, 1
   6              		.eabi_attribute 23, 3
   7              		.eabi_attribute 24, 1
   8              		.eabi_attribute 25, 1
   9              		.eabi_attribute 26, 1
  10              		.eabi_attribute 30, 1
  11              		.eabi_attribute 34, 1
  12              		.eabi_attribute 18, 4
  13              		.file	"stm32l4xx_hal_pcd_ex.c"
  14              		.text
  15              	.Ltext0:
  16              		.cfi_sections	.debug_frame
  17              		.section	.text.HAL_PCDEx_SetTxFiFo,"ax",%progbits
  18              		.align	1
  19              		.global	HAL_PCDEx_SetTxFiFo
  20              		.syntax unified
  21              		.thumb
  22              		.thumb_func
  23              		.fpu fpv4-sp-d16
  25              	HAL_PCDEx_SetTxFiFo:
  26              	.LFB130:
  27              		.file 1 "Drivers/STM32L4xx_HAL_Driver/Src/stm32l4xx_hal_pcd_ex.c"
   1:Drivers/STM32L4xx_HAL_Driver/Src/stm32l4xx_hal_pcd_ex.c **** /**
   2:Drivers/STM32L4xx_HAL_Driver/Src/stm32l4xx_hal_pcd_ex.c ****   ******************************************************************************
   3:Drivers/STM32L4xx_HAL_Driver/Src/stm32l4xx_hal_pcd_ex.c ****   * @file    stm32l4xx_hal_pcd_ex.c
   4:Drivers/STM32L4xx_HAL_Driver/Src/stm32l4xx_hal_pcd_ex.c ****   * @author  MCD Application Team
   5:Drivers/STM32L4xx_HAL_Driver/Src/stm32l4xx_hal_pcd_ex.c ****   * @brief   PCD Extended HAL module driver.
   6:Drivers/STM32L4xx_HAL_Driver/Src/stm32l4xx_hal_pcd_ex.c ****   *          This file provides firmware functions to manage the following
   7:Drivers/STM32L4xx_HAL_Driver/Src/stm32l4xx_hal_pcd_ex.c ****   *          functionalities of the USB Peripheral Controller:
   8:Drivers/STM32L4xx_HAL_Driver/Src/stm32l4xx_hal_pcd_ex.c ****   *           + Extended features functions
   9:Drivers/STM32L4xx_HAL_Driver/Src/stm32l4xx_hal_pcd_ex.c ****   *
  10:Drivers/STM32L4xx_HAL_Driver/Src/stm32l4xx_hal_pcd_ex.c ****   ******************************************************************************
  11:Drivers/STM32L4xx_HAL_Driver/Src/stm32l4xx_hal_pcd_ex.c ****   * @attention
  12:Drivers/STM32L4xx_HAL_Driver/Src/stm32l4xx_hal_pcd_ex.c ****   *
  13:Drivers/STM32L4xx_HAL_Driver/Src/stm32l4xx_hal_pcd_ex.c ****   * <h2><center>&copy; Copyright (c) 2017 STMicroelectronics.
  14:Drivers/STM32L4xx_HAL_Driver/Src/stm32l4xx_hal_pcd_ex.c ****   * All rights reserved.</center></h2>
  15:Drivers/STM32L4xx_HAL_Driver/Src/stm32l4xx_hal_pcd_ex.c ****   *
  16:Drivers/STM32L4xx_HAL_Driver/Src/stm32l4xx_hal_pcd_ex.c ****   * This software component is licensed by ST under BSD 3-Clause license,
  17:Drivers/STM32L4xx_HAL_Driver/Src/stm32l4xx_hal_pcd_ex.c ****   * the "License"; You may not use this file except in compliance with the
  18:Drivers/STM32L4xx_HAL_Driver/Src/stm32l4xx_hal_pcd_ex.c ****   * License. You may obtain a copy of the License at:
  19:Drivers/STM32L4xx_HAL_Driver/Src/stm32l4xx_hal_pcd_ex.c ****   *                        opensource.org/licenses/BSD-3-Clause
  20:Drivers/STM32L4xx_HAL_Driver/Src/stm32l4xx_hal_pcd_ex.c ****   *
  21:Drivers/STM32L4xx_HAL_Driver/Src/stm32l4xx_hal_pcd_ex.c ****   ******************************************************************************
  22:Drivers/STM32L4xx_HAL_Driver/Src/stm32l4xx_hal_pcd_ex.c ****   */
  23:Drivers/STM32L4xx_HAL_Driver/Src/stm32l4xx_hal_pcd_ex.c **** 
  24:Drivers/STM32L4xx_HAL_Driver/Src/stm32l4xx_hal_pcd_ex.c **** /* Includes ------------------------------------------------------------------*/
  25:Drivers/STM32L4xx_HAL_Driver/Src/stm32l4xx_hal_pcd_ex.c **** #include "stm32l4xx_hal.h"
  26:Drivers/STM32L4xx_HAL_Driver/Src/stm32l4xx_hal_pcd_ex.c **** 
  27:Drivers/STM32L4xx_HAL_Driver/Src/stm32l4xx_hal_pcd_ex.c **** /** @addtogroup STM32L4xx_HAL_Driver
  28:Drivers/STM32L4xx_HAL_Driver/Src/stm32l4xx_hal_pcd_ex.c ****   * @{
  29:Drivers/STM32L4xx_HAL_Driver/Src/stm32l4xx_hal_pcd_ex.c ****   */
  30:Drivers/STM32L4xx_HAL_Driver/Src/stm32l4xx_hal_pcd_ex.c **** 
  31:Drivers/STM32L4xx_HAL_Driver/Src/stm32l4xx_hal_pcd_ex.c **** /** @defgroup PCDEx PCDEx
ARM GAS  /var/folders/k_/d4dbklhx7q1fs9lh20k9kt840000gn/T//ccwxI0py.s 			page 2


  32:Drivers/STM32L4xx_HAL_Driver/Src/stm32l4xx_hal_pcd_ex.c ****   * @brief PCD Extended HAL module driver
  33:Drivers/STM32L4xx_HAL_Driver/Src/stm32l4xx_hal_pcd_ex.c ****   * @{
  34:Drivers/STM32L4xx_HAL_Driver/Src/stm32l4xx_hal_pcd_ex.c ****   */
  35:Drivers/STM32L4xx_HAL_Driver/Src/stm32l4xx_hal_pcd_ex.c **** 
  36:Drivers/STM32L4xx_HAL_Driver/Src/stm32l4xx_hal_pcd_ex.c **** #ifdef HAL_PCD_MODULE_ENABLED
  37:Drivers/STM32L4xx_HAL_Driver/Src/stm32l4xx_hal_pcd_ex.c **** 
  38:Drivers/STM32L4xx_HAL_Driver/Src/stm32l4xx_hal_pcd_ex.c **** #if defined (USB) || defined (USB_OTG_FS)
  39:Drivers/STM32L4xx_HAL_Driver/Src/stm32l4xx_hal_pcd_ex.c **** /* Private types -------------------------------------------------------------*/
  40:Drivers/STM32L4xx_HAL_Driver/Src/stm32l4xx_hal_pcd_ex.c **** /* Private variables ---------------------------------------------------------*/
  41:Drivers/STM32L4xx_HAL_Driver/Src/stm32l4xx_hal_pcd_ex.c **** /* Private constants ---------------------------------------------------------*/
  42:Drivers/STM32L4xx_HAL_Driver/Src/stm32l4xx_hal_pcd_ex.c **** /* Private macros ------------------------------------------------------------*/
  43:Drivers/STM32L4xx_HAL_Driver/Src/stm32l4xx_hal_pcd_ex.c **** /* Private functions ---------------------------------------------------------*/
  44:Drivers/STM32L4xx_HAL_Driver/Src/stm32l4xx_hal_pcd_ex.c **** /* Exported functions --------------------------------------------------------*/
  45:Drivers/STM32L4xx_HAL_Driver/Src/stm32l4xx_hal_pcd_ex.c **** 
  46:Drivers/STM32L4xx_HAL_Driver/Src/stm32l4xx_hal_pcd_ex.c **** /** @defgroup PCDEx_Exported_Functions PCDEx Exported Functions
  47:Drivers/STM32L4xx_HAL_Driver/Src/stm32l4xx_hal_pcd_ex.c ****   * @{
  48:Drivers/STM32L4xx_HAL_Driver/Src/stm32l4xx_hal_pcd_ex.c ****   */
  49:Drivers/STM32L4xx_HAL_Driver/Src/stm32l4xx_hal_pcd_ex.c **** 
  50:Drivers/STM32L4xx_HAL_Driver/Src/stm32l4xx_hal_pcd_ex.c **** /** @defgroup PCDEx_Exported_Functions_Group1 Peripheral Control functions
  51:Drivers/STM32L4xx_HAL_Driver/Src/stm32l4xx_hal_pcd_ex.c ****   * @brief    PCDEx control functions
  52:Drivers/STM32L4xx_HAL_Driver/Src/stm32l4xx_hal_pcd_ex.c ****  *
  53:Drivers/STM32L4xx_HAL_Driver/Src/stm32l4xx_hal_pcd_ex.c **** @verbatim
  54:Drivers/STM32L4xx_HAL_Driver/Src/stm32l4xx_hal_pcd_ex.c ****  ===============================================================================
  55:Drivers/STM32L4xx_HAL_Driver/Src/stm32l4xx_hal_pcd_ex.c ****                  ##### Extended features functions #####
  56:Drivers/STM32L4xx_HAL_Driver/Src/stm32l4xx_hal_pcd_ex.c ****  ===============================================================================
  57:Drivers/STM32L4xx_HAL_Driver/Src/stm32l4xx_hal_pcd_ex.c ****     [..]  This section provides functions allowing to:
  58:Drivers/STM32L4xx_HAL_Driver/Src/stm32l4xx_hal_pcd_ex.c ****       (+) Update FIFO configuration
  59:Drivers/STM32L4xx_HAL_Driver/Src/stm32l4xx_hal_pcd_ex.c **** 
  60:Drivers/STM32L4xx_HAL_Driver/Src/stm32l4xx_hal_pcd_ex.c **** @endverbatim
  61:Drivers/STM32L4xx_HAL_Driver/Src/stm32l4xx_hal_pcd_ex.c ****   * @{
  62:Drivers/STM32L4xx_HAL_Driver/Src/stm32l4xx_hal_pcd_ex.c ****   */
  63:Drivers/STM32L4xx_HAL_Driver/Src/stm32l4xx_hal_pcd_ex.c **** #if defined (USB_OTG_FS)
  64:Drivers/STM32L4xx_HAL_Driver/Src/stm32l4xx_hal_pcd_ex.c **** /**
  65:Drivers/STM32L4xx_HAL_Driver/Src/stm32l4xx_hal_pcd_ex.c ****   * @brief  Set Tx FIFO
  66:Drivers/STM32L4xx_HAL_Driver/Src/stm32l4xx_hal_pcd_ex.c ****   * @param  hpcd PCD handle
  67:Drivers/STM32L4xx_HAL_Driver/Src/stm32l4xx_hal_pcd_ex.c ****   * @param  fifo The number of Tx fifo
  68:Drivers/STM32L4xx_HAL_Driver/Src/stm32l4xx_hal_pcd_ex.c ****   * @param  size Fifo size
  69:Drivers/STM32L4xx_HAL_Driver/Src/stm32l4xx_hal_pcd_ex.c ****   * @retval HAL status
  70:Drivers/STM32L4xx_HAL_Driver/Src/stm32l4xx_hal_pcd_ex.c ****   */
  71:Drivers/STM32L4xx_HAL_Driver/Src/stm32l4xx_hal_pcd_ex.c **** HAL_StatusTypeDef HAL_PCDEx_SetTxFiFo(PCD_HandleTypeDef *hpcd, uint8_t fifo, uint16_t size)
  72:Drivers/STM32L4xx_HAL_Driver/Src/stm32l4xx_hal_pcd_ex.c **** {
  28              		.loc 1 72 0
  29              		.cfi_startproc
  30              		@ args = 0, pretend = 0, frame = 0
  31              		@ frame_needed = 0, uses_anonymous_args = 0
  32              		@ link register save eliminated.
  33              	.LVL0:
  34 0000 30B4     		push	{r4, r5}
  35              	.LCFI0:
  36              		.cfi_def_cfa_offset 8
  37              		.cfi_offset 4, -8
  38              		.cfi_offset 5, -4
  73:Drivers/STM32L4xx_HAL_Driver/Src/stm32l4xx_hal_pcd_ex.c ****   uint8_t i;
  74:Drivers/STM32L4xx_HAL_Driver/Src/stm32l4xx_hal_pcd_ex.c ****   uint32_t Tx_Offset;
  75:Drivers/STM32L4xx_HAL_Driver/Src/stm32l4xx_hal_pcd_ex.c **** 
  76:Drivers/STM32L4xx_HAL_Driver/Src/stm32l4xx_hal_pcd_ex.c ****   /*  TXn min size = 16 words. (n  : Transmit FIFO index)
  77:Drivers/STM32L4xx_HAL_Driver/Src/stm32l4xx_hal_pcd_ex.c ****       When a TxFIFO is not used, the Configuration should be as follows:
ARM GAS  /var/folders/k_/d4dbklhx7q1fs9lh20k9kt840000gn/T//ccwxI0py.s 			page 3


  78:Drivers/STM32L4xx_HAL_Driver/Src/stm32l4xx_hal_pcd_ex.c ****           case 1 :  n > m    and Txn is not used    (n,m  : Transmit FIFO indexes)
  79:Drivers/STM32L4xx_HAL_Driver/Src/stm32l4xx_hal_pcd_ex.c ****          --> Txm can use the space allocated for Txn.
  80:Drivers/STM32L4xx_HAL_Driver/Src/stm32l4xx_hal_pcd_ex.c ****          case2  :  n < m    and Txn is not used    (n,m  : Transmit FIFO indexes)
  81:Drivers/STM32L4xx_HAL_Driver/Src/stm32l4xx_hal_pcd_ex.c ****          --> Txn should be configured with the minimum space of 16 words
  82:Drivers/STM32L4xx_HAL_Driver/Src/stm32l4xx_hal_pcd_ex.c ****      The FIFO is used optimally when used TxFIFOs are allocated in the top
  83:Drivers/STM32L4xx_HAL_Driver/Src/stm32l4xx_hal_pcd_ex.c ****          of the FIFO.Ex: use EP1 and EP2 as IN instead of EP1 and EP3 as IN ones.
  84:Drivers/STM32L4xx_HAL_Driver/Src/stm32l4xx_hal_pcd_ex.c ****      When DMA is used 3n * FIFO locations should be reserved for internal DMA registers */
  85:Drivers/STM32L4xx_HAL_Driver/Src/stm32l4xx_hal_pcd_ex.c **** 
  86:Drivers/STM32L4xx_HAL_Driver/Src/stm32l4xx_hal_pcd_ex.c ****   Tx_Offset = hpcd->Instance->GRXFSIZ;
  39              		.loc 1 86 0
  40 0002 0468     		ldr	r4, [r0]
  41 0004 606A     		ldr	r0, [r4, #36]
  42              	.LVL1:
  87:Drivers/STM32L4xx_HAL_Driver/Src/stm32l4xx_hal_pcd_ex.c **** 
  88:Drivers/STM32L4xx_HAL_Driver/Src/stm32l4xx_hal_pcd_ex.c ****   if (fifo == 0U)
  43              		.loc 1 88 0
  44 0006 29B1     		cbz	r1, .L7
  45 0008 0D46     		mov	r5, r1
  89:Drivers/STM32L4xx_HAL_Driver/Src/stm32l4xx_hal_pcd_ex.c ****   {
  90:Drivers/STM32L4xx_HAL_Driver/Src/stm32l4xx_hal_pcd_ex.c ****     hpcd->Instance->DIEPTXF0_HNPTXFSIZ = ((uint32_t)size << 16) | Tx_Offset;
  91:Drivers/STM32L4xx_HAL_Driver/Src/stm32l4xx_hal_pcd_ex.c ****   }
  92:Drivers/STM32L4xx_HAL_Driver/Src/stm32l4xx_hal_pcd_ex.c ****   else
  93:Drivers/STM32L4xx_HAL_Driver/Src/stm32l4xx_hal_pcd_ex.c ****   {
  94:Drivers/STM32L4xx_HAL_Driver/Src/stm32l4xx_hal_pcd_ex.c ****     Tx_Offset += (hpcd->Instance->DIEPTXF0_HNPTXFSIZ) >> 16;
  46              		.loc 1 94 0
  47 000a A36A     		ldr	r3, [r4, #40]
  48 000c 00EB1340 		add	r0, r0, r3, lsr #16
  49              	.LVL2:
  95:Drivers/STM32L4xx_HAL_Driver/Src/stm32l4xx_hal_pcd_ex.c ****     for (i = 0U; i < (fifo - 1U); i++)
  50              		.loc 1 95 0
  51 0010 0023     		movs	r3, #0
  52 0012 0CE0     		b	.L4
  53              	.LVL3:
  54              	.L7:
  90:Drivers/STM32L4xx_HAL_Driver/Src/stm32l4xx_hal_pcd_ex.c ****   }
  55              		.loc 1 90 0
  56 0014 40EA0240 		orr	r0, r0, r2, lsl #16
  57              	.LVL4:
  58 0018 A062     		str	r0, [r4, #40]
  59 001a 12E0     		b	.L3
  60              	.LVL5:
  61              	.L5:
  96:Drivers/STM32L4xx_HAL_Driver/Src/stm32l4xx_hal_pcd_ex.c ****     {
  97:Drivers/STM32L4xx_HAL_Driver/Src/stm32l4xx_hal_pcd_ex.c ****       Tx_Offset += (hpcd->Instance->DIEPTXF[i] >> 16);
  62              		.loc 1 97 0 discriminator 3
  63 001c 03F14001 		add	r1, r3, #64
  64 0020 04EB8101 		add	r1, r4, r1, lsl #2
  65 0024 4968     		ldr	r1, [r1, #4]
  66 0026 00EB1140 		add	r0, r0, r1, lsr #16
  67              	.LVL6:
  95:Drivers/STM32L4xx_HAL_Driver/Src/stm32l4xx_hal_pcd_ex.c ****     {
  68              		.loc 1 95 0 discriminator 3
  69 002a 0133     		adds	r3, r3, #1
  70              	.LVL7:
  71 002c DBB2     		uxtb	r3, r3
  72              	.LVL8:
  73              	.L4:
ARM GAS  /var/folders/k_/d4dbklhx7q1fs9lh20k9kt840000gn/T//ccwxI0py.s 			page 4


  95:Drivers/STM32L4xx_HAL_Driver/Src/stm32l4xx_hal_pcd_ex.c ****     {
  74              		.loc 1 95 0 is_stmt 0 discriminator 1
  75 002e 691E     		subs	r1, r5, #1
  76 0030 8B42     		cmp	r3, r1
  77 0032 F3D3     		bcc	.L5
  98:Drivers/STM32L4xx_HAL_Driver/Src/stm32l4xx_hal_pcd_ex.c ****     }
  99:Drivers/STM32L4xx_HAL_Driver/Src/stm32l4xx_hal_pcd_ex.c **** 
 100:Drivers/STM32L4xx_HAL_Driver/Src/stm32l4xx_hal_pcd_ex.c ****     /* Multiply Tx_Size by 2 to get higher performance */
 101:Drivers/STM32L4xx_HAL_Driver/Src/stm32l4xx_hal_pcd_ex.c ****     hpcd->Instance->DIEPTXF[fifo - 1U] = ((uint32_t)size << 16) | Tx_Offset;
  78              		.loc 1 101 0 is_stmt 1
  79 0034 40EA0240 		orr	r0, r0, r2, lsl #16
  80              	.LVL9:
  81 0038 05F13F01 		add	r1, r5, #63
  82 003c 04EB8101 		add	r1, r4, r1, lsl #2
  83 0040 4860     		str	r0, [r1, #4]
  84              	.LVL10:
  85              	.L3:
 102:Drivers/STM32L4xx_HAL_Driver/Src/stm32l4xx_hal_pcd_ex.c ****   }
 103:Drivers/STM32L4xx_HAL_Driver/Src/stm32l4xx_hal_pcd_ex.c **** 
 104:Drivers/STM32L4xx_HAL_Driver/Src/stm32l4xx_hal_pcd_ex.c ****   return HAL_OK;
 105:Drivers/STM32L4xx_HAL_Driver/Src/stm32l4xx_hal_pcd_ex.c **** }
  86              		.loc 1 105 0
  87 0042 0020     		movs	r0, #0
  88 0044 30BC     		pop	{r4, r5}
  89              	.LCFI1:
  90              		.cfi_restore 5
  91              		.cfi_restore 4
  92              		.cfi_def_cfa_offset 0
  93 0046 7047     		bx	lr
  94              		.cfi_endproc
  95              	.LFE130:
  97              		.section	.text.HAL_PCDEx_SetRxFiFo,"ax",%progbits
  98              		.align	1
  99              		.global	HAL_PCDEx_SetRxFiFo
 100              		.syntax unified
 101              		.thumb
 102              		.thumb_func
 103              		.fpu fpv4-sp-d16
 105              	HAL_PCDEx_SetRxFiFo:
 106              	.LFB131:
 106:Drivers/STM32L4xx_HAL_Driver/Src/stm32l4xx_hal_pcd_ex.c **** 
 107:Drivers/STM32L4xx_HAL_Driver/Src/stm32l4xx_hal_pcd_ex.c **** /**
 108:Drivers/STM32L4xx_HAL_Driver/Src/stm32l4xx_hal_pcd_ex.c ****   * @brief  Set Rx FIFO
 109:Drivers/STM32L4xx_HAL_Driver/Src/stm32l4xx_hal_pcd_ex.c ****   * @param  hpcd PCD handle
 110:Drivers/STM32L4xx_HAL_Driver/Src/stm32l4xx_hal_pcd_ex.c ****   * @param  size Size of Rx fifo
 111:Drivers/STM32L4xx_HAL_Driver/Src/stm32l4xx_hal_pcd_ex.c ****   * @retval HAL status
 112:Drivers/STM32L4xx_HAL_Driver/Src/stm32l4xx_hal_pcd_ex.c ****   */
 113:Drivers/STM32L4xx_HAL_Driver/Src/stm32l4xx_hal_pcd_ex.c **** HAL_StatusTypeDef HAL_PCDEx_SetRxFiFo(PCD_HandleTypeDef *hpcd, uint16_t size)
 114:Drivers/STM32L4xx_HAL_Driver/Src/stm32l4xx_hal_pcd_ex.c **** {
 107              		.loc 1 114 0
 108              		.cfi_startproc
 109              		@ args = 0, pretend = 0, frame = 0
 110              		@ frame_needed = 0, uses_anonymous_args = 0
 111              		@ link register save eliminated.
 112              	.LVL11:
 115:Drivers/STM32L4xx_HAL_Driver/Src/stm32l4xx_hal_pcd_ex.c ****   hpcd->Instance->GRXFSIZ = size;
 113              		.loc 1 115 0
ARM GAS  /var/folders/k_/d4dbklhx7q1fs9lh20k9kt840000gn/T//ccwxI0py.s 			page 5


 114 0000 0368     		ldr	r3, [r0]
 115 0002 5962     		str	r1, [r3, #36]
 116:Drivers/STM32L4xx_HAL_Driver/Src/stm32l4xx_hal_pcd_ex.c **** 
 117:Drivers/STM32L4xx_HAL_Driver/Src/stm32l4xx_hal_pcd_ex.c ****   return HAL_OK;
 118:Drivers/STM32L4xx_HAL_Driver/Src/stm32l4xx_hal_pcd_ex.c **** }
 116              		.loc 1 118 0
 117 0004 0020     		movs	r0, #0
 118              	.LVL12:
 119 0006 7047     		bx	lr
 120              		.cfi_endproc
 121              	.LFE131:
 123              		.section	.text.HAL_PCDEx_ActivateLPM,"ax",%progbits
 124              		.align	1
 125              		.global	HAL_PCDEx_ActivateLPM
 126              		.syntax unified
 127              		.thumb
 128              		.thumb_func
 129              		.fpu fpv4-sp-d16
 131              	HAL_PCDEx_ActivateLPM:
 132              	.LFB132:
 119:Drivers/STM32L4xx_HAL_Driver/Src/stm32l4xx_hal_pcd_ex.c **** 
 120:Drivers/STM32L4xx_HAL_Driver/Src/stm32l4xx_hal_pcd_ex.c **** /**
 121:Drivers/STM32L4xx_HAL_Driver/Src/stm32l4xx_hal_pcd_ex.c ****   * @brief  Activate LPM feature.
 122:Drivers/STM32L4xx_HAL_Driver/Src/stm32l4xx_hal_pcd_ex.c ****   * @param  hpcd PCD handle
 123:Drivers/STM32L4xx_HAL_Driver/Src/stm32l4xx_hal_pcd_ex.c ****   * @retval HAL status
 124:Drivers/STM32L4xx_HAL_Driver/Src/stm32l4xx_hal_pcd_ex.c ****   */
 125:Drivers/STM32L4xx_HAL_Driver/Src/stm32l4xx_hal_pcd_ex.c **** HAL_StatusTypeDef HAL_PCDEx_ActivateLPM(PCD_HandleTypeDef *hpcd)
 126:Drivers/STM32L4xx_HAL_Driver/Src/stm32l4xx_hal_pcd_ex.c **** {
 133              		.loc 1 126 0
 134              		.cfi_startproc
 135              		@ args = 0, pretend = 0, frame = 0
 136              		@ frame_needed = 0, uses_anonymous_args = 0
 137              		@ link register save eliminated.
 138              	.LVL13:
 139 0000 0346     		mov	r3, r0
 127:Drivers/STM32L4xx_HAL_Driver/Src/stm32l4xx_hal_pcd_ex.c ****   USB_OTG_GlobalTypeDef *USBx = hpcd->Instance;
 140              		.loc 1 127 0
 141 0002 0268     		ldr	r2, [r0]
 142              	.LVL14:
 128:Drivers/STM32L4xx_HAL_Driver/Src/stm32l4xx_hal_pcd_ex.c **** 
 129:Drivers/STM32L4xx_HAL_Driver/Src/stm32l4xx_hal_pcd_ex.c ****   hpcd->lpm_active = 1U;
 143              		.loc 1 129 0
 144 0004 0121     		movs	r1, #1
 145 0006 C0F8FC13 		str	r1, [r0, #1020]
 130:Drivers/STM32L4xx_HAL_Driver/Src/stm32l4xx_hal_pcd_ex.c ****   hpcd->LPM_State = LPM_L0;
 146              		.loc 1 130 0
 147 000a 0020     		movs	r0, #0
 148              	.LVL15:
 149 000c 83F8F403 		strb	r0, [r3, #1012]
 131:Drivers/STM32L4xx_HAL_Driver/Src/stm32l4xx_hal_pcd_ex.c ****   USBx->GINTMSK |= USB_OTG_GINTMSK_LPMINTM;
 150              		.loc 1 131 0
 151 0010 9369     		ldr	r3, [r2, #24]
 152              	.LVL16:
 153 0012 43F00063 		orr	r3, r3, #134217728
 154 0016 9361     		str	r3, [r2, #24]
 132:Drivers/STM32L4xx_HAL_Driver/Src/stm32l4xx_hal_pcd_ex.c ****   USBx->GLPMCFG |= (USB_OTG_GLPMCFG_LPMEN | USB_OTG_GLPMCFG_LPMACK | USB_OTG_GLPMCFG_ENBESL);
 155              		.loc 1 132 0
ARM GAS  /var/folders/k_/d4dbklhx7q1fs9lh20k9kt840000gn/T//ccwxI0py.s 			page 6


 156 0018 536D     		ldr	r3, [r2, #84]
 157 001a 43F08053 		orr	r3, r3, #268435456
 158 001e 43F00303 		orr	r3, r3, #3
 159 0022 5365     		str	r3, [r2, #84]
 133:Drivers/STM32L4xx_HAL_Driver/Src/stm32l4xx_hal_pcd_ex.c **** 
 134:Drivers/STM32L4xx_HAL_Driver/Src/stm32l4xx_hal_pcd_ex.c ****   return HAL_OK;
 135:Drivers/STM32L4xx_HAL_Driver/Src/stm32l4xx_hal_pcd_ex.c **** }
 160              		.loc 1 135 0
 161 0024 7047     		bx	lr
 162              		.cfi_endproc
 163              	.LFE132:
 165              		.section	.text.HAL_PCDEx_DeActivateLPM,"ax",%progbits
 166              		.align	1
 167              		.global	HAL_PCDEx_DeActivateLPM
 168              		.syntax unified
 169              		.thumb
 170              		.thumb_func
 171              		.fpu fpv4-sp-d16
 173              	HAL_PCDEx_DeActivateLPM:
 174              	.LFB133:
 136:Drivers/STM32L4xx_HAL_Driver/Src/stm32l4xx_hal_pcd_ex.c **** 
 137:Drivers/STM32L4xx_HAL_Driver/Src/stm32l4xx_hal_pcd_ex.c **** /**
 138:Drivers/STM32L4xx_HAL_Driver/Src/stm32l4xx_hal_pcd_ex.c ****   * @brief  Deactivate LPM feature.
 139:Drivers/STM32L4xx_HAL_Driver/Src/stm32l4xx_hal_pcd_ex.c ****   * @param  hpcd PCD handle
 140:Drivers/STM32L4xx_HAL_Driver/Src/stm32l4xx_hal_pcd_ex.c ****   * @retval HAL status
 141:Drivers/STM32L4xx_HAL_Driver/Src/stm32l4xx_hal_pcd_ex.c ****   */
 142:Drivers/STM32L4xx_HAL_Driver/Src/stm32l4xx_hal_pcd_ex.c **** HAL_StatusTypeDef HAL_PCDEx_DeActivateLPM(PCD_HandleTypeDef *hpcd)
 143:Drivers/STM32L4xx_HAL_Driver/Src/stm32l4xx_hal_pcd_ex.c **** {
 175              		.loc 1 143 0
 176              		.cfi_startproc
 177              		@ args = 0, pretend = 0, frame = 0
 178              		@ frame_needed = 0, uses_anonymous_args = 0
 179              		@ link register save eliminated.
 180              	.LVL17:
 144:Drivers/STM32L4xx_HAL_Driver/Src/stm32l4xx_hal_pcd_ex.c ****   USB_OTG_GlobalTypeDef *USBx = hpcd->Instance;
 181              		.loc 1 144 0
 182 0000 0268     		ldr	r2, [r0]
 183              	.LVL18:
 145:Drivers/STM32L4xx_HAL_Driver/Src/stm32l4xx_hal_pcd_ex.c **** 
 146:Drivers/STM32L4xx_HAL_Driver/Src/stm32l4xx_hal_pcd_ex.c ****   hpcd->lpm_active = 0U;
 184              		.loc 1 146 0
 185 0002 0021     		movs	r1, #0
 186 0004 C0F8FC13 		str	r1, [r0, #1020]
 147:Drivers/STM32L4xx_HAL_Driver/Src/stm32l4xx_hal_pcd_ex.c ****   USBx->GINTMSK &= ~USB_OTG_GINTMSK_LPMINTM;
 187              		.loc 1 147 0
 188 0008 9369     		ldr	r3, [r2, #24]
 189 000a 23F00063 		bic	r3, r3, #134217728
 190 000e 9361     		str	r3, [r2, #24]
 148:Drivers/STM32L4xx_HAL_Driver/Src/stm32l4xx_hal_pcd_ex.c ****   USBx->GLPMCFG &= ~(USB_OTG_GLPMCFG_LPMEN | USB_OTG_GLPMCFG_LPMACK | USB_OTG_GLPMCFG_ENBESL);
 191              		.loc 1 148 0
 192 0010 536D     		ldr	r3, [r2, #84]
 193 0012 23F08053 		bic	r3, r3, #268435456
 194 0016 23F00303 		bic	r3, r3, #3
 195 001a 5365     		str	r3, [r2, #84]
 149:Drivers/STM32L4xx_HAL_Driver/Src/stm32l4xx_hal_pcd_ex.c **** 
 150:Drivers/STM32L4xx_HAL_Driver/Src/stm32l4xx_hal_pcd_ex.c ****   return HAL_OK;
 151:Drivers/STM32L4xx_HAL_Driver/Src/stm32l4xx_hal_pcd_ex.c **** }
ARM GAS  /var/folders/k_/d4dbklhx7q1fs9lh20k9kt840000gn/T//ccwxI0py.s 			page 7


 196              		.loc 1 151 0
 197 001c 0846     		mov	r0, r1
 198              	.LVL19:
 199 001e 7047     		bx	lr
 200              		.cfi_endproc
 201              	.LFE133:
 203              		.section	.text.HAL_PCDEx_ActivateBCD,"ax",%progbits
 204              		.align	1
 205              		.global	HAL_PCDEx_ActivateBCD
 206              		.syntax unified
 207              		.thumb
 208              		.thumb_func
 209              		.fpu fpv4-sp-d16
 211              	HAL_PCDEx_ActivateBCD:
 212              	.LFB135:
 152:Drivers/STM32L4xx_HAL_Driver/Src/stm32l4xx_hal_pcd_ex.c **** 
 153:Drivers/STM32L4xx_HAL_Driver/Src/stm32l4xx_hal_pcd_ex.c **** 
 154:Drivers/STM32L4xx_HAL_Driver/Src/stm32l4xx_hal_pcd_ex.c **** /**
 155:Drivers/STM32L4xx_HAL_Driver/Src/stm32l4xx_hal_pcd_ex.c ****   * @brief  Handle BatteryCharging Process.
 156:Drivers/STM32L4xx_HAL_Driver/Src/stm32l4xx_hal_pcd_ex.c ****   * @param  hpcd PCD handle
 157:Drivers/STM32L4xx_HAL_Driver/Src/stm32l4xx_hal_pcd_ex.c ****   * @retval HAL status
 158:Drivers/STM32L4xx_HAL_Driver/Src/stm32l4xx_hal_pcd_ex.c ****   */
 159:Drivers/STM32L4xx_HAL_Driver/Src/stm32l4xx_hal_pcd_ex.c **** void HAL_PCDEx_BCD_VBUSDetect(PCD_HandleTypeDef *hpcd)
 160:Drivers/STM32L4xx_HAL_Driver/Src/stm32l4xx_hal_pcd_ex.c **** {
 161:Drivers/STM32L4xx_HAL_Driver/Src/stm32l4xx_hal_pcd_ex.c ****   USB_OTG_GlobalTypeDef *USBx = hpcd->Instance;
 162:Drivers/STM32L4xx_HAL_Driver/Src/stm32l4xx_hal_pcd_ex.c ****   uint32_t tickstart = HAL_GetTick();
 163:Drivers/STM32L4xx_HAL_Driver/Src/stm32l4xx_hal_pcd_ex.c **** 
 164:Drivers/STM32L4xx_HAL_Driver/Src/stm32l4xx_hal_pcd_ex.c ****   /* Enable DCD : Data Contact Detect */
 165:Drivers/STM32L4xx_HAL_Driver/Src/stm32l4xx_hal_pcd_ex.c ****   USBx->GCCFG |= USB_OTG_GCCFG_DCDEN;
 166:Drivers/STM32L4xx_HAL_Driver/Src/stm32l4xx_hal_pcd_ex.c **** 
 167:Drivers/STM32L4xx_HAL_Driver/Src/stm32l4xx_hal_pcd_ex.c ****   /* Wait Detect flag or a timeout is happen*/
 168:Drivers/STM32L4xx_HAL_Driver/Src/stm32l4xx_hal_pcd_ex.c ****   while ((USBx->GCCFG & USB_OTG_GCCFG_DCDET) == 0U)
 169:Drivers/STM32L4xx_HAL_Driver/Src/stm32l4xx_hal_pcd_ex.c ****   {
 170:Drivers/STM32L4xx_HAL_Driver/Src/stm32l4xx_hal_pcd_ex.c ****     /* Check for the Timeout */
 171:Drivers/STM32L4xx_HAL_Driver/Src/stm32l4xx_hal_pcd_ex.c ****     if ((HAL_GetTick() - tickstart) > 1000U)
 172:Drivers/STM32L4xx_HAL_Driver/Src/stm32l4xx_hal_pcd_ex.c ****     {
 173:Drivers/STM32L4xx_HAL_Driver/Src/stm32l4xx_hal_pcd_ex.c **** #if (USE_HAL_PCD_REGISTER_CALLBACKS == 1U)
 174:Drivers/STM32L4xx_HAL_Driver/Src/stm32l4xx_hal_pcd_ex.c ****       hpcd->BCDCallback(hpcd, PCD_BCD_ERROR);
 175:Drivers/STM32L4xx_HAL_Driver/Src/stm32l4xx_hal_pcd_ex.c **** #else
 176:Drivers/STM32L4xx_HAL_Driver/Src/stm32l4xx_hal_pcd_ex.c ****       HAL_PCDEx_BCD_Callback(hpcd, PCD_BCD_ERROR);
 177:Drivers/STM32L4xx_HAL_Driver/Src/stm32l4xx_hal_pcd_ex.c **** #endif /* USE_HAL_PCD_REGISTER_CALLBACKS */
 178:Drivers/STM32L4xx_HAL_Driver/Src/stm32l4xx_hal_pcd_ex.c **** 
 179:Drivers/STM32L4xx_HAL_Driver/Src/stm32l4xx_hal_pcd_ex.c ****       return;
 180:Drivers/STM32L4xx_HAL_Driver/Src/stm32l4xx_hal_pcd_ex.c ****     }
 181:Drivers/STM32L4xx_HAL_Driver/Src/stm32l4xx_hal_pcd_ex.c ****   }
 182:Drivers/STM32L4xx_HAL_Driver/Src/stm32l4xx_hal_pcd_ex.c **** 
 183:Drivers/STM32L4xx_HAL_Driver/Src/stm32l4xx_hal_pcd_ex.c ****   /* Right response got */
 184:Drivers/STM32L4xx_HAL_Driver/Src/stm32l4xx_hal_pcd_ex.c ****   HAL_Delay(200U);
 185:Drivers/STM32L4xx_HAL_Driver/Src/stm32l4xx_hal_pcd_ex.c **** 
 186:Drivers/STM32L4xx_HAL_Driver/Src/stm32l4xx_hal_pcd_ex.c ****   /* Check Detect flag*/
 187:Drivers/STM32L4xx_HAL_Driver/Src/stm32l4xx_hal_pcd_ex.c ****   if ((USBx->GCCFG & USB_OTG_GCCFG_DCDET) == USB_OTG_GCCFG_DCDET)
 188:Drivers/STM32L4xx_HAL_Driver/Src/stm32l4xx_hal_pcd_ex.c ****   {
 189:Drivers/STM32L4xx_HAL_Driver/Src/stm32l4xx_hal_pcd_ex.c **** #if (USE_HAL_PCD_REGISTER_CALLBACKS == 1U)
 190:Drivers/STM32L4xx_HAL_Driver/Src/stm32l4xx_hal_pcd_ex.c ****     hpcd->BCDCallback(hpcd, PCD_BCD_CONTACT_DETECTION);
 191:Drivers/STM32L4xx_HAL_Driver/Src/stm32l4xx_hal_pcd_ex.c **** #else
 192:Drivers/STM32L4xx_HAL_Driver/Src/stm32l4xx_hal_pcd_ex.c ****     HAL_PCDEx_BCD_Callback(hpcd, PCD_BCD_CONTACT_DETECTION);
 193:Drivers/STM32L4xx_HAL_Driver/Src/stm32l4xx_hal_pcd_ex.c **** #endif /* USE_HAL_PCD_REGISTER_CALLBACKS */
ARM GAS  /var/folders/k_/d4dbklhx7q1fs9lh20k9kt840000gn/T//ccwxI0py.s 			page 8


 194:Drivers/STM32L4xx_HAL_Driver/Src/stm32l4xx_hal_pcd_ex.c ****   }
 195:Drivers/STM32L4xx_HAL_Driver/Src/stm32l4xx_hal_pcd_ex.c **** 
 196:Drivers/STM32L4xx_HAL_Driver/Src/stm32l4xx_hal_pcd_ex.c ****   /*Primary detection: checks if connected to Standard Downstream Port
 197:Drivers/STM32L4xx_HAL_Driver/Src/stm32l4xx_hal_pcd_ex.c ****   (without charging capability) */
 198:Drivers/STM32L4xx_HAL_Driver/Src/stm32l4xx_hal_pcd_ex.c ****   USBx->GCCFG &= ~ USB_OTG_GCCFG_DCDEN;
 199:Drivers/STM32L4xx_HAL_Driver/Src/stm32l4xx_hal_pcd_ex.c ****   HAL_Delay(50U);
 200:Drivers/STM32L4xx_HAL_Driver/Src/stm32l4xx_hal_pcd_ex.c ****   USBx->GCCFG |=  USB_OTG_GCCFG_PDEN;
 201:Drivers/STM32L4xx_HAL_Driver/Src/stm32l4xx_hal_pcd_ex.c ****   HAL_Delay(50U);
 202:Drivers/STM32L4xx_HAL_Driver/Src/stm32l4xx_hal_pcd_ex.c **** 
 203:Drivers/STM32L4xx_HAL_Driver/Src/stm32l4xx_hal_pcd_ex.c ****   if ((USBx->GCCFG & USB_OTG_GCCFG_PDET) == 0U)
 204:Drivers/STM32L4xx_HAL_Driver/Src/stm32l4xx_hal_pcd_ex.c ****   {
 205:Drivers/STM32L4xx_HAL_Driver/Src/stm32l4xx_hal_pcd_ex.c ****     /* Case of Standard Downstream Port */
 206:Drivers/STM32L4xx_HAL_Driver/Src/stm32l4xx_hal_pcd_ex.c **** #if (USE_HAL_PCD_REGISTER_CALLBACKS == 1U)
 207:Drivers/STM32L4xx_HAL_Driver/Src/stm32l4xx_hal_pcd_ex.c ****     hpcd->BCDCallback(hpcd, PCD_BCD_STD_DOWNSTREAM_PORT);
 208:Drivers/STM32L4xx_HAL_Driver/Src/stm32l4xx_hal_pcd_ex.c **** #else
 209:Drivers/STM32L4xx_HAL_Driver/Src/stm32l4xx_hal_pcd_ex.c ****     HAL_PCDEx_BCD_Callback(hpcd, PCD_BCD_STD_DOWNSTREAM_PORT);
 210:Drivers/STM32L4xx_HAL_Driver/Src/stm32l4xx_hal_pcd_ex.c **** #endif /* USE_HAL_PCD_REGISTER_CALLBACKS */
 211:Drivers/STM32L4xx_HAL_Driver/Src/stm32l4xx_hal_pcd_ex.c ****   }
 212:Drivers/STM32L4xx_HAL_Driver/Src/stm32l4xx_hal_pcd_ex.c ****   else
 213:Drivers/STM32L4xx_HAL_Driver/Src/stm32l4xx_hal_pcd_ex.c ****   {
 214:Drivers/STM32L4xx_HAL_Driver/Src/stm32l4xx_hal_pcd_ex.c ****     /* start secondary detection to check connection to Charging Downstream
 215:Drivers/STM32L4xx_HAL_Driver/Src/stm32l4xx_hal_pcd_ex.c ****     Port or Dedicated Charging Port */
 216:Drivers/STM32L4xx_HAL_Driver/Src/stm32l4xx_hal_pcd_ex.c ****     USBx->GCCFG &= ~ USB_OTG_GCCFG_PDEN;
 217:Drivers/STM32L4xx_HAL_Driver/Src/stm32l4xx_hal_pcd_ex.c ****     HAL_Delay(50U);
 218:Drivers/STM32L4xx_HAL_Driver/Src/stm32l4xx_hal_pcd_ex.c ****     USBx->GCCFG |=  USB_OTG_GCCFG_SDEN;
 219:Drivers/STM32L4xx_HAL_Driver/Src/stm32l4xx_hal_pcd_ex.c ****     HAL_Delay(50U);
 220:Drivers/STM32L4xx_HAL_Driver/Src/stm32l4xx_hal_pcd_ex.c **** 
 221:Drivers/STM32L4xx_HAL_Driver/Src/stm32l4xx_hal_pcd_ex.c ****     if ((USBx->GCCFG & USB_OTG_GCCFG_SDET) == USB_OTG_GCCFG_SDET)
 222:Drivers/STM32L4xx_HAL_Driver/Src/stm32l4xx_hal_pcd_ex.c ****     {
 223:Drivers/STM32L4xx_HAL_Driver/Src/stm32l4xx_hal_pcd_ex.c ****       /* case Dedicated Charging Port  */
 224:Drivers/STM32L4xx_HAL_Driver/Src/stm32l4xx_hal_pcd_ex.c **** #if (USE_HAL_PCD_REGISTER_CALLBACKS == 1U)
 225:Drivers/STM32L4xx_HAL_Driver/Src/stm32l4xx_hal_pcd_ex.c ****       hpcd->BCDCallback(hpcd, PCD_BCD_DEDICATED_CHARGING_PORT);
 226:Drivers/STM32L4xx_HAL_Driver/Src/stm32l4xx_hal_pcd_ex.c **** #else
 227:Drivers/STM32L4xx_HAL_Driver/Src/stm32l4xx_hal_pcd_ex.c ****       HAL_PCDEx_BCD_Callback(hpcd, PCD_BCD_DEDICATED_CHARGING_PORT);
 228:Drivers/STM32L4xx_HAL_Driver/Src/stm32l4xx_hal_pcd_ex.c **** #endif /* USE_HAL_PCD_REGISTER_CALLBACKS */
 229:Drivers/STM32L4xx_HAL_Driver/Src/stm32l4xx_hal_pcd_ex.c ****     }
 230:Drivers/STM32L4xx_HAL_Driver/Src/stm32l4xx_hal_pcd_ex.c ****     else
 231:Drivers/STM32L4xx_HAL_Driver/Src/stm32l4xx_hal_pcd_ex.c ****     {
 232:Drivers/STM32L4xx_HAL_Driver/Src/stm32l4xx_hal_pcd_ex.c ****       /* case Charging Downstream Port  */
 233:Drivers/STM32L4xx_HAL_Driver/Src/stm32l4xx_hal_pcd_ex.c **** #if (USE_HAL_PCD_REGISTER_CALLBACKS == 1U)
 234:Drivers/STM32L4xx_HAL_Driver/Src/stm32l4xx_hal_pcd_ex.c ****       hpcd->BCDCallback(hpcd, PCD_BCD_CHARGING_DOWNSTREAM_PORT);
 235:Drivers/STM32L4xx_HAL_Driver/Src/stm32l4xx_hal_pcd_ex.c **** #else
 236:Drivers/STM32L4xx_HAL_Driver/Src/stm32l4xx_hal_pcd_ex.c ****       HAL_PCDEx_BCD_Callback(hpcd, PCD_BCD_CHARGING_DOWNSTREAM_PORT);
 237:Drivers/STM32L4xx_HAL_Driver/Src/stm32l4xx_hal_pcd_ex.c **** #endif /* USE_HAL_PCD_REGISTER_CALLBACKS */
 238:Drivers/STM32L4xx_HAL_Driver/Src/stm32l4xx_hal_pcd_ex.c ****     }
 239:Drivers/STM32L4xx_HAL_Driver/Src/stm32l4xx_hal_pcd_ex.c ****   }
 240:Drivers/STM32L4xx_HAL_Driver/Src/stm32l4xx_hal_pcd_ex.c **** 
 241:Drivers/STM32L4xx_HAL_Driver/Src/stm32l4xx_hal_pcd_ex.c ****   /* Battery Charging capability discovery finished */
 242:Drivers/STM32L4xx_HAL_Driver/Src/stm32l4xx_hal_pcd_ex.c ****   (void)HAL_PCDEx_DeActivateBCD(hpcd);
 243:Drivers/STM32L4xx_HAL_Driver/Src/stm32l4xx_hal_pcd_ex.c **** 
 244:Drivers/STM32L4xx_HAL_Driver/Src/stm32l4xx_hal_pcd_ex.c **** #if (USE_HAL_PCD_REGISTER_CALLBACKS == 1U)
 245:Drivers/STM32L4xx_HAL_Driver/Src/stm32l4xx_hal_pcd_ex.c ****   hpcd->BCDCallback(hpcd, PCD_BCD_DISCOVERY_COMPLETED);
 246:Drivers/STM32L4xx_HAL_Driver/Src/stm32l4xx_hal_pcd_ex.c **** #else
 247:Drivers/STM32L4xx_HAL_Driver/Src/stm32l4xx_hal_pcd_ex.c ****   HAL_PCDEx_BCD_Callback(hpcd, PCD_BCD_DISCOVERY_COMPLETED);
 248:Drivers/STM32L4xx_HAL_Driver/Src/stm32l4xx_hal_pcd_ex.c **** #endif /* USE_HAL_PCD_REGISTER_CALLBACKS */
 249:Drivers/STM32L4xx_HAL_Driver/Src/stm32l4xx_hal_pcd_ex.c **** }
 250:Drivers/STM32L4xx_HAL_Driver/Src/stm32l4xx_hal_pcd_ex.c **** 
ARM GAS  /var/folders/k_/d4dbklhx7q1fs9lh20k9kt840000gn/T//ccwxI0py.s 			page 9


 251:Drivers/STM32L4xx_HAL_Driver/Src/stm32l4xx_hal_pcd_ex.c **** /**
 252:Drivers/STM32L4xx_HAL_Driver/Src/stm32l4xx_hal_pcd_ex.c ****   * @brief  Activate BatteryCharging feature.
 253:Drivers/STM32L4xx_HAL_Driver/Src/stm32l4xx_hal_pcd_ex.c ****   * @param  hpcd PCD handle
 254:Drivers/STM32L4xx_HAL_Driver/Src/stm32l4xx_hal_pcd_ex.c ****   * @retval HAL status
 255:Drivers/STM32L4xx_HAL_Driver/Src/stm32l4xx_hal_pcd_ex.c ****   */
 256:Drivers/STM32L4xx_HAL_Driver/Src/stm32l4xx_hal_pcd_ex.c **** HAL_StatusTypeDef HAL_PCDEx_ActivateBCD(PCD_HandleTypeDef *hpcd)
 257:Drivers/STM32L4xx_HAL_Driver/Src/stm32l4xx_hal_pcd_ex.c **** {
 213              		.loc 1 257 0
 214              		.cfi_startproc
 215              		@ args = 0, pretend = 0, frame = 0
 216              		@ frame_needed = 0, uses_anonymous_args = 0
 217              		@ link register save eliminated.
 218              	.LVL20:
 258:Drivers/STM32L4xx_HAL_Driver/Src/stm32l4xx_hal_pcd_ex.c ****   USB_OTG_GlobalTypeDef *USBx = hpcd->Instance;
 219              		.loc 1 258 0
 220 0000 0368     		ldr	r3, [r0]
 221              	.LVL21:
 259:Drivers/STM32L4xx_HAL_Driver/Src/stm32l4xx_hal_pcd_ex.c **** 
 260:Drivers/STM32L4xx_HAL_Driver/Src/stm32l4xx_hal_pcd_ex.c ****   USBx->GCCFG &= ~(USB_OTG_GCCFG_PDEN);
 222              		.loc 1 260 0
 223 0002 9A6B     		ldr	r2, [r3, #56]
 224 0004 22F40022 		bic	r2, r2, #524288
 225 0008 9A63     		str	r2, [r3, #56]
 261:Drivers/STM32L4xx_HAL_Driver/Src/stm32l4xx_hal_pcd_ex.c ****   USBx->GCCFG &= ~(USB_OTG_GCCFG_SDEN);
 226              		.loc 1 261 0
 227 000a 9A6B     		ldr	r2, [r3, #56]
 228 000c 22F48012 		bic	r2, r2, #1048576
 229 0010 9A63     		str	r2, [r3, #56]
 262:Drivers/STM32L4xx_HAL_Driver/Src/stm32l4xx_hal_pcd_ex.c **** 
 263:Drivers/STM32L4xx_HAL_Driver/Src/stm32l4xx_hal_pcd_ex.c ****   /* Power Down USB tranceiver  */
 264:Drivers/STM32L4xx_HAL_Driver/Src/stm32l4xx_hal_pcd_ex.c ****   USBx->GCCFG &= ~(USB_OTG_GCCFG_PWRDWN);
 230              		.loc 1 264 0
 231 0012 9A6B     		ldr	r2, [r3, #56]
 232 0014 22F48032 		bic	r2, r2, #65536
 233 0018 9A63     		str	r2, [r3, #56]
 265:Drivers/STM32L4xx_HAL_Driver/Src/stm32l4xx_hal_pcd_ex.c **** 
 266:Drivers/STM32L4xx_HAL_Driver/Src/stm32l4xx_hal_pcd_ex.c ****   /* Enable Battery charging */
 267:Drivers/STM32L4xx_HAL_Driver/Src/stm32l4xx_hal_pcd_ex.c ****   USBx->GCCFG |= USB_OTG_GCCFG_BCDEN;
 234              		.loc 1 267 0
 235 001a 9A6B     		ldr	r2, [r3, #56]
 236 001c 42F40032 		orr	r2, r2, #131072
 237 0020 9A63     		str	r2, [r3, #56]
 268:Drivers/STM32L4xx_HAL_Driver/Src/stm32l4xx_hal_pcd_ex.c **** 
 269:Drivers/STM32L4xx_HAL_Driver/Src/stm32l4xx_hal_pcd_ex.c ****   hpcd->battery_charging_active = 1U;
 238              		.loc 1 269 0
 239 0022 0123     		movs	r3, #1
 240              	.LVL22:
 241 0024 C0F80034 		str	r3, [r0, #1024]
 270:Drivers/STM32L4xx_HAL_Driver/Src/stm32l4xx_hal_pcd_ex.c **** 
 271:Drivers/STM32L4xx_HAL_Driver/Src/stm32l4xx_hal_pcd_ex.c ****   return HAL_OK;
 272:Drivers/STM32L4xx_HAL_Driver/Src/stm32l4xx_hal_pcd_ex.c **** }
 242              		.loc 1 272 0
 243 0028 0020     		movs	r0, #0
 244              	.LVL23:
 245 002a 7047     		bx	lr
 246              		.cfi_endproc
 247              	.LFE135:
ARM GAS  /var/folders/k_/d4dbklhx7q1fs9lh20k9kt840000gn/T//ccwxI0py.s 			page 10


 249              		.section	.text.HAL_PCDEx_DeActivateBCD,"ax",%progbits
 250              		.align	1
 251              		.global	HAL_PCDEx_DeActivateBCD
 252              		.syntax unified
 253              		.thumb
 254              		.thumb_func
 255              		.fpu fpv4-sp-d16
 257              	HAL_PCDEx_DeActivateBCD:
 258              	.LFB136:
 273:Drivers/STM32L4xx_HAL_Driver/Src/stm32l4xx_hal_pcd_ex.c **** 
 274:Drivers/STM32L4xx_HAL_Driver/Src/stm32l4xx_hal_pcd_ex.c **** /**
 275:Drivers/STM32L4xx_HAL_Driver/Src/stm32l4xx_hal_pcd_ex.c ****   * @brief  Deactivate BatteryCharging feature.
 276:Drivers/STM32L4xx_HAL_Driver/Src/stm32l4xx_hal_pcd_ex.c ****   * @param  hpcd PCD handle
 277:Drivers/STM32L4xx_HAL_Driver/Src/stm32l4xx_hal_pcd_ex.c ****   * @retval HAL status
 278:Drivers/STM32L4xx_HAL_Driver/Src/stm32l4xx_hal_pcd_ex.c ****   */
 279:Drivers/STM32L4xx_HAL_Driver/Src/stm32l4xx_hal_pcd_ex.c **** HAL_StatusTypeDef HAL_PCDEx_DeActivateBCD(PCD_HandleTypeDef *hpcd)
 280:Drivers/STM32L4xx_HAL_Driver/Src/stm32l4xx_hal_pcd_ex.c **** {
 259              		.loc 1 280 0
 260              		.cfi_startproc
 261              		@ args = 0, pretend = 0, frame = 0
 262              		@ frame_needed = 0, uses_anonymous_args = 0
 263              		@ link register save eliminated.
 264              	.LVL24:
 281:Drivers/STM32L4xx_HAL_Driver/Src/stm32l4xx_hal_pcd_ex.c ****   USB_OTG_GlobalTypeDef *USBx = hpcd->Instance;
 265              		.loc 1 281 0
 266 0000 0368     		ldr	r3, [r0]
 267              	.LVL25:
 282:Drivers/STM32L4xx_HAL_Driver/Src/stm32l4xx_hal_pcd_ex.c **** 
 283:Drivers/STM32L4xx_HAL_Driver/Src/stm32l4xx_hal_pcd_ex.c ****   USBx->GCCFG &= ~(USB_OTG_GCCFG_SDEN);
 268              		.loc 1 283 0
 269 0002 9A6B     		ldr	r2, [r3, #56]
 270 0004 22F48012 		bic	r2, r2, #1048576
 271 0008 9A63     		str	r2, [r3, #56]
 284:Drivers/STM32L4xx_HAL_Driver/Src/stm32l4xx_hal_pcd_ex.c ****   USBx->GCCFG &= ~(USB_OTG_GCCFG_PDEN);
 272              		.loc 1 284 0
 273 000a 9A6B     		ldr	r2, [r3, #56]
 274 000c 22F40022 		bic	r2, r2, #524288
 275 0010 9A63     		str	r2, [r3, #56]
 285:Drivers/STM32L4xx_HAL_Driver/Src/stm32l4xx_hal_pcd_ex.c **** 
 286:Drivers/STM32L4xx_HAL_Driver/Src/stm32l4xx_hal_pcd_ex.c ****   /* Disable Battery charging */
 287:Drivers/STM32L4xx_HAL_Driver/Src/stm32l4xx_hal_pcd_ex.c ****   USBx->GCCFG &= ~(USB_OTG_GCCFG_BCDEN);
 276              		.loc 1 287 0
 277 0012 9A6B     		ldr	r2, [r3, #56]
 278 0014 22F40032 		bic	r2, r2, #131072
 279 0018 9A63     		str	r2, [r3, #56]
 288:Drivers/STM32L4xx_HAL_Driver/Src/stm32l4xx_hal_pcd_ex.c **** 
 289:Drivers/STM32L4xx_HAL_Driver/Src/stm32l4xx_hal_pcd_ex.c ****   hpcd->battery_charging_active = 0U;
 280              		.loc 1 289 0
 281 001a 0023     		movs	r3, #0
 282              	.LVL26:
 283 001c C0F80034 		str	r3, [r0, #1024]
 290:Drivers/STM32L4xx_HAL_Driver/Src/stm32l4xx_hal_pcd_ex.c **** 
 291:Drivers/STM32L4xx_HAL_Driver/Src/stm32l4xx_hal_pcd_ex.c ****   return HAL_OK;
 292:Drivers/STM32L4xx_HAL_Driver/Src/stm32l4xx_hal_pcd_ex.c **** }
 284              		.loc 1 292 0
 285 0020 1846     		mov	r0, r3
 286              	.LVL27:
ARM GAS  /var/folders/k_/d4dbklhx7q1fs9lh20k9kt840000gn/T//ccwxI0py.s 			page 11


 287 0022 7047     		bx	lr
 288              		.cfi_endproc
 289              	.LFE136:
 291              		.section	.text.HAL_PCDEx_LPM_Callback,"ax",%progbits
 292              		.align	1
 293              		.weak	HAL_PCDEx_LPM_Callback
 294              		.syntax unified
 295              		.thumb
 296              		.thumb_func
 297              		.fpu fpv4-sp-d16
 299              	HAL_PCDEx_LPM_Callback:
 300              	.LFB137:
 293:Drivers/STM32L4xx_HAL_Driver/Src/stm32l4xx_hal_pcd_ex.c **** 
 294:Drivers/STM32L4xx_HAL_Driver/Src/stm32l4xx_hal_pcd_ex.c **** #endif /* defined (USB_OTG_FS) */
 295:Drivers/STM32L4xx_HAL_Driver/Src/stm32l4xx_hal_pcd_ex.c **** #if defined (USB)
 296:Drivers/STM32L4xx_HAL_Driver/Src/stm32l4xx_hal_pcd_ex.c **** /**
 297:Drivers/STM32L4xx_HAL_Driver/Src/stm32l4xx_hal_pcd_ex.c ****   * @brief  Configure PMA for EP
 298:Drivers/STM32L4xx_HAL_Driver/Src/stm32l4xx_hal_pcd_ex.c ****   * @param  hpcd  Device instance
 299:Drivers/STM32L4xx_HAL_Driver/Src/stm32l4xx_hal_pcd_ex.c ****   * @param  ep_addr endpoint address
 300:Drivers/STM32L4xx_HAL_Driver/Src/stm32l4xx_hal_pcd_ex.c ****   * @param  ep_kind endpoint Kind
 301:Drivers/STM32L4xx_HAL_Driver/Src/stm32l4xx_hal_pcd_ex.c ****   *                  USB_SNG_BUF: Single Buffer used
 302:Drivers/STM32L4xx_HAL_Driver/Src/stm32l4xx_hal_pcd_ex.c ****   *                  USB_DBL_BUF: Double Buffer used
 303:Drivers/STM32L4xx_HAL_Driver/Src/stm32l4xx_hal_pcd_ex.c ****   * @param  pmaadress: EP address in The PMA: In case of single buffer endpoint
 304:Drivers/STM32L4xx_HAL_Driver/Src/stm32l4xx_hal_pcd_ex.c ****   *                   this parameter is 16-bit value providing the address
 305:Drivers/STM32L4xx_HAL_Driver/Src/stm32l4xx_hal_pcd_ex.c ****   *                   in PMA allocated to endpoint.
 306:Drivers/STM32L4xx_HAL_Driver/Src/stm32l4xx_hal_pcd_ex.c ****   *                   In case of double buffer endpoint this parameter
 307:Drivers/STM32L4xx_HAL_Driver/Src/stm32l4xx_hal_pcd_ex.c ****   *                   is a 32-bit value providing the endpoint buffer 0 address
 308:Drivers/STM32L4xx_HAL_Driver/Src/stm32l4xx_hal_pcd_ex.c ****   *                   in the LSB part of 32-bit value and endpoint buffer 1 address
 309:Drivers/STM32L4xx_HAL_Driver/Src/stm32l4xx_hal_pcd_ex.c ****   *                   in the MSB part of 32-bit value.
 310:Drivers/STM32L4xx_HAL_Driver/Src/stm32l4xx_hal_pcd_ex.c ****   * @retval HAL status
 311:Drivers/STM32L4xx_HAL_Driver/Src/stm32l4xx_hal_pcd_ex.c ****   */
 312:Drivers/STM32L4xx_HAL_Driver/Src/stm32l4xx_hal_pcd_ex.c **** 
 313:Drivers/STM32L4xx_HAL_Driver/Src/stm32l4xx_hal_pcd_ex.c **** HAL_StatusTypeDef  HAL_PCDEx_PMAConfig(PCD_HandleTypeDef *hpcd,
 314:Drivers/STM32L4xx_HAL_Driver/Src/stm32l4xx_hal_pcd_ex.c ****                                        uint16_t ep_addr,
 315:Drivers/STM32L4xx_HAL_Driver/Src/stm32l4xx_hal_pcd_ex.c ****                                        uint16_t ep_kind,
 316:Drivers/STM32L4xx_HAL_Driver/Src/stm32l4xx_hal_pcd_ex.c ****                                        uint32_t pmaadress)
 317:Drivers/STM32L4xx_HAL_Driver/Src/stm32l4xx_hal_pcd_ex.c **** {
 318:Drivers/STM32L4xx_HAL_Driver/Src/stm32l4xx_hal_pcd_ex.c ****   PCD_EPTypeDef *ep;
 319:Drivers/STM32L4xx_HAL_Driver/Src/stm32l4xx_hal_pcd_ex.c **** 
 320:Drivers/STM32L4xx_HAL_Driver/Src/stm32l4xx_hal_pcd_ex.c ****   /* initialize ep structure*/
 321:Drivers/STM32L4xx_HAL_Driver/Src/stm32l4xx_hal_pcd_ex.c ****   if ((0x80U & ep_addr) == 0x80U)
 322:Drivers/STM32L4xx_HAL_Driver/Src/stm32l4xx_hal_pcd_ex.c ****   {
 323:Drivers/STM32L4xx_HAL_Driver/Src/stm32l4xx_hal_pcd_ex.c ****     ep = &hpcd->IN_ep[ep_addr & EP_ADDR_MSK];
 324:Drivers/STM32L4xx_HAL_Driver/Src/stm32l4xx_hal_pcd_ex.c ****   }
 325:Drivers/STM32L4xx_HAL_Driver/Src/stm32l4xx_hal_pcd_ex.c ****   else
 326:Drivers/STM32L4xx_HAL_Driver/Src/stm32l4xx_hal_pcd_ex.c ****   {
 327:Drivers/STM32L4xx_HAL_Driver/Src/stm32l4xx_hal_pcd_ex.c ****     ep = &hpcd->OUT_ep[ep_addr];
 328:Drivers/STM32L4xx_HAL_Driver/Src/stm32l4xx_hal_pcd_ex.c ****   }
 329:Drivers/STM32L4xx_HAL_Driver/Src/stm32l4xx_hal_pcd_ex.c **** 
 330:Drivers/STM32L4xx_HAL_Driver/Src/stm32l4xx_hal_pcd_ex.c ****   /* Here we check if the endpoint is single or double Buffer*/
 331:Drivers/STM32L4xx_HAL_Driver/Src/stm32l4xx_hal_pcd_ex.c ****   if (ep_kind == PCD_SNG_BUF)
 332:Drivers/STM32L4xx_HAL_Driver/Src/stm32l4xx_hal_pcd_ex.c ****   {
 333:Drivers/STM32L4xx_HAL_Driver/Src/stm32l4xx_hal_pcd_ex.c ****     /* Single Buffer */
 334:Drivers/STM32L4xx_HAL_Driver/Src/stm32l4xx_hal_pcd_ex.c ****     ep->doublebuffer = 0U;
 335:Drivers/STM32L4xx_HAL_Driver/Src/stm32l4xx_hal_pcd_ex.c ****     /* Configure the PMA */
 336:Drivers/STM32L4xx_HAL_Driver/Src/stm32l4xx_hal_pcd_ex.c ****     ep->pmaadress = (uint16_t)pmaadress;
 337:Drivers/STM32L4xx_HAL_Driver/Src/stm32l4xx_hal_pcd_ex.c ****   }
ARM GAS  /var/folders/k_/d4dbklhx7q1fs9lh20k9kt840000gn/T//ccwxI0py.s 			page 12


 338:Drivers/STM32L4xx_HAL_Driver/Src/stm32l4xx_hal_pcd_ex.c ****   else /* USB_DBL_BUF */
 339:Drivers/STM32L4xx_HAL_Driver/Src/stm32l4xx_hal_pcd_ex.c ****   {
 340:Drivers/STM32L4xx_HAL_Driver/Src/stm32l4xx_hal_pcd_ex.c ****     /* Double Buffer Endpoint */
 341:Drivers/STM32L4xx_HAL_Driver/Src/stm32l4xx_hal_pcd_ex.c ****     ep->doublebuffer = 1U;
 342:Drivers/STM32L4xx_HAL_Driver/Src/stm32l4xx_hal_pcd_ex.c ****     /* Configure the PMA */
 343:Drivers/STM32L4xx_HAL_Driver/Src/stm32l4xx_hal_pcd_ex.c ****     ep->pmaaddr0 = (uint16_t)(pmaadress & 0xFFFFU);
 344:Drivers/STM32L4xx_HAL_Driver/Src/stm32l4xx_hal_pcd_ex.c ****     ep->pmaaddr1 = (uint16_t)((pmaadress & 0xFFFF0000U) >> 16);
 345:Drivers/STM32L4xx_HAL_Driver/Src/stm32l4xx_hal_pcd_ex.c ****   }
 346:Drivers/STM32L4xx_HAL_Driver/Src/stm32l4xx_hal_pcd_ex.c **** 
 347:Drivers/STM32L4xx_HAL_Driver/Src/stm32l4xx_hal_pcd_ex.c ****   return HAL_OK;
 348:Drivers/STM32L4xx_HAL_Driver/Src/stm32l4xx_hal_pcd_ex.c **** }
 349:Drivers/STM32L4xx_HAL_Driver/Src/stm32l4xx_hal_pcd_ex.c **** 
 350:Drivers/STM32L4xx_HAL_Driver/Src/stm32l4xx_hal_pcd_ex.c **** /**
 351:Drivers/STM32L4xx_HAL_Driver/Src/stm32l4xx_hal_pcd_ex.c ****   * @brief  Activate BatteryCharging feature.
 352:Drivers/STM32L4xx_HAL_Driver/Src/stm32l4xx_hal_pcd_ex.c ****   * @param  hpcd PCD handle
 353:Drivers/STM32L4xx_HAL_Driver/Src/stm32l4xx_hal_pcd_ex.c ****   * @retval HAL status
 354:Drivers/STM32L4xx_HAL_Driver/Src/stm32l4xx_hal_pcd_ex.c ****   */
 355:Drivers/STM32L4xx_HAL_Driver/Src/stm32l4xx_hal_pcd_ex.c **** HAL_StatusTypeDef HAL_PCDEx_ActivateBCD(PCD_HandleTypeDef *hpcd)
 356:Drivers/STM32L4xx_HAL_Driver/Src/stm32l4xx_hal_pcd_ex.c **** {
 357:Drivers/STM32L4xx_HAL_Driver/Src/stm32l4xx_hal_pcd_ex.c ****   USB_TypeDef *USBx = hpcd->Instance;
 358:Drivers/STM32L4xx_HAL_Driver/Src/stm32l4xx_hal_pcd_ex.c ****   hpcd->battery_charging_active = 1U;
 359:Drivers/STM32L4xx_HAL_Driver/Src/stm32l4xx_hal_pcd_ex.c **** 
 360:Drivers/STM32L4xx_HAL_Driver/Src/stm32l4xx_hal_pcd_ex.c ****   /* Enable BCD feature */
 361:Drivers/STM32L4xx_HAL_Driver/Src/stm32l4xx_hal_pcd_ex.c ****   USBx->BCDR |= USB_BCDR_BCDEN;
 362:Drivers/STM32L4xx_HAL_Driver/Src/stm32l4xx_hal_pcd_ex.c **** 
 363:Drivers/STM32L4xx_HAL_Driver/Src/stm32l4xx_hal_pcd_ex.c ****   /* Enable DCD : Data Contact Detect */
 364:Drivers/STM32L4xx_HAL_Driver/Src/stm32l4xx_hal_pcd_ex.c ****   USBx->BCDR &= ~(USB_BCDR_PDEN);
 365:Drivers/STM32L4xx_HAL_Driver/Src/stm32l4xx_hal_pcd_ex.c ****   USBx->BCDR &= ~(USB_BCDR_SDEN);
 366:Drivers/STM32L4xx_HAL_Driver/Src/stm32l4xx_hal_pcd_ex.c ****   USBx->BCDR |= USB_BCDR_DCDEN;
 367:Drivers/STM32L4xx_HAL_Driver/Src/stm32l4xx_hal_pcd_ex.c **** 
 368:Drivers/STM32L4xx_HAL_Driver/Src/stm32l4xx_hal_pcd_ex.c ****   return HAL_OK;
 369:Drivers/STM32L4xx_HAL_Driver/Src/stm32l4xx_hal_pcd_ex.c **** }
 370:Drivers/STM32L4xx_HAL_Driver/Src/stm32l4xx_hal_pcd_ex.c **** 
 371:Drivers/STM32L4xx_HAL_Driver/Src/stm32l4xx_hal_pcd_ex.c **** /**
 372:Drivers/STM32L4xx_HAL_Driver/Src/stm32l4xx_hal_pcd_ex.c ****   * @brief  Deactivate BatteryCharging feature.
 373:Drivers/STM32L4xx_HAL_Driver/Src/stm32l4xx_hal_pcd_ex.c ****   * @param  hpcd PCD handle
 374:Drivers/STM32L4xx_HAL_Driver/Src/stm32l4xx_hal_pcd_ex.c ****   * @retval HAL status
 375:Drivers/STM32L4xx_HAL_Driver/Src/stm32l4xx_hal_pcd_ex.c ****   */
 376:Drivers/STM32L4xx_HAL_Driver/Src/stm32l4xx_hal_pcd_ex.c **** HAL_StatusTypeDef HAL_PCDEx_DeActivateBCD(PCD_HandleTypeDef *hpcd)
 377:Drivers/STM32L4xx_HAL_Driver/Src/stm32l4xx_hal_pcd_ex.c **** {
 378:Drivers/STM32L4xx_HAL_Driver/Src/stm32l4xx_hal_pcd_ex.c ****   USB_TypeDef *USBx = hpcd->Instance;
 379:Drivers/STM32L4xx_HAL_Driver/Src/stm32l4xx_hal_pcd_ex.c ****   hpcd->battery_charging_active = 0U;
 380:Drivers/STM32L4xx_HAL_Driver/Src/stm32l4xx_hal_pcd_ex.c **** 
 381:Drivers/STM32L4xx_HAL_Driver/Src/stm32l4xx_hal_pcd_ex.c ****   /* Disable BCD feature */
 382:Drivers/STM32L4xx_HAL_Driver/Src/stm32l4xx_hal_pcd_ex.c ****   USBx->BCDR &= ~(USB_BCDR_BCDEN);
 383:Drivers/STM32L4xx_HAL_Driver/Src/stm32l4xx_hal_pcd_ex.c **** 
 384:Drivers/STM32L4xx_HAL_Driver/Src/stm32l4xx_hal_pcd_ex.c ****   return HAL_OK;
 385:Drivers/STM32L4xx_HAL_Driver/Src/stm32l4xx_hal_pcd_ex.c **** }
 386:Drivers/STM32L4xx_HAL_Driver/Src/stm32l4xx_hal_pcd_ex.c **** 
 387:Drivers/STM32L4xx_HAL_Driver/Src/stm32l4xx_hal_pcd_ex.c **** /**
 388:Drivers/STM32L4xx_HAL_Driver/Src/stm32l4xx_hal_pcd_ex.c ****   * @brief  Handle BatteryCharging Process.
 389:Drivers/STM32L4xx_HAL_Driver/Src/stm32l4xx_hal_pcd_ex.c ****   * @param  hpcd PCD handle
 390:Drivers/STM32L4xx_HAL_Driver/Src/stm32l4xx_hal_pcd_ex.c ****   * @retval HAL status
 391:Drivers/STM32L4xx_HAL_Driver/Src/stm32l4xx_hal_pcd_ex.c ****   */
 392:Drivers/STM32L4xx_HAL_Driver/Src/stm32l4xx_hal_pcd_ex.c **** void HAL_PCDEx_BCD_VBUSDetect(PCD_HandleTypeDef *hpcd)
 393:Drivers/STM32L4xx_HAL_Driver/Src/stm32l4xx_hal_pcd_ex.c **** {
 394:Drivers/STM32L4xx_HAL_Driver/Src/stm32l4xx_hal_pcd_ex.c ****   USB_TypeDef *USBx = hpcd->Instance;
ARM GAS  /var/folders/k_/d4dbklhx7q1fs9lh20k9kt840000gn/T//ccwxI0py.s 			page 13


 395:Drivers/STM32L4xx_HAL_Driver/Src/stm32l4xx_hal_pcd_ex.c ****   uint32_t tickstart = HAL_GetTick();
 396:Drivers/STM32L4xx_HAL_Driver/Src/stm32l4xx_hal_pcd_ex.c **** 
 397:Drivers/STM32L4xx_HAL_Driver/Src/stm32l4xx_hal_pcd_ex.c ****   /* Wait Detect flag or a timeout is happen*/
 398:Drivers/STM32L4xx_HAL_Driver/Src/stm32l4xx_hal_pcd_ex.c ****   while ((USBx->BCDR & USB_BCDR_DCDET) == 0U)
 399:Drivers/STM32L4xx_HAL_Driver/Src/stm32l4xx_hal_pcd_ex.c ****   {
 400:Drivers/STM32L4xx_HAL_Driver/Src/stm32l4xx_hal_pcd_ex.c ****     /* Check for the Timeout */
 401:Drivers/STM32L4xx_HAL_Driver/Src/stm32l4xx_hal_pcd_ex.c ****     if ((HAL_GetTick() - tickstart) > 1000U)
 402:Drivers/STM32L4xx_HAL_Driver/Src/stm32l4xx_hal_pcd_ex.c ****     {
 403:Drivers/STM32L4xx_HAL_Driver/Src/stm32l4xx_hal_pcd_ex.c **** #if (USE_HAL_PCD_REGISTER_CALLBACKS == 1U)
 404:Drivers/STM32L4xx_HAL_Driver/Src/stm32l4xx_hal_pcd_ex.c ****       hpcd->BCDCallback(hpcd, PCD_BCD_ERROR);
 405:Drivers/STM32L4xx_HAL_Driver/Src/stm32l4xx_hal_pcd_ex.c **** #else
 406:Drivers/STM32L4xx_HAL_Driver/Src/stm32l4xx_hal_pcd_ex.c ****       HAL_PCDEx_BCD_Callback(hpcd, PCD_BCD_ERROR);
 407:Drivers/STM32L4xx_HAL_Driver/Src/stm32l4xx_hal_pcd_ex.c **** #endif /* USE_HAL_PCD_REGISTER_CALLBACKS */
 408:Drivers/STM32L4xx_HAL_Driver/Src/stm32l4xx_hal_pcd_ex.c **** 
 409:Drivers/STM32L4xx_HAL_Driver/Src/stm32l4xx_hal_pcd_ex.c ****       return;
 410:Drivers/STM32L4xx_HAL_Driver/Src/stm32l4xx_hal_pcd_ex.c ****     }
 411:Drivers/STM32L4xx_HAL_Driver/Src/stm32l4xx_hal_pcd_ex.c ****   }
 412:Drivers/STM32L4xx_HAL_Driver/Src/stm32l4xx_hal_pcd_ex.c **** 
 413:Drivers/STM32L4xx_HAL_Driver/Src/stm32l4xx_hal_pcd_ex.c ****   HAL_Delay(200U);
 414:Drivers/STM32L4xx_HAL_Driver/Src/stm32l4xx_hal_pcd_ex.c **** 
 415:Drivers/STM32L4xx_HAL_Driver/Src/stm32l4xx_hal_pcd_ex.c ****   /* Data Pin Contact ? Check Detect flag */
 416:Drivers/STM32L4xx_HAL_Driver/Src/stm32l4xx_hal_pcd_ex.c ****   if ((USBx->BCDR & USB_BCDR_DCDET) == USB_BCDR_DCDET)
 417:Drivers/STM32L4xx_HAL_Driver/Src/stm32l4xx_hal_pcd_ex.c ****   {
 418:Drivers/STM32L4xx_HAL_Driver/Src/stm32l4xx_hal_pcd_ex.c **** #if (USE_HAL_PCD_REGISTER_CALLBACKS == 1U)
 419:Drivers/STM32L4xx_HAL_Driver/Src/stm32l4xx_hal_pcd_ex.c ****     hpcd->BCDCallback(hpcd, PCD_BCD_CONTACT_DETECTION);
 420:Drivers/STM32L4xx_HAL_Driver/Src/stm32l4xx_hal_pcd_ex.c **** #else
 421:Drivers/STM32L4xx_HAL_Driver/Src/stm32l4xx_hal_pcd_ex.c ****     HAL_PCDEx_BCD_Callback(hpcd, PCD_BCD_CONTACT_DETECTION);
 422:Drivers/STM32L4xx_HAL_Driver/Src/stm32l4xx_hal_pcd_ex.c **** #endif /* USE_HAL_PCD_REGISTER_CALLBACKS */
 423:Drivers/STM32L4xx_HAL_Driver/Src/stm32l4xx_hal_pcd_ex.c ****   }
 424:Drivers/STM32L4xx_HAL_Driver/Src/stm32l4xx_hal_pcd_ex.c ****   /* Primary detection: checks if connected to Standard Downstream Port
 425:Drivers/STM32L4xx_HAL_Driver/Src/stm32l4xx_hal_pcd_ex.c ****   (without charging capability) */
 426:Drivers/STM32L4xx_HAL_Driver/Src/stm32l4xx_hal_pcd_ex.c ****   USBx->BCDR &= ~(USB_BCDR_DCDEN);
 427:Drivers/STM32L4xx_HAL_Driver/Src/stm32l4xx_hal_pcd_ex.c ****   HAL_Delay(50U);
 428:Drivers/STM32L4xx_HAL_Driver/Src/stm32l4xx_hal_pcd_ex.c ****   USBx->BCDR |= (USB_BCDR_PDEN);
 429:Drivers/STM32L4xx_HAL_Driver/Src/stm32l4xx_hal_pcd_ex.c ****   HAL_Delay(50U);
 430:Drivers/STM32L4xx_HAL_Driver/Src/stm32l4xx_hal_pcd_ex.c **** 
 431:Drivers/STM32L4xx_HAL_Driver/Src/stm32l4xx_hal_pcd_ex.c ****   /* If Charger detect ? */
 432:Drivers/STM32L4xx_HAL_Driver/Src/stm32l4xx_hal_pcd_ex.c ****   if ((USBx->BCDR & USB_BCDR_PDET) == USB_BCDR_PDET)
 433:Drivers/STM32L4xx_HAL_Driver/Src/stm32l4xx_hal_pcd_ex.c ****   {
 434:Drivers/STM32L4xx_HAL_Driver/Src/stm32l4xx_hal_pcd_ex.c ****     /* Start secondary detection to check connection to Charging Downstream
 435:Drivers/STM32L4xx_HAL_Driver/Src/stm32l4xx_hal_pcd_ex.c ****     Port or Dedicated Charging Port */
 436:Drivers/STM32L4xx_HAL_Driver/Src/stm32l4xx_hal_pcd_ex.c ****     USBx->BCDR &= ~(USB_BCDR_PDEN);
 437:Drivers/STM32L4xx_HAL_Driver/Src/stm32l4xx_hal_pcd_ex.c ****     HAL_Delay(50U);
 438:Drivers/STM32L4xx_HAL_Driver/Src/stm32l4xx_hal_pcd_ex.c ****     USBx->BCDR |= (USB_BCDR_SDEN);
 439:Drivers/STM32L4xx_HAL_Driver/Src/stm32l4xx_hal_pcd_ex.c ****     HAL_Delay(50U);
 440:Drivers/STM32L4xx_HAL_Driver/Src/stm32l4xx_hal_pcd_ex.c **** 
 441:Drivers/STM32L4xx_HAL_Driver/Src/stm32l4xx_hal_pcd_ex.c ****     /* If CDP ? */
 442:Drivers/STM32L4xx_HAL_Driver/Src/stm32l4xx_hal_pcd_ex.c ****     if ((USBx->BCDR & USB_BCDR_SDET) == USB_BCDR_SDET)
 443:Drivers/STM32L4xx_HAL_Driver/Src/stm32l4xx_hal_pcd_ex.c ****     {
 444:Drivers/STM32L4xx_HAL_Driver/Src/stm32l4xx_hal_pcd_ex.c ****       /* Dedicated Downstream Port DCP */
 445:Drivers/STM32L4xx_HAL_Driver/Src/stm32l4xx_hal_pcd_ex.c **** #if (USE_HAL_PCD_REGISTER_CALLBACKS == 1U)
 446:Drivers/STM32L4xx_HAL_Driver/Src/stm32l4xx_hal_pcd_ex.c ****       hpcd->BCDCallback(hpcd, PCD_BCD_DEDICATED_CHARGING_PORT);
 447:Drivers/STM32L4xx_HAL_Driver/Src/stm32l4xx_hal_pcd_ex.c **** #else
 448:Drivers/STM32L4xx_HAL_Driver/Src/stm32l4xx_hal_pcd_ex.c ****       HAL_PCDEx_BCD_Callback(hpcd, PCD_BCD_DEDICATED_CHARGING_PORT);
 449:Drivers/STM32L4xx_HAL_Driver/Src/stm32l4xx_hal_pcd_ex.c **** #endif /* USE_HAL_PCD_REGISTER_CALLBACKS */
 450:Drivers/STM32L4xx_HAL_Driver/Src/stm32l4xx_hal_pcd_ex.c ****     }
 451:Drivers/STM32L4xx_HAL_Driver/Src/stm32l4xx_hal_pcd_ex.c ****     else
ARM GAS  /var/folders/k_/d4dbklhx7q1fs9lh20k9kt840000gn/T//ccwxI0py.s 			page 14


 452:Drivers/STM32L4xx_HAL_Driver/Src/stm32l4xx_hal_pcd_ex.c ****     {
 453:Drivers/STM32L4xx_HAL_Driver/Src/stm32l4xx_hal_pcd_ex.c ****       /* Charging Downstream Port CDP */
 454:Drivers/STM32L4xx_HAL_Driver/Src/stm32l4xx_hal_pcd_ex.c **** #if (USE_HAL_PCD_REGISTER_CALLBACKS == 1U)
 455:Drivers/STM32L4xx_HAL_Driver/Src/stm32l4xx_hal_pcd_ex.c ****       hpcd->BCDCallback(hpcd, PCD_BCD_CHARGING_DOWNSTREAM_PORT);
 456:Drivers/STM32L4xx_HAL_Driver/Src/stm32l4xx_hal_pcd_ex.c **** #else
 457:Drivers/STM32L4xx_HAL_Driver/Src/stm32l4xx_hal_pcd_ex.c ****       HAL_PCDEx_BCD_Callback(hpcd, PCD_BCD_CHARGING_DOWNSTREAM_PORT);
 458:Drivers/STM32L4xx_HAL_Driver/Src/stm32l4xx_hal_pcd_ex.c **** #endif /* USE_HAL_PCD_REGISTER_CALLBACKS */
 459:Drivers/STM32L4xx_HAL_Driver/Src/stm32l4xx_hal_pcd_ex.c ****     }
 460:Drivers/STM32L4xx_HAL_Driver/Src/stm32l4xx_hal_pcd_ex.c ****   }
 461:Drivers/STM32L4xx_HAL_Driver/Src/stm32l4xx_hal_pcd_ex.c ****   else /* NO */
 462:Drivers/STM32L4xx_HAL_Driver/Src/stm32l4xx_hal_pcd_ex.c ****   {
 463:Drivers/STM32L4xx_HAL_Driver/Src/stm32l4xx_hal_pcd_ex.c ****     /* Standard Downstream Port */
 464:Drivers/STM32L4xx_HAL_Driver/Src/stm32l4xx_hal_pcd_ex.c **** #if (USE_HAL_PCD_REGISTER_CALLBACKS == 1U)
 465:Drivers/STM32L4xx_HAL_Driver/Src/stm32l4xx_hal_pcd_ex.c ****     hpcd->BCDCallback(hpcd, PCD_BCD_STD_DOWNSTREAM_PORT);
 466:Drivers/STM32L4xx_HAL_Driver/Src/stm32l4xx_hal_pcd_ex.c **** #else
 467:Drivers/STM32L4xx_HAL_Driver/Src/stm32l4xx_hal_pcd_ex.c ****     HAL_PCDEx_BCD_Callback(hpcd, PCD_BCD_STD_DOWNSTREAM_PORT);
 468:Drivers/STM32L4xx_HAL_Driver/Src/stm32l4xx_hal_pcd_ex.c **** #endif /* USE_HAL_PCD_REGISTER_CALLBACKS */
 469:Drivers/STM32L4xx_HAL_Driver/Src/stm32l4xx_hal_pcd_ex.c ****   }
 470:Drivers/STM32L4xx_HAL_Driver/Src/stm32l4xx_hal_pcd_ex.c **** 
 471:Drivers/STM32L4xx_HAL_Driver/Src/stm32l4xx_hal_pcd_ex.c ****   /* Battery Charging capability discovery finished Start Enumeration */
 472:Drivers/STM32L4xx_HAL_Driver/Src/stm32l4xx_hal_pcd_ex.c ****   (void)HAL_PCDEx_DeActivateBCD(hpcd);
 473:Drivers/STM32L4xx_HAL_Driver/Src/stm32l4xx_hal_pcd_ex.c **** #if (USE_HAL_PCD_REGISTER_CALLBACKS == 1U)
 474:Drivers/STM32L4xx_HAL_Driver/Src/stm32l4xx_hal_pcd_ex.c ****   hpcd->BCDCallback(hpcd, PCD_BCD_DISCOVERY_COMPLETED);
 475:Drivers/STM32L4xx_HAL_Driver/Src/stm32l4xx_hal_pcd_ex.c **** #else
 476:Drivers/STM32L4xx_HAL_Driver/Src/stm32l4xx_hal_pcd_ex.c ****   HAL_PCDEx_BCD_Callback(hpcd, PCD_BCD_DISCOVERY_COMPLETED);
 477:Drivers/STM32L4xx_HAL_Driver/Src/stm32l4xx_hal_pcd_ex.c **** #endif /* USE_HAL_PCD_REGISTER_CALLBACKS */
 478:Drivers/STM32L4xx_HAL_Driver/Src/stm32l4xx_hal_pcd_ex.c **** }
 479:Drivers/STM32L4xx_HAL_Driver/Src/stm32l4xx_hal_pcd_ex.c **** 
 480:Drivers/STM32L4xx_HAL_Driver/Src/stm32l4xx_hal_pcd_ex.c **** 
 481:Drivers/STM32L4xx_HAL_Driver/Src/stm32l4xx_hal_pcd_ex.c **** /**
 482:Drivers/STM32L4xx_HAL_Driver/Src/stm32l4xx_hal_pcd_ex.c ****   * @brief  Activate LPM feature.
 483:Drivers/STM32L4xx_HAL_Driver/Src/stm32l4xx_hal_pcd_ex.c ****   * @param  hpcd PCD handle
 484:Drivers/STM32L4xx_HAL_Driver/Src/stm32l4xx_hal_pcd_ex.c ****   * @retval HAL status
 485:Drivers/STM32L4xx_HAL_Driver/Src/stm32l4xx_hal_pcd_ex.c ****   */
 486:Drivers/STM32L4xx_HAL_Driver/Src/stm32l4xx_hal_pcd_ex.c **** HAL_StatusTypeDef HAL_PCDEx_ActivateLPM(PCD_HandleTypeDef *hpcd)
 487:Drivers/STM32L4xx_HAL_Driver/Src/stm32l4xx_hal_pcd_ex.c **** {
 488:Drivers/STM32L4xx_HAL_Driver/Src/stm32l4xx_hal_pcd_ex.c **** 
 489:Drivers/STM32L4xx_HAL_Driver/Src/stm32l4xx_hal_pcd_ex.c ****   USB_TypeDef *USBx = hpcd->Instance;
 490:Drivers/STM32L4xx_HAL_Driver/Src/stm32l4xx_hal_pcd_ex.c ****   hpcd->lpm_active = 1U;
 491:Drivers/STM32L4xx_HAL_Driver/Src/stm32l4xx_hal_pcd_ex.c ****   hpcd->LPM_State = LPM_L0;
 492:Drivers/STM32L4xx_HAL_Driver/Src/stm32l4xx_hal_pcd_ex.c **** 
 493:Drivers/STM32L4xx_HAL_Driver/Src/stm32l4xx_hal_pcd_ex.c ****   USBx->LPMCSR |= USB_LPMCSR_LMPEN;
 494:Drivers/STM32L4xx_HAL_Driver/Src/stm32l4xx_hal_pcd_ex.c ****   USBx->LPMCSR |= USB_LPMCSR_LPMACK;
 495:Drivers/STM32L4xx_HAL_Driver/Src/stm32l4xx_hal_pcd_ex.c **** 
 496:Drivers/STM32L4xx_HAL_Driver/Src/stm32l4xx_hal_pcd_ex.c ****   return HAL_OK;
 497:Drivers/STM32L4xx_HAL_Driver/Src/stm32l4xx_hal_pcd_ex.c **** }
 498:Drivers/STM32L4xx_HAL_Driver/Src/stm32l4xx_hal_pcd_ex.c **** 
 499:Drivers/STM32L4xx_HAL_Driver/Src/stm32l4xx_hal_pcd_ex.c **** /**
 500:Drivers/STM32L4xx_HAL_Driver/Src/stm32l4xx_hal_pcd_ex.c ****   * @brief  Deactivate LPM feature.
 501:Drivers/STM32L4xx_HAL_Driver/Src/stm32l4xx_hal_pcd_ex.c ****   * @param  hpcd PCD handle
 502:Drivers/STM32L4xx_HAL_Driver/Src/stm32l4xx_hal_pcd_ex.c ****   * @retval HAL status
 503:Drivers/STM32L4xx_HAL_Driver/Src/stm32l4xx_hal_pcd_ex.c ****   */
 504:Drivers/STM32L4xx_HAL_Driver/Src/stm32l4xx_hal_pcd_ex.c **** HAL_StatusTypeDef HAL_PCDEx_DeActivateLPM(PCD_HandleTypeDef *hpcd)
 505:Drivers/STM32L4xx_HAL_Driver/Src/stm32l4xx_hal_pcd_ex.c **** {
 506:Drivers/STM32L4xx_HAL_Driver/Src/stm32l4xx_hal_pcd_ex.c ****   USB_TypeDef *USBx = hpcd->Instance;
 507:Drivers/STM32L4xx_HAL_Driver/Src/stm32l4xx_hal_pcd_ex.c **** 
 508:Drivers/STM32L4xx_HAL_Driver/Src/stm32l4xx_hal_pcd_ex.c ****   hpcd->lpm_active = 0U;
ARM GAS  /var/folders/k_/d4dbklhx7q1fs9lh20k9kt840000gn/T//ccwxI0py.s 			page 15


 509:Drivers/STM32L4xx_HAL_Driver/Src/stm32l4xx_hal_pcd_ex.c **** 
 510:Drivers/STM32L4xx_HAL_Driver/Src/stm32l4xx_hal_pcd_ex.c ****   USBx->LPMCSR &= ~(USB_LPMCSR_LMPEN);
 511:Drivers/STM32L4xx_HAL_Driver/Src/stm32l4xx_hal_pcd_ex.c ****   USBx->LPMCSR &= ~(USB_LPMCSR_LPMACK);
 512:Drivers/STM32L4xx_HAL_Driver/Src/stm32l4xx_hal_pcd_ex.c **** 
 513:Drivers/STM32L4xx_HAL_Driver/Src/stm32l4xx_hal_pcd_ex.c ****   return HAL_OK;
 514:Drivers/STM32L4xx_HAL_Driver/Src/stm32l4xx_hal_pcd_ex.c **** }
 515:Drivers/STM32L4xx_HAL_Driver/Src/stm32l4xx_hal_pcd_ex.c **** 
 516:Drivers/STM32L4xx_HAL_Driver/Src/stm32l4xx_hal_pcd_ex.c **** #endif /* defined (USB) */
 517:Drivers/STM32L4xx_HAL_Driver/Src/stm32l4xx_hal_pcd_ex.c **** 
 518:Drivers/STM32L4xx_HAL_Driver/Src/stm32l4xx_hal_pcd_ex.c **** /**
 519:Drivers/STM32L4xx_HAL_Driver/Src/stm32l4xx_hal_pcd_ex.c ****   * @brief  Send LPM message to user layer callback.
 520:Drivers/STM32L4xx_HAL_Driver/Src/stm32l4xx_hal_pcd_ex.c ****   * @param  hpcd PCD handle
 521:Drivers/STM32L4xx_HAL_Driver/Src/stm32l4xx_hal_pcd_ex.c ****   * @param  msg LPM message
 522:Drivers/STM32L4xx_HAL_Driver/Src/stm32l4xx_hal_pcd_ex.c ****   * @retval HAL status
 523:Drivers/STM32L4xx_HAL_Driver/Src/stm32l4xx_hal_pcd_ex.c ****   */
 524:Drivers/STM32L4xx_HAL_Driver/Src/stm32l4xx_hal_pcd_ex.c **** __weak void HAL_PCDEx_LPM_Callback(PCD_HandleTypeDef *hpcd, PCD_LPM_MsgTypeDef msg)
 525:Drivers/STM32L4xx_HAL_Driver/Src/stm32l4xx_hal_pcd_ex.c **** {
 301              		.loc 1 525 0
 302              		.cfi_startproc
 303              		@ args = 0, pretend = 0, frame = 0
 304              		@ frame_needed = 0, uses_anonymous_args = 0
 305              		@ link register save eliminated.
 306              	.LVL28:
 526:Drivers/STM32L4xx_HAL_Driver/Src/stm32l4xx_hal_pcd_ex.c ****   /* Prevent unused argument(s) compilation warning */
 527:Drivers/STM32L4xx_HAL_Driver/Src/stm32l4xx_hal_pcd_ex.c ****   UNUSED(hpcd);
 528:Drivers/STM32L4xx_HAL_Driver/Src/stm32l4xx_hal_pcd_ex.c ****   UNUSED(msg);
 529:Drivers/STM32L4xx_HAL_Driver/Src/stm32l4xx_hal_pcd_ex.c **** 
 530:Drivers/STM32L4xx_HAL_Driver/Src/stm32l4xx_hal_pcd_ex.c ****   /* NOTE : This function should not be modified, when the callback is needed,
 531:Drivers/STM32L4xx_HAL_Driver/Src/stm32l4xx_hal_pcd_ex.c ****             the HAL_PCDEx_LPM_Callback could be implemented in the user file
 532:Drivers/STM32L4xx_HAL_Driver/Src/stm32l4xx_hal_pcd_ex.c ****    */
 533:Drivers/STM32L4xx_HAL_Driver/Src/stm32l4xx_hal_pcd_ex.c **** }
 307              		.loc 1 533 0
 308 0000 7047     		bx	lr
 309              		.cfi_endproc
 310              	.LFE137:
 312              		.section	.text.HAL_PCDEx_BCD_Callback,"ax",%progbits
 313              		.align	1
 314              		.weak	HAL_PCDEx_BCD_Callback
 315              		.syntax unified
 316              		.thumb
 317              		.thumb_func
 318              		.fpu fpv4-sp-d16
 320              	HAL_PCDEx_BCD_Callback:
 321              	.LFB138:
 534:Drivers/STM32L4xx_HAL_Driver/Src/stm32l4xx_hal_pcd_ex.c **** 
 535:Drivers/STM32L4xx_HAL_Driver/Src/stm32l4xx_hal_pcd_ex.c **** /**
 536:Drivers/STM32L4xx_HAL_Driver/Src/stm32l4xx_hal_pcd_ex.c ****   * @brief  Send BatteryCharging message to user layer callback.
 537:Drivers/STM32L4xx_HAL_Driver/Src/stm32l4xx_hal_pcd_ex.c ****   * @param  hpcd PCD handle
 538:Drivers/STM32L4xx_HAL_Driver/Src/stm32l4xx_hal_pcd_ex.c ****   * @param  msg LPM message
 539:Drivers/STM32L4xx_HAL_Driver/Src/stm32l4xx_hal_pcd_ex.c ****   * @retval HAL status
 540:Drivers/STM32L4xx_HAL_Driver/Src/stm32l4xx_hal_pcd_ex.c ****   */
 541:Drivers/STM32L4xx_HAL_Driver/Src/stm32l4xx_hal_pcd_ex.c **** __weak void HAL_PCDEx_BCD_Callback(PCD_HandleTypeDef *hpcd, PCD_BCD_MsgTypeDef msg)
 542:Drivers/STM32L4xx_HAL_Driver/Src/stm32l4xx_hal_pcd_ex.c **** {
 322              		.loc 1 542 0
 323              		.cfi_startproc
 324              		@ args = 0, pretend = 0, frame = 0
 325              		@ frame_needed = 0, uses_anonymous_args = 0
ARM GAS  /var/folders/k_/d4dbklhx7q1fs9lh20k9kt840000gn/T//ccwxI0py.s 			page 16


 326              		@ link register save eliminated.
 327              	.LVL29:
 543:Drivers/STM32L4xx_HAL_Driver/Src/stm32l4xx_hal_pcd_ex.c ****   /* Prevent unused argument(s) compilation warning */
 544:Drivers/STM32L4xx_HAL_Driver/Src/stm32l4xx_hal_pcd_ex.c ****   UNUSED(hpcd);
 545:Drivers/STM32L4xx_HAL_Driver/Src/stm32l4xx_hal_pcd_ex.c ****   UNUSED(msg);
 546:Drivers/STM32L4xx_HAL_Driver/Src/stm32l4xx_hal_pcd_ex.c **** 
 547:Drivers/STM32L4xx_HAL_Driver/Src/stm32l4xx_hal_pcd_ex.c ****   /* NOTE : This function should not be modified, when the callback is needed,
 548:Drivers/STM32L4xx_HAL_Driver/Src/stm32l4xx_hal_pcd_ex.c ****             the HAL_PCDEx_BCD_Callback could be implemented in the user file
 549:Drivers/STM32L4xx_HAL_Driver/Src/stm32l4xx_hal_pcd_ex.c ****    */
 550:Drivers/STM32L4xx_HAL_Driver/Src/stm32l4xx_hal_pcd_ex.c **** }
 328              		.loc 1 550 0
 329 0000 7047     		bx	lr
 330              		.cfi_endproc
 331              	.LFE138:
 333              		.section	.text.HAL_PCDEx_BCD_VBUSDetect,"ax",%progbits
 334              		.align	1
 335              		.global	HAL_PCDEx_BCD_VBUSDetect
 336              		.syntax unified
 337              		.thumb
 338              		.thumb_func
 339              		.fpu fpv4-sp-d16
 341              	HAL_PCDEx_BCD_VBUSDetect:
 342              	.LFB134:
 160:Drivers/STM32L4xx_HAL_Driver/Src/stm32l4xx_hal_pcd_ex.c ****   USB_OTG_GlobalTypeDef *USBx = hpcd->Instance;
 343              		.loc 1 160 0
 344              		.cfi_startproc
 345              		@ args = 0, pretend = 0, frame = 0
 346              		@ frame_needed = 0, uses_anonymous_args = 0
 347              	.LVL30:
 348 0000 70B5     		push	{r4, r5, r6, lr}
 349              	.LCFI2:
 350              		.cfi_def_cfa_offset 16
 351              		.cfi_offset 4, -16
 352              		.cfi_offset 5, -12
 353              		.cfi_offset 6, -8
 354              		.cfi_offset 14, -4
 355 0002 0646     		mov	r6, r0
 161:Drivers/STM32L4xx_HAL_Driver/Src/stm32l4xx_hal_pcd_ex.c ****   uint32_t tickstart = HAL_GetTick();
 356              		.loc 1 161 0
 357 0004 0468     		ldr	r4, [r0]
 358              	.LVL31:
 162:Drivers/STM32L4xx_HAL_Driver/Src/stm32l4xx_hal_pcd_ex.c **** 
 359              		.loc 1 162 0
 360 0006 FFF7FEFF 		bl	HAL_GetTick
 361              	.LVL32:
 362 000a 0546     		mov	r5, r0
 363              	.LVL33:
 165:Drivers/STM32L4xx_HAL_Driver/Src/stm32l4xx_hal_pcd_ex.c **** 
 364              		.loc 1 165 0
 365 000c A36B     		ldr	r3, [r4, #56]
 366 000e 43F48023 		orr	r3, r3, #262144
 367 0012 A363     		str	r3, [r4, #56]
 368              	.LVL34:
 369              	.L16:
 168:Drivers/STM32L4xx_HAL_Driver/Src/stm32l4xx_hal_pcd_ex.c ****   {
 370              		.loc 1 168 0
 371 0014 A36B     		ldr	r3, [r4, #56]
ARM GAS  /var/folders/k_/d4dbklhx7q1fs9lh20k9kt840000gn/T//ccwxI0py.s 			page 17


 372 0016 13F0010F 		tst	r3, #1
 373 001a 0AD1     		bne	.L24
 171:Drivers/STM32L4xx_HAL_Driver/Src/stm32l4xx_hal_pcd_ex.c ****     {
 374              		.loc 1 171 0
 375 001c FFF7FEFF 		bl	HAL_GetTick
 376              	.LVL35:
 377 0020 401B     		subs	r0, r0, r5
 378 0022 B0F57A7F 		cmp	r0, #1000
 379 0026 F5D9     		bls	.L16
 176:Drivers/STM32L4xx_HAL_Driver/Src/stm32l4xx_hal_pcd_ex.c **** #endif /* USE_HAL_PCD_REGISTER_CALLBACKS */
 380              		.loc 1 176 0
 381 0028 FF21     		movs	r1, #255
 382 002a 3046     		mov	r0, r6
 383 002c FFF7FEFF 		bl	HAL_PCDEx_BCD_Callback
 384              	.LVL36:
 179:Drivers/STM32L4xx_HAL_Driver/Src/stm32l4xx_hal_pcd_ex.c ****     }
 385              		.loc 1 179 0
 386 0030 23E0     		b	.L15
 387              	.L24:
 184:Drivers/STM32L4xx_HAL_Driver/Src/stm32l4xx_hal_pcd_ex.c **** 
 388              		.loc 1 184 0
 389 0032 C820     		movs	r0, #200
 390 0034 FFF7FEFF 		bl	HAL_Delay
 391              	.LVL37:
 187:Drivers/STM32L4xx_HAL_Driver/Src/stm32l4xx_hal_pcd_ex.c ****   {
 392              		.loc 1 187 0
 393 0038 A36B     		ldr	r3, [r4, #56]
 394 003a 13F0010F 		tst	r3, #1
 395 003e 1DD1     		bne	.L25
 396              	.L19:
 198:Drivers/STM32L4xx_HAL_Driver/Src/stm32l4xx_hal_pcd_ex.c ****   HAL_Delay(50U);
 397              		.loc 1 198 0
 398 0040 A36B     		ldr	r3, [r4, #56]
 399 0042 23F48023 		bic	r3, r3, #262144
 400 0046 A363     		str	r3, [r4, #56]
 199:Drivers/STM32L4xx_HAL_Driver/Src/stm32l4xx_hal_pcd_ex.c ****   USBx->GCCFG |=  USB_OTG_GCCFG_PDEN;
 401              		.loc 1 199 0
 402 0048 3220     		movs	r0, #50
 403 004a FFF7FEFF 		bl	HAL_Delay
 404              	.LVL38:
 200:Drivers/STM32L4xx_HAL_Driver/Src/stm32l4xx_hal_pcd_ex.c ****   HAL_Delay(50U);
 405              		.loc 1 200 0
 406 004e A36B     		ldr	r3, [r4, #56]
 407 0050 43F40023 		orr	r3, r3, #524288
 408 0054 A363     		str	r3, [r4, #56]
 201:Drivers/STM32L4xx_HAL_Driver/Src/stm32l4xx_hal_pcd_ex.c **** 
 409              		.loc 1 201 0
 410 0056 3220     		movs	r0, #50
 411 0058 FFF7FEFF 		bl	HAL_Delay
 412              	.LVL39:
 203:Drivers/STM32L4xx_HAL_Driver/Src/stm32l4xx_hal_pcd_ex.c ****   {
 413              		.loc 1 203 0
 414 005c A36B     		ldr	r3, [r4, #56]
 415 005e 13F0020F 		tst	r3, #2
 416 0062 10D1     		bne	.L20
 209:Drivers/STM32L4xx_HAL_Driver/Src/stm32l4xx_hal_pcd_ex.c **** #endif /* USE_HAL_PCD_REGISTER_CALLBACKS */
 417              		.loc 1 209 0
ARM GAS  /var/folders/k_/d4dbklhx7q1fs9lh20k9kt840000gn/T//ccwxI0py.s 			page 18


 418 0064 FD21     		movs	r1, #253
 419 0066 3046     		mov	r0, r6
 420 0068 FFF7FEFF 		bl	HAL_PCDEx_BCD_Callback
 421              	.LVL40:
 422              	.L21:
 242:Drivers/STM32L4xx_HAL_Driver/Src/stm32l4xx_hal_pcd_ex.c **** 
 423              		.loc 1 242 0
 424 006c 3046     		mov	r0, r6
 425 006e FFF7FEFF 		bl	HAL_PCDEx_DeActivateBCD
 426              	.LVL41:
 247:Drivers/STM32L4xx_HAL_Driver/Src/stm32l4xx_hal_pcd_ex.c **** #endif /* USE_HAL_PCD_REGISTER_CALLBACKS */
 427              		.loc 1 247 0
 428 0072 0021     		movs	r1, #0
 429 0074 3046     		mov	r0, r6
 430 0076 FFF7FEFF 		bl	HAL_PCDEx_BCD_Callback
 431              	.LVL42:
 432              	.L15:
 249:Drivers/STM32L4xx_HAL_Driver/Src/stm32l4xx_hal_pcd_ex.c **** 
 433              		.loc 1 249 0
 434 007a 70BD     		pop	{r4, r5, r6, pc}
 435              	.LVL43:
 436              	.L25:
 192:Drivers/STM32L4xx_HAL_Driver/Src/stm32l4xx_hal_pcd_ex.c **** #endif /* USE_HAL_PCD_REGISTER_CALLBACKS */
 437              		.loc 1 192 0
 438 007c FE21     		movs	r1, #254
 439 007e 3046     		mov	r0, r6
 440 0080 FFF7FEFF 		bl	HAL_PCDEx_BCD_Callback
 441              	.LVL44:
 442 0084 DCE7     		b	.L19
 443              	.L20:
 216:Drivers/STM32L4xx_HAL_Driver/Src/stm32l4xx_hal_pcd_ex.c ****     HAL_Delay(50U);
 444              		.loc 1 216 0
 445 0086 A36B     		ldr	r3, [r4, #56]
 446 0088 23F40023 		bic	r3, r3, #524288
 447 008c A363     		str	r3, [r4, #56]
 217:Drivers/STM32L4xx_HAL_Driver/Src/stm32l4xx_hal_pcd_ex.c ****     USBx->GCCFG |=  USB_OTG_GCCFG_SDEN;
 448              		.loc 1 217 0
 449 008e 3220     		movs	r0, #50
 450 0090 FFF7FEFF 		bl	HAL_Delay
 451              	.LVL45:
 218:Drivers/STM32L4xx_HAL_Driver/Src/stm32l4xx_hal_pcd_ex.c ****     HAL_Delay(50U);
 452              		.loc 1 218 0
 453 0094 A36B     		ldr	r3, [r4, #56]
 454 0096 43F48013 		orr	r3, r3, #1048576
 455 009a A363     		str	r3, [r4, #56]
 219:Drivers/STM32L4xx_HAL_Driver/Src/stm32l4xx_hal_pcd_ex.c **** 
 456              		.loc 1 219 0
 457 009c 3220     		movs	r0, #50
 458 009e FFF7FEFF 		bl	HAL_Delay
 459              	.LVL46:
 221:Drivers/STM32L4xx_HAL_Driver/Src/stm32l4xx_hal_pcd_ex.c ****     {
 460              		.loc 1 221 0
 461 00a2 A36B     		ldr	r3, [r4, #56]
 462 00a4 13F0040F 		tst	r3, #4
 463 00a8 04D0     		beq	.L22
 227:Drivers/STM32L4xx_HAL_Driver/Src/stm32l4xx_hal_pcd_ex.c **** #endif /* USE_HAL_PCD_REGISTER_CALLBACKS */
 464              		.loc 1 227 0
ARM GAS  /var/folders/k_/d4dbklhx7q1fs9lh20k9kt840000gn/T//ccwxI0py.s 			page 19


 465 00aa FB21     		movs	r1, #251
 466 00ac 3046     		mov	r0, r6
 467 00ae FFF7FEFF 		bl	HAL_PCDEx_BCD_Callback
 468              	.LVL47:
 469 00b2 DBE7     		b	.L21
 470              	.L22:
 236:Drivers/STM32L4xx_HAL_Driver/Src/stm32l4xx_hal_pcd_ex.c **** #endif /* USE_HAL_PCD_REGISTER_CALLBACKS */
 471              		.loc 1 236 0
 472 00b4 FC21     		movs	r1, #252
 473 00b6 3046     		mov	r0, r6
 474 00b8 FFF7FEFF 		bl	HAL_PCDEx_BCD_Callback
 475              	.LVL48:
 476 00bc D6E7     		b	.L21
 477              		.cfi_endproc
 478              	.LFE134:
 480              		.text
 481              	.Letext0:
 482              		.file 2 "/usr/local/Cellar/gcc-arm-none-eabi/20180627/arm-none-eabi/include/machine/_default_types
 483              		.file 3 "/usr/local/Cellar/gcc-arm-none-eabi/20180627/arm-none-eabi/include/sys/_stdint.h"
 484              		.file 4 "Drivers/CMSIS/Include/core_cm4.h"
 485              		.file 5 "Drivers/CMSIS/Device/ST/STM32L4xx/Include/system_stm32l4xx.h"
 486              		.file 6 "Drivers/CMSIS/Device/ST/STM32L4xx/Include/stm32l476xx.h"
 487              		.file 7 "Drivers/STM32L4xx_HAL_Driver/Inc/stm32l4xx_hal_def.h"
 488              		.file 8 "Drivers/STM32L4xx_HAL_Driver/Inc/stm32l4xx_hal_flash.h"
 489              		.file 9 "Drivers/STM32L4xx_HAL_Driver/Inc/stm32l4xx_ll_usb.h"
 490              		.file 10 "Drivers/STM32L4xx_HAL_Driver/Inc/stm32l4xx_hal_pcd.h"
 491              		.file 11 "Drivers/STM32L4xx_HAL_Driver/Inc/stm32l4xx_hal.h"
ARM GAS  /var/folders/k_/d4dbklhx7q1fs9lh20k9kt840000gn/T//ccwxI0py.s 			page 20


DEFINED SYMBOLS
                            *ABS*:0000000000000000 stm32l4xx_hal_pcd_ex.c
/var/folders/k_/d4dbklhx7q1fs9lh20k9kt840000gn/T//ccwxI0py.s:18     .text.HAL_PCDEx_SetTxFiFo:0000000000000000 $t
/var/folders/k_/d4dbklhx7q1fs9lh20k9kt840000gn/T//ccwxI0py.s:25     .text.HAL_PCDEx_SetTxFiFo:0000000000000000 HAL_PCDEx_SetTxFiFo
/var/folders/k_/d4dbklhx7q1fs9lh20k9kt840000gn/T//ccwxI0py.s:98     .text.HAL_PCDEx_SetRxFiFo:0000000000000000 $t
/var/folders/k_/d4dbklhx7q1fs9lh20k9kt840000gn/T//ccwxI0py.s:105    .text.HAL_PCDEx_SetRxFiFo:0000000000000000 HAL_PCDEx_SetRxFiFo
/var/folders/k_/d4dbklhx7q1fs9lh20k9kt840000gn/T//ccwxI0py.s:124    .text.HAL_PCDEx_ActivateLPM:0000000000000000 $t
/var/folders/k_/d4dbklhx7q1fs9lh20k9kt840000gn/T//ccwxI0py.s:131    .text.HAL_PCDEx_ActivateLPM:0000000000000000 HAL_PCDEx_ActivateLPM
/var/folders/k_/d4dbklhx7q1fs9lh20k9kt840000gn/T//ccwxI0py.s:166    .text.HAL_PCDEx_DeActivateLPM:0000000000000000 $t
/var/folders/k_/d4dbklhx7q1fs9lh20k9kt840000gn/T//ccwxI0py.s:173    .text.HAL_PCDEx_DeActivateLPM:0000000000000000 HAL_PCDEx_DeActivateLPM
/var/folders/k_/d4dbklhx7q1fs9lh20k9kt840000gn/T//ccwxI0py.s:204    .text.HAL_PCDEx_ActivateBCD:0000000000000000 $t
/var/folders/k_/d4dbklhx7q1fs9lh20k9kt840000gn/T//ccwxI0py.s:211    .text.HAL_PCDEx_ActivateBCD:0000000000000000 HAL_PCDEx_ActivateBCD
/var/folders/k_/d4dbklhx7q1fs9lh20k9kt840000gn/T//ccwxI0py.s:250    .text.HAL_PCDEx_DeActivateBCD:0000000000000000 $t
/var/folders/k_/d4dbklhx7q1fs9lh20k9kt840000gn/T//ccwxI0py.s:257    .text.HAL_PCDEx_DeActivateBCD:0000000000000000 HAL_PCDEx_DeActivateBCD
/var/folders/k_/d4dbklhx7q1fs9lh20k9kt840000gn/T//ccwxI0py.s:292    .text.HAL_PCDEx_LPM_Callback:0000000000000000 $t
/var/folders/k_/d4dbklhx7q1fs9lh20k9kt840000gn/T//ccwxI0py.s:299    .text.HAL_PCDEx_LPM_Callback:0000000000000000 HAL_PCDEx_LPM_Callback
/var/folders/k_/d4dbklhx7q1fs9lh20k9kt840000gn/T//ccwxI0py.s:313    .text.HAL_PCDEx_BCD_Callback:0000000000000000 $t
/var/folders/k_/d4dbklhx7q1fs9lh20k9kt840000gn/T//ccwxI0py.s:320    .text.HAL_PCDEx_BCD_Callback:0000000000000000 HAL_PCDEx_BCD_Callback
/var/folders/k_/d4dbklhx7q1fs9lh20k9kt840000gn/T//ccwxI0py.s:334    .text.HAL_PCDEx_BCD_VBUSDetect:0000000000000000 $t
/var/folders/k_/d4dbklhx7q1fs9lh20k9kt840000gn/T//ccwxI0py.s:341    .text.HAL_PCDEx_BCD_VBUSDetect:0000000000000000 HAL_PCDEx_BCD_VBUSDetect

UNDEFINED SYMBOLS
HAL_GetTick
HAL_Delay
