ARM GAS  /var/folders/k_/d4dbklhx7q1fs9lh20k9kt840000gn/T//ccR3oRdf.s 			page 1


   1              		.cpu cortex-m4
   2              		.eabi_attribute 27, 1
   3              		.eabi_attribute 28, 1
   4              		.eabi_attribute 20, 1
   5              		.eabi_attribute 21, 1
   6              		.eabi_attribute 23, 3
   7              		.eabi_attribute 24, 1
   8              		.eabi_attribute 25, 1
   9              		.eabi_attribute 26, 1
  10              		.eabi_attribute 30, 1
  11              		.eabi_attribute 34, 1
  12              		.eabi_attribute 18, 4
  13              		.file	"usb_device.c"
  14              		.text
  15              	.Ltext0:
  16              		.cfi_sections	.debug_frame
  17              		.section	.text.MX_USB_DEVICE_Init,"ax",%progbits
  18              		.align	1
  19              		.global	MX_USB_DEVICE_Init
  20              		.syntax unified
  21              		.thumb
  22              		.thumb_func
  23              		.fpu fpv4-sp-d16
  25              	MX_USB_DEVICE_Init:
  26              	.LFB133:
  27              		.file 1 "Src/usb_device.c"
   1:Src/usb_device.c **** /* USER CODE BEGIN Header */
   2:Src/usb_device.c **** /**
   3:Src/usb_device.c ****   ******************************************************************************
   4:Src/usb_device.c ****   * @file           : usb_device.c
   5:Src/usb_device.c ****   * @version        : v2.0_Cube
   6:Src/usb_device.c ****   * @brief          : This file implements the USB Device
   7:Src/usb_device.c ****   ******************************************************************************
   8:Src/usb_device.c ****   * @attention
   9:Src/usb_device.c ****   *
  10:Src/usb_device.c ****   * <h2><center>&copy; Copyright (c) 2020 STMicroelectronics.
  11:Src/usb_device.c ****   * All rights reserved.</center></h2>
  12:Src/usb_device.c ****   *
  13:Src/usb_device.c ****   * This software component is licensed by ST under Ultimate Liberty license
  14:Src/usb_device.c ****   * SLA0044, the "License"; You may not use this file except in compliance with
  15:Src/usb_device.c ****   * the License. You may obtain a copy of the License at:
  16:Src/usb_device.c ****   *                             www.st.com/SLA0044
  17:Src/usb_device.c ****   *
  18:Src/usb_device.c ****   ******************************************************************************
  19:Src/usb_device.c ****   */
  20:Src/usb_device.c **** /* USER CODE END Header */
  21:Src/usb_device.c **** 
  22:Src/usb_device.c **** /* Includes ------------------------------------------------------------------*/
  23:Src/usb_device.c **** 
  24:Src/usb_device.c **** #include "usb_device.h"
  25:Src/usb_device.c **** #include "usbd_core.h"
  26:Src/usb_device.c **** #include "usbd_desc.h"
  27:Src/usb_device.c **** #include "usbd_cdc.h"
  28:Src/usb_device.c **** #include "usbd_cdc_if.h"
  29:Src/usb_device.c **** 
  30:Src/usb_device.c **** /* USER CODE BEGIN Includes */
  31:Src/usb_device.c **** 
ARM GAS  /var/folders/k_/d4dbklhx7q1fs9lh20k9kt840000gn/T//ccR3oRdf.s 			page 2


  32:Src/usb_device.c **** /* USER CODE END Includes */
  33:Src/usb_device.c **** 
  34:Src/usb_device.c **** /* USER CODE BEGIN PV */
  35:Src/usb_device.c **** /* Private variables ---------------------------------------------------------*/
  36:Src/usb_device.c **** 
  37:Src/usb_device.c **** /* USER CODE END PV */
  38:Src/usb_device.c **** 
  39:Src/usb_device.c **** /* USER CODE BEGIN PFP */
  40:Src/usb_device.c **** /* Private function prototypes -----------------------------------------------*/
  41:Src/usb_device.c **** 
  42:Src/usb_device.c **** /* USER CODE END PFP */
  43:Src/usb_device.c **** 
  44:Src/usb_device.c **** /* USB Device Core handle declaration. */
  45:Src/usb_device.c **** USBD_HandleTypeDef hUsbDeviceFS;
  46:Src/usb_device.c **** extern USBD_DescriptorsTypeDef FS_Desc;
  47:Src/usb_device.c **** 
  48:Src/usb_device.c **** /*
  49:Src/usb_device.c ****  * -- Insert your variables declaration here --
  50:Src/usb_device.c ****  */
  51:Src/usb_device.c **** /* USER CODE BEGIN 0 */
  52:Src/usb_device.c **** 
  53:Src/usb_device.c **** /* USER CODE END 0 */
  54:Src/usb_device.c **** 
  55:Src/usb_device.c **** /*
  56:Src/usb_device.c ****  * -- Insert your external function declaration here --
  57:Src/usb_device.c ****  */
  58:Src/usb_device.c **** /* USER CODE BEGIN 1 */
  59:Src/usb_device.c **** 
  60:Src/usb_device.c **** /* USER CODE END 1 */
  61:Src/usb_device.c **** 
  62:Src/usb_device.c **** /**
  63:Src/usb_device.c ****   * Init USB device Library, add supported class and start the library
  64:Src/usb_device.c ****   * @retval None
  65:Src/usb_device.c ****   */
  66:Src/usb_device.c **** void MX_USB_DEVICE_Init(void)
  67:Src/usb_device.c **** {
  28              		.loc 1 67 0
  29              		.cfi_startproc
  30              		@ args = 0, pretend = 0, frame = 0
  31              		@ frame_needed = 0, uses_anonymous_args = 0
  32 0000 08B5     		push	{r3, lr}
  33              	.LCFI0:
  34              		.cfi_def_cfa_offset 8
  35              		.cfi_offset 3, -8
  36              		.cfi_offset 14, -4
  68:Src/usb_device.c ****   /* USER CODE BEGIN USB_DEVICE_Init_PreTreatment */
  69:Src/usb_device.c ****   
  70:Src/usb_device.c ****   /* USER CODE END USB_DEVICE_Init_PreTreatment */
  71:Src/usb_device.c ****   
  72:Src/usb_device.c ****   /* Init Device Library, add supported class and start the library. */
  73:Src/usb_device.c ****   if (USBD_Init(&hUsbDeviceFS, &FS_Desc, DEVICE_FS) != USBD_OK)
  37              		.loc 1 73 0
  38 0002 0022     		movs	r2, #0
  39 0004 0F49     		ldr	r1, .L11
  40 0006 1048     		ldr	r0, .L11+4
  41 0008 FFF7FEFF 		bl	USBD_Init
  42              	.LVL0:
ARM GAS  /var/folders/k_/d4dbklhx7q1fs9lh20k9kt840000gn/T//ccR3oRdf.s 			page 3


  43 000c 70B9     		cbnz	r0, .L7
  44              	.L2:
  74:Src/usb_device.c ****   {
  75:Src/usb_device.c ****     Error_Handler();
  76:Src/usb_device.c ****   }
  77:Src/usb_device.c ****   if (USBD_RegisterClass(&hUsbDeviceFS, &USBD_CDC) != USBD_OK)
  45              		.loc 1 77 0
  46 000e 0F49     		ldr	r1, .L11+8
  47 0010 0D48     		ldr	r0, .L11+4
  48 0012 FFF7FEFF 		bl	USBD_RegisterClass
  49              	.LVL1:
  50 0016 60B9     		cbnz	r0, .L8
  51              	.L3:
  78:Src/usb_device.c ****   {
  79:Src/usb_device.c ****     Error_Handler();
  80:Src/usb_device.c ****   }
  81:Src/usb_device.c ****   if (USBD_CDC_RegisterInterface(&hUsbDeviceFS, &USBD_Interface_fops_FS) != USBD_OK)
  52              		.loc 1 81 0
  53 0018 0D49     		ldr	r1, .L11+12
  54 001a 0B48     		ldr	r0, .L11+4
  55 001c FFF7FEFF 		bl	USBD_CDC_RegisterInterface
  56              	.LVL2:
  57 0020 50B9     		cbnz	r0, .L9
  58              	.L4:
  82:Src/usb_device.c ****   {
  83:Src/usb_device.c ****     Error_Handler();
  84:Src/usb_device.c ****   }
  85:Src/usb_device.c ****   if (USBD_Start(&hUsbDeviceFS) != USBD_OK)
  59              		.loc 1 85 0
  60 0022 0948     		ldr	r0, .L11+4
  61 0024 FFF7FEFF 		bl	USBD_Start
  62              	.LVL3:
  63 0028 48B9     		cbnz	r0, .L10
  64              	.L1:
  86:Src/usb_device.c ****   {
  87:Src/usb_device.c ****     Error_Handler();
  88:Src/usb_device.c ****   }
  89:Src/usb_device.c ****   /* USER CODE BEGIN USB_DEVICE_Init_PostTreatment */
  90:Src/usb_device.c ****   /* USER CODE END USB_DEVICE_Init_PostTreatment */
  91:Src/usb_device.c **** }
  65              		.loc 1 91 0
  66 002a 08BD     		pop	{r3, pc}
  67              	.L7:
  75:Src/usb_device.c ****   }
  68              		.loc 1 75 0
  69 002c FFF7FEFF 		bl	Error_Handler
  70              	.LVL4:
  71 0030 EDE7     		b	.L2
  72              	.L8:
  79:Src/usb_device.c ****   }
  73              		.loc 1 79 0
  74 0032 FFF7FEFF 		bl	Error_Handler
  75              	.LVL5:
  76 0036 EFE7     		b	.L3
  77              	.L9:
  83:Src/usb_device.c ****   }
  78              		.loc 1 83 0
ARM GAS  /var/folders/k_/d4dbklhx7q1fs9lh20k9kt840000gn/T//ccR3oRdf.s 			page 4


  79 0038 FFF7FEFF 		bl	Error_Handler
  80              	.LVL6:
  81 003c F1E7     		b	.L4
  82              	.L10:
  87:Src/usb_device.c ****   }
  83              		.loc 1 87 0
  84 003e FFF7FEFF 		bl	Error_Handler
  85              	.LVL7:
  86              		.loc 1 91 0
  87 0042 F2E7     		b	.L1
  88              	.L12:
  89              		.align	2
  90              	.L11:
  91 0044 00000000 		.word	FS_Desc
  92 0048 00000000 		.word	hUsbDeviceFS
  93 004c 00000000 		.word	USBD_CDC
  94 0050 00000000 		.word	USBD_Interface_fops_FS
  95              		.cfi_endproc
  96              	.LFE133:
  98              		.section	.text.USB_DeInit,"ax",%progbits
  99              		.align	1
 100              		.global	USB_DeInit
 101              		.syntax unified
 102              		.thumb
 103              		.thumb_func
 104              		.fpu fpv4-sp-d16
 106              	USB_DeInit:
 107              	.LFB134:
  92:Src/usb_device.c **** 
  93:Src/usb_device.c **** void USB_DeInit() {
 108              		.loc 1 93 0
 109              		.cfi_startproc
 110              		@ args = 0, pretend = 0, frame = 0
 111              		@ frame_needed = 0, uses_anonymous_args = 0
 112 0000 08B5     		push	{r3, lr}
 113              	.LCFI1:
 114              		.cfi_def_cfa_offset 8
 115              		.cfi_offset 3, -8
 116              		.cfi_offset 14, -4
  94:Src/usb_device.c ****   USBD_Stop(&hUsbDeviceFS);
 117              		.loc 1 94 0
 118 0002 0248     		ldr	r0, .L15
 119 0004 FFF7FEFF 		bl	USBD_Stop
 120              	.LVL8:
  95:Src/usb_device.c **** }
 121              		.loc 1 95 0
 122 0008 08BD     		pop	{r3, pc}
 123              	.L16:
 124 000a 00BF     		.align	2
 125              	.L15:
 126 000c 00000000 		.word	hUsbDeviceFS
 127              		.cfi_endproc
 128              	.LFE134:
 130              		.comm	hUsbDeviceFS,708,4
 131              		.text
 132              	.Letext0:
 133              		.file 2 "/usr/local/Cellar/gcc-arm-none-eabi/20180627/arm-none-eabi/include/machine/_default_types
ARM GAS  /var/folders/k_/d4dbklhx7q1fs9lh20k9kt840000gn/T//ccR3oRdf.s 			page 5


 134              		.file 3 "/usr/local/Cellar/gcc-arm-none-eabi/20180627/arm-none-eabi/include/sys/_stdint.h"
 135              		.file 4 "Drivers/CMSIS/Include/core_cm4.h"
 136              		.file 5 "Drivers/CMSIS/Device/ST/STM32L4xx/Include/system_stm32l4xx.h"
 137              		.file 6 "Drivers/CMSIS/Device/ST/STM32L4xx/Include/stm32l476xx.h"
 138              		.file 7 "Drivers/STM32L4xx_HAL_Driver/Inc/stm32l4xx_hal_def.h"
 139              		.file 8 "Drivers/STM32L4xx_HAL_Driver/Inc/stm32l4xx_hal_dma.h"
 140              		.file 9 "Drivers/STM32L4xx_HAL_Driver/Inc/stm32l4xx_hal_flash.h"
 141              		.file 10 "Drivers/STM32L4xx_HAL_Driver/Inc/stm32l4xx_hal_uart.h"
 142              		.file 11 "Drivers/STM32L4xx_HAL_Driver/Inc/stm32l4xx_hal.h"
 143              		.file 12 "/usr/local/Cellar/gcc-arm-none-eabi/20180627/arm-none-eabi/include/sys/lock.h"
 144              		.file 13 "/usr/local/Cellar/gcc-arm-none-eabi/20180627/arm-none-eabi/include/sys/_types.h"
 145              		.file 14 "/usr/local/Cellar/gcc-arm-none-eabi/20180627/lib/gcc/arm-none-eabi/7.3.1/include/stddef.
 146              		.file 15 "/usr/local/Cellar/gcc-arm-none-eabi/20180627/arm-none-eabi/include/sys/reent.h"
 147              		.file 16 "/usr/local/Cellar/gcc-arm-none-eabi/20180627/arm-none-eabi/include/stdlib.h"
 148              		.file 17 "Inc/main.h"
 149              		.file 18 "Middlewares/ST/STM32_USB_Device_Library/Core/Inc/usbd_def.h"
 150              		.file 19 "Inc/usbd_desc.h"
 151              		.file 20 "Middlewares/ST/STM32_USB_Device_Library/Class/CDC/Inc/usbd_cdc.h"
 152              		.file 21 "Inc/usbd_cdc_if.h"
 153              		.file 22 "Middlewares/ST/STM32_USB_Device_Library/Core/Inc/usbd_core.h"
ARM GAS  /var/folders/k_/d4dbklhx7q1fs9lh20k9kt840000gn/T//ccR3oRdf.s 			page 6


DEFINED SYMBOLS
                            *ABS*:0000000000000000 usb_device.c
/var/folders/k_/d4dbklhx7q1fs9lh20k9kt840000gn/T//ccR3oRdf.s:18     .text.MX_USB_DEVICE_Init:0000000000000000 $t
/var/folders/k_/d4dbklhx7q1fs9lh20k9kt840000gn/T//ccR3oRdf.s:25     .text.MX_USB_DEVICE_Init:0000000000000000 MX_USB_DEVICE_Init
/var/folders/k_/d4dbklhx7q1fs9lh20k9kt840000gn/T//ccR3oRdf.s:91     .text.MX_USB_DEVICE_Init:0000000000000044 $d
                            *COM*:00000000000002c4 hUsbDeviceFS
/var/folders/k_/d4dbklhx7q1fs9lh20k9kt840000gn/T//ccR3oRdf.s:99     .text.USB_DeInit:0000000000000000 $t
/var/folders/k_/d4dbklhx7q1fs9lh20k9kt840000gn/T//ccR3oRdf.s:106    .text.USB_DeInit:0000000000000000 USB_DeInit
/var/folders/k_/d4dbklhx7q1fs9lh20k9kt840000gn/T//ccR3oRdf.s:126    .text.USB_DeInit:000000000000000c $d

UNDEFINED SYMBOLS
USBD_Init
USBD_RegisterClass
USBD_CDC_RegisterInterface
USBD_Start
Error_Handler
FS_Desc
USBD_CDC
USBD_Interface_fops_FS
USBD_Stop
