ARM GAS  /var/folders/k_/d4dbklhx7q1fs9lh20k9kt840000gn/T//cc92E8ib.s 			page 1


   1              		.cpu cortex-m4
   2              		.eabi_attribute 27, 1
   3              		.eabi_attribute 28, 1
   4              		.eabi_attribute 20, 1
   5              		.eabi_attribute 21, 1
   6              		.eabi_attribute 23, 3
   7              		.eabi_attribute 24, 1
   8              		.eabi_attribute 25, 1
   9              		.eabi_attribute 26, 1
  10              		.eabi_attribute 30, 1
  11              		.eabi_attribute 34, 1
  12              		.eabi_attribute 18, 4
  13              		.file	"usbd_desc.c"
  14              		.text
  15              	.Ltext0:
  16              		.cfi_sections	.debug_frame
  17              		.section	.text.USBD_FS_DeviceDescriptor,"ax",%progbits
  18              		.align	1
  19              		.global	USBD_FS_DeviceDescriptor
  20              		.syntax unified
  21              		.thumb
  22              		.thumb_func
  23              		.fpu fpv4-sp-d16
  25              	USBD_FS_DeviceDescriptor:
  26              	.LFB133:
  27              		.file 1 "Src/usbd_desc.c"
   1:Src/usbd_desc.c **** /* USER CODE BEGIN Header */
   2:Src/usbd_desc.c **** /**
   3:Src/usbd_desc.c ****   ******************************************************************************
   4:Src/usbd_desc.c ****   * @file           : usbd_desc.c
   5:Src/usbd_desc.c ****   * @version        : v2.0_Cube
   6:Src/usbd_desc.c ****   * @brief          : This file implements the USB device descriptors.
   7:Src/usbd_desc.c ****   ******************************************************************************
   8:Src/usbd_desc.c ****   * @attention
   9:Src/usbd_desc.c ****   *
  10:Src/usbd_desc.c ****   * <h2><center>&copy; Copyright (c) 2020 STMicroelectronics.
  11:Src/usbd_desc.c ****   * All rights reserved.</center></h2>
  12:Src/usbd_desc.c ****   *
  13:Src/usbd_desc.c ****   * This software component is licensed by ST under Ultimate Liberty license
  14:Src/usbd_desc.c ****   * SLA0044, the "License"; You may not use this file except in compliance with
  15:Src/usbd_desc.c ****   * the License. You may obtain a copy of the License at:
  16:Src/usbd_desc.c ****   *                             www.st.com/SLA0044
  17:Src/usbd_desc.c ****   *
  18:Src/usbd_desc.c ****   ******************************************************************************
  19:Src/usbd_desc.c ****   */
  20:Src/usbd_desc.c **** /* USER CODE END Header */
  21:Src/usbd_desc.c **** 
  22:Src/usbd_desc.c **** /* Includes ------------------------------------------------------------------*/
  23:Src/usbd_desc.c **** #include "usbd_core.h"
  24:Src/usbd_desc.c **** #include "usbd_desc.h"
  25:Src/usbd_desc.c **** #include "usbd_conf.h"
  26:Src/usbd_desc.c **** 
  27:Src/usbd_desc.c **** /* USER CODE BEGIN INCLUDE */
  28:Src/usbd_desc.c **** 
  29:Src/usbd_desc.c **** /* USER CODE END INCLUDE */
  30:Src/usbd_desc.c **** 
  31:Src/usbd_desc.c **** /* Private typedef -----------------------------------------------------------*/
ARM GAS  /var/folders/k_/d4dbklhx7q1fs9lh20k9kt840000gn/T//cc92E8ib.s 			page 2


  32:Src/usbd_desc.c **** /* Private define ------------------------------------------------------------*/
  33:Src/usbd_desc.c **** /* Private macro -------------------------------------------------------------*/
  34:Src/usbd_desc.c **** 
  35:Src/usbd_desc.c **** /* USER CODE BEGIN PV */
  36:Src/usbd_desc.c **** /* Private variables ---------------------------------------------------------*/
  37:Src/usbd_desc.c **** 
  38:Src/usbd_desc.c **** /* USER CODE END PV */
  39:Src/usbd_desc.c **** 
  40:Src/usbd_desc.c **** /** @addtogroup STM32_USB_OTG_DEVICE_LIBRARY
  41:Src/usbd_desc.c ****   * @{
  42:Src/usbd_desc.c ****   */
  43:Src/usbd_desc.c **** 
  44:Src/usbd_desc.c **** /** @addtogroup USBD_DESC
  45:Src/usbd_desc.c ****   * @{
  46:Src/usbd_desc.c ****   */
  47:Src/usbd_desc.c **** 
  48:Src/usbd_desc.c **** /** @defgroup USBD_DESC_Private_TypesDefinitions USBD_DESC_Private_TypesDefinitions
  49:Src/usbd_desc.c ****   * @brief Private types.
  50:Src/usbd_desc.c ****   * @{
  51:Src/usbd_desc.c ****   */
  52:Src/usbd_desc.c **** 
  53:Src/usbd_desc.c **** /* USER CODE BEGIN PRIVATE_TYPES */
  54:Src/usbd_desc.c **** 
  55:Src/usbd_desc.c **** /* USER CODE END PRIVATE_TYPES */
  56:Src/usbd_desc.c **** 
  57:Src/usbd_desc.c **** /**
  58:Src/usbd_desc.c ****   * @}
  59:Src/usbd_desc.c ****   */
  60:Src/usbd_desc.c **** 
  61:Src/usbd_desc.c **** /** @defgroup USBD_DESC_Private_Defines USBD_DESC_Private_Defines
  62:Src/usbd_desc.c ****   * @brief Private defines.
  63:Src/usbd_desc.c ****   * @{
  64:Src/usbd_desc.c ****   */
  65:Src/usbd_desc.c **** 
  66:Src/usbd_desc.c **** #define USBD_VID     1155
  67:Src/usbd_desc.c **** #define USBD_LANGID_STRING     1033
  68:Src/usbd_desc.c **** #define USBD_MANUFACTURER_STRING     "STMicroelectronics"
  69:Src/usbd_desc.c **** #define USBD_PID_FS     22336
  70:Src/usbd_desc.c **** #define USBD_PRODUCT_STRING_FS     "STM32 Virtual ComPort"
  71:Src/usbd_desc.c **** #define USBD_CONFIGURATION_STRING_FS     "CDC Config"
  72:Src/usbd_desc.c **** #define USBD_INTERFACE_STRING_FS     "CDC Interface"
  73:Src/usbd_desc.c **** 
  74:Src/usbd_desc.c **** #define USB_SIZ_BOS_DESC            0x0C
  75:Src/usbd_desc.c **** 
  76:Src/usbd_desc.c **** /* USER CODE BEGIN PRIVATE_DEFINES */
  77:Src/usbd_desc.c **** 
  78:Src/usbd_desc.c **** /* USER CODE END PRIVATE_DEFINES */
  79:Src/usbd_desc.c **** 
  80:Src/usbd_desc.c **** /**
  81:Src/usbd_desc.c ****   * @}
  82:Src/usbd_desc.c ****   */
  83:Src/usbd_desc.c **** 
  84:Src/usbd_desc.c **** /* USER CODE BEGIN 0 */
  85:Src/usbd_desc.c **** 
  86:Src/usbd_desc.c **** /* USER CODE END 0 */
  87:Src/usbd_desc.c **** 
  88:Src/usbd_desc.c **** /** @defgroup USBD_DESC_Private_Macros USBD_DESC_Private_Macros
ARM GAS  /var/folders/k_/d4dbklhx7q1fs9lh20k9kt840000gn/T//cc92E8ib.s 			page 3


  89:Src/usbd_desc.c ****   * @brief Private macros.
  90:Src/usbd_desc.c ****   * @{
  91:Src/usbd_desc.c ****   */
  92:Src/usbd_desc.c **** 
  93:Src/usbd_desc.c **** /* USER CODE BEGIN PRIVATE_MACRO */
  94:Src/usbd_desc.c **** 
  95:Src/usbd_desc.c **** /* USER CODE END PRIVATE_MACRO */
  96:Src/usbd_desc.c **** 
  97:Src/usbd_desc.c **** /**
  98:Src/usbd_desc.c ****   * @}
  99:Src/usbd_desc.c ****   */
 100:Src/usbd_desc.c ****   
 101:Src/usbd_desc.c **** /** @defgroup USBD_DESC_Private_FunctionPrototypes USBD_DESC_Private_FunctionPrototypes
 102:Src/usbd_desc.c ****   * @brief Private functions declaration.
 103:Src/usbd_desc.c ****   * @{
 104:Src/usbd_desc.c ****   */
 105:Src/usbd_desc.c ****   
 106:Src/usbd_desc.c **** static void Get_SerialNum(void);
 107:Src/usbd_desc.c **** static void IntToUnicode(uint32_t value, uint8_t * pbuf, uint8_t len);
 108:Src/usbd_desc.c ****   
 109:Src/usbd_desc.c **** /**
 110:Src/usbd_desc.c ****   * @}
 111:Src/usbd_desc.c ****   */  
 112:Src/usbd_desc.c ****   
 113:Src/usbd_desc.c **** 
 114:Src/usbd_desc.c **** /** @defgroup USBD_DESC_Private_FunctionPrototypes USBD_DESC_Private_FunctionPrototypes
 115:Src/usbd_desc.c ****   * @brief Private functions declaration for FS.
 116:Src/usbd_desc.c ****   * @{
 117:Src/usbd_desc.c ****   */
 118:Src/usbd_desc.c **** 
 119:Src/usbd_desc.c **** uint8_t * USBD_FS_DeviceDescriptor(USBD_SpeedTypeDef speed, uint16_t *length);
 120:Src/usbd_desc.c **** uint8_t * USBD_FS_LangIDStrDescriptor(USBD_SpeedTypeDef speed, uint16_t *length);
 121:Src/usbd_desc.c **** uint8_t * USBD_FS_ManufacturerStrDescriptor(USBD_SpeedTypeDef speed, uint16_t *length);
 122:Src/usbd_desc.c **** uint8_t * USBD_FS_ProductStrDescriptor(USBD_SpeedTypeDef speed, uint16_t *length);
 123:Src/usbd_desc.c **** uint8_t * USBD_FS_SerialStrDescriptor(USBD_SpeedTypeDef speed, uint16_t *length);
 124:Src/usbd_desc.c **** uint8_t * USBD_FS_ConfigStrDescriptor(USBD_SpeedTypeDef speed, uint16_t *length);
 125:Src/usbd_desc.c **** uint8_t * USBD_FS_InterfaceStrDescriptor(USBD_SpeedTypeDef speed, uint16_t *length);
 126:Src/usbd_desc.c **** #if (USBD_LPM_ENABLED == 1)
 127:Src/usbd_desc.c **** uint8_t * USBD_FS_USR_BOSDescriptor(USBD_SpeedTypeDef speed, uint16_t *length);
 128:Src/usbd_desc.c **** #endif /* (USBD_LPM_ENABLED == 1) */
 129:Src/usbd_desc.c **** 
 130:Src/usbd_desc.c **** /**
 131:Src/usbd_desc.c ****   * @}
 132:Src/usbd_desc.c ****   */
 133:Src/usbd_desc.c **** 
 134:Src/usbd_desc.c **** /** @defgroup USBD_DESC_Private_Variables USBD_DESC_Private_Variables
 135:Src/usbd_desc.c ****   * @brief Private variables.
 136:Src/usbd_desc.c ****   * @{
 137:Src/usbd_desc.c ****   */
 138:Src/usbd_desc.c **** 
 139:Src/usbd_desc.c **** USBD_DescriptorsTypeDef FS_Desc =
 140:Src/usbd_desc.c **** {
 141:Src/usbd_desc.c ****   USBD_FS_DeviceDescriptor
 142:Src/usbd_desc.c **** , USBD_FS_LangIDStrDescriptor
 143:Src/usbd_desc.c **** , USBD_FS_ManufacturerStrDescriptor
 144:Src/usbd_desc.c **** , USBD_FS_ProductStrDescriptor
 145:Src/usbd_desc.c **** , USBD_FS_SerialStrDescriptor
ARM GAS  /var/folders/k_/d4dbklhx7q1fs9lh20k9kt840000gn/T//cc92E8ib.s 			page 4


 146:Src/usbd_desc.c **** , USBD_FS_ConfigStrDescriptor
 147:Src/usbd_desc.c **** , USBD_FS_InterfaceStrDescriptor
 148:Src/usbd_desc.c **** #if (USBD_LPM_ENABLED == 1)
 149:Src/usbd_desc.c **** , USBD_FS_USR_BOSDescriptor
 150:Src/usbd_desc.c **** #endif /* (USBD_LPM_ENABLED == 1) */
 151:Src/usbd_desc.c **** };
 152:Src/usbd_desc.c **** 
 153:Src/usbd_desc.c **** #if defined ( __ICCARM__ ) /* IAR Compiler */
 154:Src/usbd_desc.c ****   #pragma data_alignment=4
 155:Src/usbd_desc.c **** #endif /* defined ( __ICCARM__ ) */
 156:Src/usbd_desc.c **** /** USB standard device descriptor. */
 157:Src/usbd_desc.c **** __ALIGN_BEGIN uint8_t USBD_FS_DeviceDesc[USB_LEN_DEV_DESC] __ALIGN_END =
 158:Src/usbd_desc.c **** {
 159:Src/usbd_desc.c ****   0x12,                       /*bLength */
 160:Src/usbd_desc.c ****   USB_DESC_TYPE_DEVICE,       /*bDescriptorType*/
 161:Src/usbd_desc.c **** #if (USBD_LPM_ENABLED == 1)
 162:Src/usbd_desc.c ****   0x01,                       /*bcdUSB */ /* changed to USB version 2.01
 163:Src/usbd_desc.c ****                                              in order to support LPM L1 suspend
 164:Src/usbd_desc.c ****                                              resume test of USBCV3.0*/
 165:Src/usbd_desc.c **** #else
 166:Src/usbd_desc.c ****   0x00,                       /*bcdUSB */
 167:Src/usbd_desc.c **** #endif /* (USBD_LPM_ENABLED == 1) */
 168:Src/usbd_desc.c ****   0x02,
 169:Src/usbd_desc.c ****   0x02,                       /*bDeviceClass*/
 170:Src/usbd_desc.c ****   0x02,                       /*bDeviceSubClass*/
 171:Src/usbd_desc.c ****   0x00,                       /*bDeviceProtocol*/
 172:Src/usbd_desc.c ****   USB_MAX_EP0_SIZE,           /*bMaxPacketSize*/
 173:Src/usbd_desc.c ****   LOBYTE(USBD_VID),           /*idVendor*/
 174:Src/usbd_desc.c ****   HIBYTE(USBD_VID),           /*idVendor*/
 175:Src/usbd_desc.c ****   LOBYTE(USBD_PID_FS),        /*idProduct*/
 176:Src/usbd_desc.c ****   HIBYTE(USBD_PID_FS),        /*idProduct*/
 177:Src/usbd_desc.c ****   0x00,                       /*bcdDevice rel. 2.00*/
 178:Src/usbd_desc.c ****   0x02,
 179:Src/usbd_desc.c ****   USBD_IDX_MFC_STR,           /*Index of manufacturer  string*/
 180:Src/usbd_desc.c ****   USBD_IDX_PRODUCT_STR,       /*Index of product string*/
 181:Src/usbd_desc.c ****   USBD_IDX_SERIAL_STR,        /*Index of serial number string*/
 182:Src/usbd_desc.c ****   USBD_MAX_NUM_CONFIGURATION  /*bNumConfigurations*/
 183:Src/usbd_desc.c **** };
 184:Src/usbd_desc.c **** 
 185:Src/usbd_desc.c **** /* USB_DeviceDescriptor */
 186:Src/usbd_desc.c **** /** BOS descriptor. */
 187:Src/usbd_desc.c **** #if (USBD_LPM_ENABLED == 1)
 188:Src/usbd_desc.c **** #if defined ( __ICCARM__ ) /* IAR Compiler */
 189:Src/usbd_desc.c ****   #pragma data_alignment=4
 190:Src/usbd_desc.c **** #endif /* defined ( __ICCARM__ ) */
 191:Src/usbd_desc.c **** __ALIGN_BEGIN uint8_t USBD_FS_BOSDesc[USB_SIZ_BOS_DESC] __ALIGN_END =
 192:Src/usbd_desc.c **** {
 193:Src/usbd_desc.c ****   0x5,
 194:Src/usbd_desc.c ****   USB_DESC_TYPE_BOS,
 195:Src/usbd_desc.c ****   0xC,
 196:Src/usbd_desc.c ****   0x0,
 197:Src/usbd_desc.c ****   0x1,  /* 1 device capability*/
 198:Src/usbd_desc.c ****         /* device capability*/
 199:Src/usbd_desc.c ****   0x7,
 200:Src/usbd_desc.c ****   USB_DEVICE_CAPABITY_TYPE,
 201:Src/usbd_desc.c ****   0x2,
 202:Src/usbd_desc.c ****   0x2,  /* LPM capability bit set*/
ARM GAS  /var/folders/k_/d4dbklhx7q1fs9lh20k9kt840000gn/T//cc92E8ib.s 			page 5


 203:Src/usbd_desc.c ****   0x0,
 204:Src/usbd_desc.c ****   0x0,
 205:Src/usbd_desc.c ****   0x0
 206:Src/usbd_desc.c **** };
 207:Src/usbd_desc.c **** #endif /* (USBD_LPM_ENABLED == 1) */
 208:Src/usbd_desc.c **** 
 209:Src/usbd_desc.c **** /**
 210:Src/usbd_desc.c ****   * @}
 211:Src/usbd_desc.c ****   */
 212:Src/usbd_desc.c **** 
 213:Src/usbd_desc.c **** /** @defgroup USBD_DESC_Private_Variables USBD_DESC_Private_Variables
 214:Src/usbd_desc.c ****   * @brief Private variables.
 215:Src/usbd_desc.c ****   * @{
 216:Src/usbd_desc.c ****   */
 217:Src/usbd_desc.c **** 
 218:Src/usbd_desc.c **** #if defined ( __ICCARM__ ) /* IAR Compiler */
 219:Src/usbd_desc.c ****   #pragma data_alignment=4
 220:Src/usbd_desc.c **** #endif /* defined ( __ICCARM__ ) */
 221:Src/usbd_desc.c **** 
 222:Src/usbd_desc.c **** /** USB lang indentifier descriptor. */
 223:Src/usbd_desc.c **** __ALIGN_BEGIN uint8_t USBD_LangIDDesc[USB_LEN_LANGID_STR_DESC] __ALIGN_END =
 224:Src/usbd_desc.c **** {
 225:Src/usbd_desc.c ****      USB_LEN_LANGID_STR_DESC,
 226:Src/usbd_desc.c ****      USB_DESC_TYPE_STRING,
 227:Src/usbd_desc.c ****      LOBYTE(USBD_LANGID_STRING),
 228:Src/usbd_desc.c ****      HIBYTE(USBD_LANGID_STRING)
 229:Src/usbd_desc.c **** };
 230:Src/usbd_desc.c **** 
 231:Src/usbd_desc.c **** #if defined ( __ICCARM__ ) /* IAR Compiler */
 232:Src/usbd_desc.c ****   #pragma data_alignment=4
 233:Src/usbd_desc.c **** #endif /* defined ( __ICCARM__ ) */
 234:Src/usbd_desc.c **** /* Internal string descriptor. */
 235:Src/usbd_desc.c **** __ALIGN_BEGIN uint8_t USBD_StrDesc[USBD_MAX_STR_DESC_SIZ] __ALIGN_END;
 236:Src/usbd_desc.c **** 
 237:Src/usbd_desc.c **** #if defined ( __ICCARM__ ) /*!< IAR Compiler */
 238:Src/usbd_desc.c ****   #pragma data_alignment=4   
 239:Src/usbd_desc.c **** #endif
 240:Src/usbd_desc.c **** __ALIGN_BEGIN uint8_t USBD_StringSerial[USB_SIZ_STRING_SERIAL] __ALIGN_END = {
 241:Src/usbd_desc.c ****   USB_SIZ_STRING_SERIAL,
 242:Src/usbd_desc.c ****   USB_DESC_TYPE_STRING,
 243:Src/usbd_desc.c **** };
 244:Src/usbd_desc.c **** 
 245:Src/usbd_desc.c **** /**
 246:Src/usbd_desc.c ****   * @}
 247:Src/usbd_desc.c ****   */
 248:Src/usbd_desc.c **** 
 249:Src/usbd_desc.c **** /** @defgroup USBD_DESC_Private_Functions USBD_DESC_Private_Functions
 250:Src/usbd_desc.c ****   * @brief Private functions.
 251:Src/usbd_desc.c ****   * @{
 252:Src/usbd_desc.c ****   */
 253:Src/usbd_desc.c **** 
 254:Src/usbd_desc.c **** /**
 255:Src/usbd_desc.c ****   * @brief  Return the device descriptor
 256:Src/usbd_desc.c ****   * @param  speed : Current device speed
 257:Src/usbd_desc.c ****   * @param  length : Pointer to data length variable
 258:Src/usbd_desc.c ****   * @retval Pointer to descriptor buffer
 259:Src/usbd_desc.c ****   */
ARM GAS  /var/folders/k_/d4dbklhx7q1fs9lh20k9kt840000gn/T//cc92E8ib.s 			page 6


 260:Src/usbd_desc.c **** uint8_t * USBD_FS_DeviceDescriptor(USBD_SpeedTypeDef speed, uint16_t *length)
 261:Src/usbd_desc.c **** {
  28              		.loc 1 261 0
  29              		.cfi_startproc
  30              		@ args = 0, pretend = 0, frame = 0
  31              		@ frame_needed = 0, uses_anonymous_args = 0
  32              		@ link register save eliminated.
  33              	.LVL0:
 262:Src/usbd_desc.c ****   UNUSED(speed);
 263:Src/usbd_desc.c ****   *length = sizeof(USBD_FS_DeviceDesc);
  34              		.loc 1 263 0
  35 0000 1223     		movs	r3, #18
  36 0002 0B80     		strh	r3, [r1]	@ movhi
 264:Src/usbd_desc.c ****   return USBD_FS_DeviceDesc;
 265:Src/usbd_desc.c **** }
  37              		.loc 1 265 0
  38 0004 0048     		ldr	r0, .L2
  39              	.LVL1:
  40 0006 7047     		bx	lr
  41              	.L3:
  42              		.align	2
  43              	.L2:
  44 0008 00000000 		.word	.LANCHOR0
  45              		.cfi_endproc
  46              	.LFE133:
  48              		.section	.text.USBD_FS_LangIDStrDescriptor,"ax",%progbits
  49              		.align	1
  50              		.global	USBD_FS_LangIDStrDescriptor
  51              		.syntax unified
  52              		.thumb
  53              		.thumb_func
  54              		.fpu fpv4-sp-d16
  56              	USBD_FS_LangIDStrDescriptor:
  57              	.LFB134:
 266:Src/usbd_desc.c **** 
 267:Src/usbd_desc.c **** /**
 268:Src/usbd_desc.c ****   * @brief  Return the LangID string descriptor
 269:Src/usbd_desc.c ****   * @param  speed : Current device speed
 270:Src/usbd_desc.c ****   * @param  length : Pointer to data length variable
 271:Src/usbd_desc.c ****   * @retval Pointer to descriptor buffer
 272:Src/usbd_desc.c ****   */
 273:Src/usbd_desc.c **** uint8_t * USBD_FS_LangIDStrDescriptor(USBD_SpeedTypeDef speed, uint16_t *length)
 274:Src/usbd_desc.c **** {
  58              		.loc 1 274 0
  59              		.cfi_startproc
  60              		@ args = 0, pretend = 0, frame = 0
  61              		@ frame_needed = 0, uses_anonymous_args = 0
  62              		@ link register save eliminated.
  63              	.LVL2:
 275:Src/usbd_desc.c ****   UNUSED(speed);
 276:Src/usbd_desc.c ****   *length = sizeof(USBD_LangIDDesc);
  64              		.loc 1 276 0
  65 0000 0423     		movs	r3, #4
  66 0002 0B80     		strh	r3, [r1]	@ movhi
 277:Src/usbd_desc.c ****   return USBD_LangIDDesc;
 278:Src/usbd_desc.c **** }
  67              		.loc 1 278 0
ARM GAS  /var/folders/k_/d4dbklhx7q1fs9lh20k9kt840000gn/T//cc92E8ib.s 			page 7


  68 0004 0048     		ldr	r0, .L5
  69              	.LVL3:
  70 0006 7047     		bx	lr
  71              	.L6:
  72              		.align	2
  73              	.L5:
  74 0008 00000000 		.word	.LANCHOR1
  75              		.cfi_endproc
  76              	.LFE134:
  78              		.section	.text.USBD_FS_USR_BOSDescriptor,"ax",%progbits
  79              		.align	1
  80              		.global	USBD_FS_USR_BOSDescriptor
  81              		.syntax unified
  82              		.thumb
  83              		.thumb_func
  84              		.fpu fpv4-sp-d16
  86              	USBD_FS_USR_BOSDescriptor:
  87              	.LFB140:
 279:Src/usbd_desc.c **** 
 280:Src/usbd_desc.c **** /**
 281:Src/usbd_desc.c ****   * @brief  Return the product string descriptor
 282:Src/usbd_desc.c ****   * @param  speed : Current device speed
 283:Src/usbd_desc.c ****   * @param  length : Pointer to data length variable
 284:Src/usbd_desc.c ****   * @retval Pointer to descriptor buffer
 285:Src/usbd_desc.c ****   */
 286:Src/usbd_desc.c **** uint8_t * USBD_FS_ProductStrDescriptor(USBD_SpeedTypeDef speed, uint16_t *length)
 287:Src/usbd_desc.c **** {
 288:Src/usbd_desc.c ****   if(speed == 0)
 289:Src/usbd_desc.c ****   {
 290:Src/usbd_desc.c ****     USBD_GetString((uint8_t *)USBD_PRODUCT_STRING_FS, USBD_StrDesc, length);
 291:Src/usbd_desc.c ****   }
 292:Src/usbd_desc.c ****   else
 293:Src/usbd_desc.c ****   {
 294:Src/usbd_desc.c ****     USBD_GetString((uint8_t *)USBD_PRODUCT_STRING_FS, USBD_StrDesc, length);
 295:Src/usbd_desc.c ****   }
 296:Src/usbd_desc.c ****   return USBD_StrDesc;
 297:Src/usbd_desc.c **** }
 298:Src/usbd_desc.c **** 
 299:Src/usbd_desc.c **** /**
 300:Src/usbd_desc.c ****   * @brief  Return the manufacturer string descriptor
 301:Src/usbd_desc.c ****   * @param  speed : Current device speed
 302:Src/usbd_desc.c ****   * @param  length : Pointer to data length variable
 303:Src/usbd_desc.c ****   * @retval Pointer to descriptor buffer
 304:Src/usbd_desc.c ****   */
 305:Src/usbd_desc.c **** uint8_t * USBD_FS_ManufacturerStrDescriptor(USBD_SpeedTypeDef speed, uint16_t *length)
 306:Src/usbd_desc.c **** {
 307:Src/usbd_desc.c ****   UNUSED(speed);
 308:Src/usbd_desc.c ****   USBD_GetString((uint8_t *)USBD_MANUFACTURER_STRING, USBD_StrDesc, length);
 309:Src/usbd_desc.c ****   return USBD_StrDesc;
 310:Src/usbd_desc.c **** }
 311:Src/usbd_desc.c **** 
 312:Src/usbd_desc.c **** /**
 313:Src/usbd_desc.c ****   * @brief  Return the serial number string descriptor
 314:Src/usbd_desc.c ****   * @param  speed : Current device speed
 315:Src/usbd_desc.c ****   * @param  length : Pointer to data length variable
 316:Src/usbd_desc.c ****   * @retval Pointer to descriptor buffer
 317:Src/usbd_desc.c ****   */
ARM GAS  /var/folders/k_/d4dbklhx7q1fs9lh20k9kt840000gn/T//cc92E8ib.s 			page 8


 318:Src/usbd_desc.c **** uint8_t * USBD_FS_SerialStrDescriptor(USBD_SpeedTypeDef speed, uint16_t *length)
 319:Src/usbd_desc.c **** {
 320:Src/usbd_desc.c ****   UNUSED(speed);
 321:Src/usbd_desc.c ****   *length = USB_SIZ_STRING_SERIAL;
 322:Src/usbd_desc.c **** 
 323:Src/usbd_desc.c ****   /* Update the serial number string descriptor with the data from the unique
 324:Src/usbd_desc.c ****    * ID */
 325:Src/usbd_desc.c ****   Get_SerialNum();
 326:Src/usbd_desc.c ****   /* USER CODE BEGIN USBD_FS_SerialStrDescriptor */
 327:Src/usbd_desc.c ****   
 328:Src/usbd_desc.c ****   /* USER CODE END USBD_FS_SerialStrDescriptor */
 329:Src/usbd_desc.c ****   return (uint8_t *) USBD_StringSerial;
 330:Src/usbd_desc.c **** }
 331:Src/usbd_desc.c **** 
 332:Src/usbd_desc.c **** /**
 333:Src/usbd_desc.c ****   * @brief  Return the configuration string descriptor
 334:Src/usbd_desc.c ****   * @param  speed : Current device speed
 335:Src/usbd_desc.c ****   * @param  length : Pointer to data length variable
 336:Src/usbd_desc.c ****   * @retval Pointer to descriptor buffer
 337:Src/usbd_desc.c ****   */
 338:Src/usbd_desc.c **** uint8_t * USBD_FS_ConfigStrDescriptor(USBD_SpeedTypeDef speed, uint16_t *length)
 339:Src/usbd_desc.c **** {
 340:Src/usbd_desc.c ****   if(speed == USBD_SPEED_HIGH)
 341:Src/usbd_desc.c ****   {
 342:Src/usbd_desc.c ****     USBD_GetString((uint8_t *)USBD_CONFIGURATION_STRING_FS, USBD_StrDesc, length);
 343:Src/usbd_desc.c ****   }
 344:Src/usbd_desc.c ****   else
 345:Src/usbd_desc.c ****   {
 346:Src/usbd_desc.c ****     USBD_GetString((uint8_t *)USBD_CONFIGURATION_STRING_FS, USBD_StrDesc, length);
 347:Src/usbd_desc.c ****   }
 348:Src/usbd_desc.c ****   return USBD_StrDesc;
 349:Src/usbd_desc.c **** }
 350:Src/usbd_desc.c **** 
 351:Src/usbd_desc.c **** /**
 352:Src/usbd_desc.c ****   * @brief  Return the interface string descriptor
 353:Src/usbd_desc.c ****   * @param  speed : Current device speed
 354:Src/usbd_desc.c ****   * @param  length : Pointer to data length variable
 355:Src/usbd_desc.c ****   * @retval Pointer to descriptor buffer
 356:Src/usbd_desc.c ****   */
 357:Src/usbd_desc.c **** uint8_t * USBD_FS_InterfaceStrDescriptor(USBD_SpeedTypeDef speed, uint16_t *length)
 358:Src/usbd_desc.c **** {
 359:Src/usbd_desc.c ****   if(speed == 0)
 360:Src/usbd_desc.c ****   {
 361:Src/usbd_desc.c ****     USBD_GetString((uint8_t *)USBD_INTERFACE_STRING_FS, USBD_StrDesc, length);
 362:Src/usbd_desc.c ****   }
 363:Src/usbd_desc.c ****   else
 364:Src/usbd_desc.c ****   {
 365:Src/usbd_desc.c ****     USBD_GetString((uint8_t *)USBD_INTERFACE_STRING_FS, USBD_StrDesc, length);
 366:Src/usbd_desc.c ****   }
 367:Src/usbd_desc.c ****   return USBD_StrDesc;
 368:Src/usbd_desc.c **** }
 369:Src/usbd_desc.c **** 
 370:Src/usbd_desc.c **** #if (USBD_LPM_ENABLED == 1)
 371:Src/usbd_desc.c **** /**
 372:Src/usbd_desc.c ****   * @brief  Return the BOS descriptor
 373:Src/usbd_desc.c ****   * @param  speed : Current device speed
 374:Src/usbd_desc.c ****   * @param  length : Pointer to data length variable
ARM GAS  /var/folders/k_/d4dbklhx7q1fs9lh20k9kt840000gn/T//cc92E8ib.s 			page 9


 375:Src/usbd_desc.c ****   * @retval Pointer to descriptor buffer
 376:Src/usbd_desc.c ****   */
 377:Src/usbd_desc.c **** uint8_t * USBD_FS_USR_BOSDescriptor(USBD_SpeedTypeDef speed, uint16_t *length)
 378:Src/usbd_desc.c **** {
  88              		.loc 1 378 0
  89              		.cfi_startproc
  90              		@ args = 0, pretend = 0, frame = 0
  91              		@ frame_needed = 0, uses_anonymous_args = 0
  92              		@ link register save eliminated.
  93              	.LVL4:
 379:Src/usbd_desc.c ****   UNUSED(speed);
 380:Src/usbd_desc.c ****   *length = sizeof(USBD_FS_BOSDesc);
  94              		.loc 1 380 0
  95 0000 0C23     		movs	r3, #12
  96 0002 0B80     		strh	r3, [r1]	@ movhi
 381:Src/usbd_desc.c ****   return (uint8_t*)USBD_FS_BOSDesc;
 382:Src/usbd_desc.c **** }
  97              		.loc 1 382 0
  98 0004 0048     		ldr	r0, .L8
  99              	.LVL5:
 100 0006 7047     		bx	lr
 101              	.L9:
 102              		.align	2
 103              	.L8:
 104 0008 00000000 		.word	.LANCHOR2
 105              		.cfi_endproc
 106              	.LFE140:
 108              		.section	.text.IntToUnicode,"ax",%progbits
 109              		.align	1
 110              		.syntax unified
 111              		.thumb
 112              		.thumb_func
 113              		.fpu fpv4-sp-d16
 115              	IntToUnicode:
 116              	.LFB142:
 383:Src/usbd_desc.c **** #endif /* (USBD_LPM_ENABLED == 1) */
 384:Src/usbd_desc.c **** 
 385:Src/usbd_desc.c **** /**
 386:Src/usbd_desc.c ****   * @brief  Create the serial number string descriptor 
 387:Src/usbd_desc.c ****   * @param  None 
 388:Src/usbd_desc.c ****   * @retval None
 389:Src/usbd_desc.c ****   */
 390:Src/usbd_desc.c **** static void Get_SerialNum(void)
 391:Src/usbd_desc.c **** {
 392:Src/usbd_desc.c ****   uint32_t deviceserial0, deviceserial1, deviceserial2;
 393:Src/usbd_desc.c **** 
 394:Src/usbd_desc.c ****   deviceserial0 = *(uint32_t *) DEVICE_ID1;
 395:Src/usbd_desc.c ****   deviceserial1 = *(uint32_t *) DEVICE_ID2;
 396:Src/usbd_desc.c ****   deviceserial2 = *(uint32_t *) DEVICE_ID3;
 397:Src/usbd_desc.c **** 
 398:Src/usbd_desc.c ****   deviceserial0 += deviceserial2;
 399:Src/usbd_desc.c **** 
 400:Src/usbd_desc.c ****   if (deviceserial0 != 0)
 401:Src/usbd_desc.c ****   {
 402:Src/usbd_desc.c ****     IntToUnicode(deviceserial0, &USBD_StringSerial[2], 8);
 403:Src/usbd_desc.c ****     IntToUnicode(deviceserial1, &USBD_StringSerial[18], 4);
 404:Src/usbd_desc.c ****   }
ARM GAS  /var/folders/k_/d4dbklhx7q1fs9lh20k9kt840000gn/T//cc92E8ib.s 			page 10


 405:Src/usbd_desc.c **** }
 406:Src/usbd_desc.c **** 
 407:Src/usbd_desc.c **** /**
 408:Src/usbd_desc.c ****   * @brief  Convert Hex 32Bits value into char 
 409:Src/usbd_desc.c ****   * @param  value: value to convert
 410:Src/usbd_desc.c ****   * @param  pbuf: pointer to the buffer 
 411:Src/usbd_desc.c ****   * @param  len: buffer length
 412:Src/usbd_desc.c ****   * @retval None
 413:Src/usbd_desc.c ****   */
 414:Src/usbd_desc.c **** static void IntToUnicode(uint32_t value, uint8_t * pbuf, uint8_t len)
 415:Src/usbd_desc.c **** {
 117              		.loc 1 415 0
 118              		.cfi_startproc
 119              		@ args = 0, pretend = 0, frame = 0
 120              		@ frame_needed = 0, uses_anonymous_args = 0
 121              		@ link register save eliminated.
 122              	.LVL6:
 416:Src/usbd_desc.c ****   uint8_t idx = 0;
 417:Src/usbd_desc.c **** 
 418:Src/usbd_desc.c ****   for (idx = 0; idx < len; idx++)
 123              		.loc 1 418 0
 124 0000 0023     		movs	r3, #0
 125              	.LVL7:
 126 0002 9342     		cmp	r3, r2
 127 0004 16D2     		bcs	.L18
 415:Src/usbd_desc.c ****   uint8_t idx = 0;
 128              		.loc 1 415 0
 129 0006 30B4     		push	{r4, r5}
 130              	.LCFI0:
 131              		.cfi_def_cfa_offset 8
 132              		.cfi_offset 4, -8
 133              		.cfi_offset 5, -4
 134 0008 0BE0     		b	.L14
 135              	.L12:
 419:Src/usbd_desc.c ****   {
 420:Src/usbd_desc.c ****     if (((value >> 28)) < 0xA)
 421:Src/usbd_desc.c ****     {
 422:Src/usbd_desc.c ****       pbuf[2 * idx] = (value >> 28) + '0';
 423:Src/usbd_desc.c ****     }
 424:Src/usbd_desc.c ****     else
 425:Src/usbd_desc.c ****     {
 426:Src/usbd_desc.c ****       pbuf[2 * idx] = (value >> 28) + 'A' - 10;
 136              		.loc 1 426 0
 137 000a 3734     		adds	r4, r4, #55
 138 000c 01F81340 		strb	r4, [r1, r3, lsl #1]
 139              	.L13:
 427:Src/usbd_desc.c ****     }
 428:Src/usbd_desc.c **** 
 429:Src/usbd_desc.c ****     value = value << 4;
 140              		.loc 1 429 0 discriminator 2
 141 0010 0001     		lsls	r0, r0, #4
 142              	.LVL8:
 430:Src/usbd_desc.c **** 
 431:Src/usbd_desc.c ****     pbuf[2 * idx + 1] = 0;
 143              		.loc 1 431 0 discriminator 2
 144 0012 5C00     		lsls	r4, r3, #1
 145 0014 0134     		adds	r4, r4, #1
ARM GAS  /var/folders/k_/d4dbklhx7q1fs9lh20k9kt840000gn/T//cc92E8ib.s 			page 11


 146 0016 0025     		movs	r5, #0
 147 0018 0D55     		strb	r5, [r1, r4]
 418:Src/usbd_desc.c ****   {
 148              		.loc 1 418 0 discriminator 2
 149 001a 0133     		adds	r3, r3, #1
 150              	.LVL9:
 151 001c DBB2     		uxtb	r3, r3
 152              	.LVL10:
 153 001e 9342     		cmp	r3, r2
 154 0020 06D2     		bcs	.L19
 155              	.L14:
 420:Src/usbd_desc.c ****     {
 156              		.loc 1 420 0
 157 0022 040F     		lsrs	r4, r0, #28
 158 0024 092C     		cmp	r4, #9
 159 0026 F0D8     		bhi	.L12
 422:Src/usbd_desc.c ****     }
 160              		.loc 1 422 0
 161 0028 3034     		adds	r4, r4, #48
 162 002a 01F81340 		strb	r4, [r1, r3, lsl #1]
 163 002e EFE7     		b	.L13
 164              	.L19:
 432:Src/usbd_desc.c ****   }
 433:Src/usbd_desc.c **** }
 165              		.loc 1 433 0
 166 0030 30BC     		pop	{r4, r5}
 167              	.LCFI1:
 168              		.cfi_restore 5
 169              		.cfi_restore 4
 170              		.cfi_def_cfa_offset 0
 171 0032 7047     		bx	lr
 172              	.L18:
 173 0034 7047     		bx	lr
 174              		.cfi_endproc
 175              	.LFE142:
 177              		.section	.text.Get_SerialNum,"ax",%progbits
 178              		.align	1
 179              		.syntax unified
 180              		.thumb
 181              		.thumb_func
 182              		.fpu fpv4-sp-d16
 184              	Get_SerialNum:
 185              	.LFB141:
 391:Src/usbd_desc.c ****   uint32_t deviceserial0, deviceserial1, deviceserial2;
 186              		.loc 1 391 0
 187              		.cfi_startproc
 188              		@ args = 0, pretend = 0, frame = 0
 189              		@ frame_needed = 0, uses_anonymous_args = 0
 190 0000 38B5     		push	{r3, r4, r5, lr}
 191              	.LCFI2:
 192              		.cfi_def_cfa_offset 16
 193              		.cfi_offset 3, -16
 194              		.cfi_offset 4, -12
 195              		.cfi_offset 5, -8
 196              		.cfi_offset 14, -4
 394:Src/usbd_desc.c ****   deviceserial1 = *(uint32_t *) DEVICE_ID2;
 197              		.loc 1 394 0
ARM GAS  /var/folders/k_/d4dbklhx7q1fs9lh20k9kt840000gn/T//cc92E8ib.s 			page 12


 198 0002 0A4B     		ldr	r3, .L24
 199 0004 1868     		ldr	r0, [r3]
 200              	.LVL11:
 395:Src/usbd_desc.c ****   deviceserial2 = *(uint32_t *) DEVICE_ID3;
 201              		.loc 1 395 0
 202 0006 0433     		adds	r3, r3, #4
 203 0008 1C68     		ldr	r4, [r3]
 204              	.LVL12:
 396:Src/usbd_desc.c **** 
 205              		.loc 1 396 0
 206 000a 0433     		adds	r3, r3, #4
 207 000c 1B68     		ldr	r3, [r3]
 208              	.LVL13:
 400:Src/usbd_desc.c ****   {
 209              		.loc 1 400 0
 210 000e C018     		adds	r0, r0, r3
 211              	.LVL14:
 212 0010 00D1     		bne	.L23
 213              	.LVL15:
 214              	.L20:
 405:Src/usbd_desc.c **** 
 215              		.loc 1 405 0
 216 0012 38BD     		pop	{r3, r4, r5, pc}
 217              	.LVL16:
 218              	.L23:
 402:Src/usbd_desc.c ****     IntToUnicode(deviceserial1, &USBD_StringSerial[18], 4);
 219              		.loc 1 402 0
 220 0014 064D     		ldr	r5, .L24+4
 221 0016 0822     		movs	r2, #8
 222 0018 A91C     		adds	r1, r5, #2
 223 001a FFF7FEFF 		bl	IntToUnicode
 224              	.LVL17:
 403:Src/usbd_desc.c ****   }
 225              		.loc 1 403 0
 226 001e 0422     		movs	r2, #4
 227 0020 05F11201 		add	r1, r5, #18
 228 0024 2046     		mov	r0, r4
 229 0026 FFF7FEFF 		bl	IntToUnicode
 230              	.LVL18:
 405:Src/usbd_desc.c **** 
 231              		.loc 1 405 0
 232 002a F2E7     		b	.L20
 233              	.L25:
 234              		.align	2
 235              	.L24:
 236 002c 9075FF1F 		.word	536835472
 237 0030 00000000 		.word	.LANCHOR3
 238              		.cfi_endproc
 239              	.LFE141:
 241              		.section	.text.USBD_FS_SerialStrDescriptor,"ax",%progbits
 242              		.align	1
 243              		.global	USBD_FS_SerialStrDescriptor
 244              		.syntax unified
 245              		.thumb
 246              		.thumb_func
 247              		.fpu fpv4-sp-d16
 249              	USBD_FS_SerialStrDescriptor:
ARM GAS  /var/folders/k_/d4dbklhx7q1fs9lh20k9kt840000gn/T//cc92E8ib.s 			page 13


 250              	.LFB137:
 319:Src/usbd_desc.c ****   UNUSED(speed);
 251              		.loc 1 319 0
 252              		.cfi_startproc
 253              		@ args = 0, pretend = 0, frame = 0
 254              		@ frame_needed = 0, uses_anonymous_args = 0
 255              	.LVL19:
 256 0000 08B5     		push	{r3, lr}
 257              	.LCFI3:
 258              		.cfi_def_cfa_offset 8
 259              		.cfi_offset 3, -8
 260              		.cfi_offset 14, -4
 321:Src/usbd_desc.c **** 
 261              		.loc 1 321 0
 262 0002 1A23     		movs	r3, #26
 263 0004 0B80     		strh	r3, [r1]	@ movhi
 325:Src/usbd_desc.c ****   /* USER CODE BEGIN USBD_FS_SerialStrDescriptor */
 264              		.loc 1 325 0
 265 0006 FFF7FEFF 		bl	Get_SerialNum
 266              	.LVL20:
 330:Src/usbd_desc.c **** 
 267              		.loc 1 330 0
 268 000a 0148     		ldr	r0, .L28
 269 000c 08BD     		pop	{r3, pc}
 270              	.L29:
 271 000e 00BF     		.align	2
 272              	.L28:
 273 0010 00000000 		.word	.LANCHOR3
 274              		.cfi_endproc
 275              	.LFE137:
 277              		.section	.text.USBD_FS_ProductStrDescriptor,"ax",%progbits
 278              		.align	1
 279              		.global	USBD_FS_ProductStrDescriptor
 280              		.syntax unified
 281              		.thumb
 282              		.thumb_func
 283              		.fpu fpv4-sp-d16
 285              	USBD_FS_ProductStrDescriptor:
 286              	.LFB135:
 287:Src/usbd_desc.c ****   if(speed == 0)
 287              		.loc 1 287 0
 288              		.cfi_startproc
 289              		@ args = 0, pretend = 0, frame = 0
 290              		@ frame_needed = 0, uses_anonymous_args = 0
 291              	.LVL21:
 292 0000 08B5     		push	{r3, lr}
 293              	.LCFI4:
 294              		.cfi_def_cfa_offset 8
 295              		.cfi_offset 3, -8
 296              		.cfi_offset 14, -4
 297 0002 0A46     		mov	r2, r1
 288:Src/usbd_desc.c ****   {
 298              		.loc 1 288 0
 299 0004 28B1     		cbz	r0, .L34
 294:Src/usbd_desc.c ****   }
 300              		.loc 1 294 0
 301 0006 0549     		ldr	r1, .L35
ARM GAS  /var/folders/k_/d4dbklhx7q1fs9lh20k9kt840000gn/T//cc92E8ib.s 			page 14


 302              	.LVL22:
 303 0008 0548     		ldr	r0, .L35+4
 304              	.LVL23:
 305 000a FFF7FEFF 		bl	USBD_GetString
 306              	.LVL24:
 307              	.L32:
 297:Src/usbd_desc.c **** 
 308              		.loc 1 297 0
 309 000e 0348     		ldr	r0, .L35
 310 0010 08BD     		pop	{r3, pc}
 311              	.LVL25:
 312              	.L34:
 290:Src/usbd_desc.c ****   }
 313              		.loc 1 290 0
 314 0012 0249     		ldr	r1, .L35
 315              	.LVL26:
 316 0014 0248     		ldr	r0, .L35+4
 317              	.LVL27:
 318 0016 FFF7FEFF 		bl	USBD_GetString
 319              	.LVL28:
 320 001a F8E7     		b	.L32
 321              	.L36:
 322              		.align	2
 323              	.L35:
 324 001c 00000000 		.word	USBD_StrDesc
 325 0020 00000000 		.word	.LC0
 326              		.cfi_endproc
 327              	.LFE135:
 329              		.section	.text.USBD_FS_ManufacturerStrDescriptor,"ax",%progbits
 330              		.align	1
 331              		.global	USBD_FS_ManufacturerStrDescriptor
 332              		.syntax unified
 333              		.thumb
 334              		.thumb_func
 335              		.fpu fpv4-sp-d16
 337              	USBD_FS_ManufacturerStrDescriptor:
 338              	.LFB136:
 306:Src/usbd_desc.c ****   UNUSED(speed);
 339              		.loc 1 306 0
 340              		.cfi_startproc
 341              		@ args = 0, pretend = 0, frame = 0
 342              		@ frame_needed = 0, uses_anonymous_args = 0
 343              	.LVL29:
 344 0000 10B5     		push	{r4, lr}
 345              	.LCFI5:
 346              		.cfi_def_cfa_offset 8
 347              		.cfi_offset 4, -8
 348              		.cfi_offset 14, -4
 308:Src/usbd_desc.c ****   return USBD_StrDesc;
 349              		.loc 1 308 0
 350 0002 044C     		ldr	r4, .L39
 351 0004 0A46     		mov	r2, r1
 352 0006 2146     		mov	r1, r4
 353              	.LVL30:
 354 0008 0348     		ldr	r0, .L39+4
 355              	.LVL31:
 356 000a FFF7FEFF 		bl	USBD_GetString
ARM GAS  /var/folders/k_/d4dbklhx7q1fs9lh20k9kt840000gn/T//cc92E8ib.s 			page 15


 357              	.LVL32:
 310:Src/usbd_desc.c **** 
 358              		.loc 1 310 0
 359 000e 2046     		mov	r0, r4
 360 0010 10BD     		pop	{r4, pc}
 361              	.L40:
 362 0012 00BF     		.align	2
 363              	.L39:
 364 0014 00000000 		.word	USBD_StrDesc
 365 0018 00000000 		.word	.LC1
 366              		.cfi_endproc
 367              	.LFE136:
 369              		.section	.text.USBD_FS_ConfigStrDescriptor,"ax",%progbits
 370              		.align	1
 371              		.global	USBD_FS_ConfigStrDescriptor
 372              		.syntax unified
 373              		.thumb
 374              		.thumb_func
 375              		.fpu fpv4-sp-d16
 377              	USBD_FS_ConfigStrDescriptor:
 378              	.LFB138:
 339:Src/usbd_desc.c ****   if(speed == USBD_SPEED_HIGH)
 379              		.loc 1 339 0
 380              		.cfi_startproc
 381              		@ args = 0, pretend = 0, frame = 0
 382              		@ frame_needed = 0, uses_anonymous_args = 0
 383              	.LVL33:
 384 0000 08B5     		push	{r3, lr}
 385              	.LCFI6:
 386              		.cfi_def_cfa_offset 8
 387              		.cfi_offset 3, -8
 388              		.cfi_offset 14, -4
 389 0002 0A46     		mov	r2, r1
 340:Src/usbd_desc.c ****   {
 390              		.loc 1 340 0
 391 0004 28B1     		cbz	r0, .L45
 346:Src/usbd_desc.c ****   }
 392              		.loc 1 346 0
 393 0006 0549     		ldr	r1, .L46
 394              	.LVL34:
 395 0008 0548     		ldr	r0, .L46+4
 396              	.LVL35:
 397 000a FFF7FEFF 		bl	USBD_GetString
 398              	.LVL36:
 399              	.L43:
 349:Src/usbd_desc.c **** 
 400              		.loc 1 349 0
 401 000e 0348     		ldr	r0, .L46
 402 0010 08BD     		pop	{r3, pc}
 403              	.LVL37:
 404              	.L45:
 342:Src/usbd_desc.c ****   }
 405              		.loc 1 342 0
 406 0012 0249     		ldr	r1, .L46
 407              	.LVL38:
 408 0014 0248     		ldr	r0, .L46+4
 409              	.LVL39:
ARM GAS  /var/folders/k_/d4dbklhx7q1fs9lh20k9kt840000gn/T//cc92E8ib.s 			page 16


 410 0016 FFF7FEFF 		bl	USBD_GetString
 411              	.LVL40:
 412 001a F8E7     		b	.L43
 413              	.L47:
 414              		.align	2
 415              	.L46:
 416 001c 00000000 		.word	USBD_StrDesc
 417 0020 00000000 		.word	.LC2
 418              		.cfi_endproc
 419              	.LFE138:
 421              		.section	.text.USBD_FS_InterfaceStrDescriptor,"ax",%progbits
 422              		.align	1
 423              		.global	USBD_FS_InterfaceStrDescriptor
 424              		.syntax unified
 425              		.thumb
 426              		.thumb_func
 427              		.fpu fpv4-sp-d16
 429              	USBD_FS_InterfaceStrDescriptor:
 430              	.LFB139:
 358:Src/usbd_desc.c ****   if(speed == 0)
 431              		.loc 1 358 0
 432              		.cfi_startproc
 433              		@ args = 0, pretend = 0, frame = 0
 434              		@ frame_needed = 0, uses_anonymous_args = 0
 435              	.LVL41:
 436 0000 08B5     		push	{r3, lr}
 437              	.LCFI7:
 438              		.cfi_def_cfa_offset 8
 439              		.cfi_offset 3, -8
 440              		.cfi_offset 14, -4
 441 0002 0A46     		mov	r2, r1
 359:Src/usbd_desc.c ****   {
 442              		.loc 1 359 0
 443 0004 28B1     		cbz	r0, .L52
 365:Src/usbd_desc.c ****   }
 444              		.loc 1 365 0
 445 0006 0549     		ldr	r1, .L53
 446              	.LVL42:
 447 0008 0548     		ldr	r0, .L53+4
 448              	.LVL43:
 449 000a FFF7FEFF 		bl	USBD_GetString
 450              	.LVL44:
 451              	.L50:
 368:Src/usbd_desc.c **** 
 452              		.loc 1 368 0
 453 000e 0348     		ldr	r0, .L53
 454 0010 08BD     		pop	{r3, pc}
 455              	.LVL45:
 456              	.L52:
 361:Src/usbd_desc.c ****   }
 457              		.loc 1 361 0
 458 0012 0249     		ldr	r1, .L53
 459              	.LVL46:
 460 0014 0248     		ldr	r0, .L53+4
 461              	.LVL47:
 462 0016 FFF7FEFF 		bl	USBD_GetString
 463              	.LVL48:
ARM GAS  /var/folders/k_/d4dbklhx7q1fs9lh20k9kt840000gn/T//cc92E8ib.s 			page 17


 464 001a F8E7     		b	.L50
 465              	.L54:
 466              		.align	2
 467              	.L53:
 468 001c 00000000 		.word	USBD_StrDesc
 469 0020 00000000 		.word	.LC3
 470              		.cfi_endproc
 471              	.LFE139:
 473              		.global	USBD_StringSerial
 474              		.comm	USBD_StrDesc,512,4
 475              		.global	USBD_LangIDDesc
 476              		.global	USBD_FS_BOSDesc
 477              		.global	USBD_FS_DeviceDesc
 478              		.global	FS_Desc
 479              		.section	.data.FS_Desc,"aw",%progbits
 480              		.align	2
 483              	FS_Desc:
 484 0000 00000000 		.word	USBD_FS_DeviceDescriptor
 485 0004 00000000 		.word	USBD_FS_LangIDStrDescriptor
 486 0008 00000000 		.word	USBD_FS_ManufacturerStrDescriptor
 487 000c 00000000 		.word	USBD_FS_ProductStrDescriptor
 488 0010 00000000 		.word	USBD_FS_SerialStrDescriptor
 489 0014 00000000 		.word	USBD_FS_ConfigStrDescriptor
 490 0018 00000000 		.word	USBD_FS_InterfaceStrDescriptor
 491 001c 00000000 		.word	USBD_FS_USR_BOSDescriptor
 492              		.section	.data.USBD_FS_BOSDesc,"aw",%progbits
 493              		.align	2
 494              		.set	.LANCHOR2,. + 0
 497              	USBD_FS_BOSDesc:
 498 0000 05       		.byte	5
 499 0001 0F       		.byte	15
 500 0002 0C       		.byte	12
 501 0003 00       		.byte	0
 502 0004 01       		.byte	1
 503 0005 07       		.byte	7
 504 0006 10       		.byte	16
 505 0007 02       		.byte	2
 506 0008 02       		.byte	2
 507 0009 00       		.byte	0
 508 000a 00       		.byte	0
 509 000b 00       		.byte	0
 510              		.section	.data.USBD_FS_DeviceDesc,"aw",%progbits
 511              		.align	2
 512              		.set	.LANCHOR0,. + 0
 515              	USBD_FS_DeviceDesc:
 516 0000 12       		.byte	18
 517 0001 01       		.byte	1
 518 0002 01       		.byte	1
 519 0003 02       		.byte	2
 520 0004 02       		.byte	2
 521 0005 02       		.byte	2
 522 0006 00       		.byte	0
 523 0007 40       		.byte	64
 524 0008 83       		.byte	-125
 525 0009 04       		.byte	4
 526 000a 40       		.byte	64
 527 000b 57       		.byte	87
ARM GAS  /var/folders/k_/d4dbklhx7q1fs9lh20k9kt840000gn/T//cc92E8ib.s 			page 18


 528 000c 00       		.byte	0
 529 000d 02       		.byte	2
 530 000e 01       		.byte	1
 531 000f 02       		.byte	2
 532 0010 03       		.byte	3
 533 0011 01       		.byte	1
 534              		.section	.data.USBD_LangIDDesc,"aw",%progbits
 535              		.align	2
 536              		.set	.LANCHOR1,. + 0
 539              	USBD_LangIDDesc:
 540 0000 04       		.byte	4
 541 0001 03       		.byte	3
 542 0002 09       		.byte	9
 543 0003 04       		.byte	4
 544              		.section	.data.USBD_StringSerial,"aw",%progbits
 545              		.align	2
 546              		.set	.LANCHOR3,. + 0
 549              	USBD_StringSerial:
 550 0000 1A       		.byte	26
 551 0001 03       		.byte	3
 552 0002 00000000 		.space	24
 552      00000000 
 552      00000000 
 552      00000000 
 552      00000000 
 553              		.section	.rodata.USBD_FS_ConfigStrDescriptor.str1.4,"aMS",%progbits,1
 554              		.align	2
 555              	.LC2:
 556 0000 43444320 		.ascii	"CDC Config\000"
 556      436F6E66 
 556      696700
 557              		.section	.rodata.USBD_FS_InterfaceStrDescriptor.str1.4,"aMS",%progbits,1
 558              		.align	2
 559              	.LC3:
 560 0000 43444320 		.ascii	"CDC Interface\000"
 560      496E7465 
 560      72666163 
 560      6500
 561              		.section	.rodata.USBD_FS_ManufacturerStrDescriptor.str1.4,"aMS",%progbits,1
 562              		.align	2
 563              	.LC1:
 564 0000 53544D69 		.ascii	"STMicroelectronics\000"
 564      63726F65 
 564      6C656374 
 564      726F6E69 
 564      637300
 565              		.section	.rodata.USBD_FS_ProductStrDescriptor.str1.4,"aMS",%progbits,1
 566              		.align	2
 567              	.LC0:
 568 0000 53544D33 		.ascii	"STM32 Virtual ComPort\000"
 568      32205669 
 568      72747561 
 568      6C20436F 
 568      6D506F72 
 569              		.text
 570              	.Letext0:
 571              		.file 2 "/usr/local/Cellar/gcc-arm-none-eabi/20180627/arm-none-eabi/include/machine/_default_types
ARM GAS  /var/folders/k_/d4dbklhx7q1fs9lh20k9kt840000gn/T//cc92E8ib.s 			page 19


 572              		.file 3 "/usr/local/Cellar/gcc-arm-none-eabi/20180627/arm-none-eabi/include/sys/lock.h"
 573              		.file 4 "/usr/local/Cellar/gcc-arm-none-eabi/20180627/arm-none-eabi/include/sys/_types.h"
 574              		.file 5 "/usr/local/Cellar/gcc-arm-none-eabi/20180627/lib/gcc/arm-none-eabi/7.3.1/include/stddef.h
 575              		.file 6 "/usr/local/Cellar/gcc-arm-none-eabi/20180627/arm-none-eabi/include/sys/reent.h"
 576              		.file 7 "/usr/local/Cellar/gcc-arm-none-eabi/20180627/arm-none-eabi/include/sys/_stdint.h"
 577              		.file 8 "/usr/local/Cellar/gcc-arm-none-eabi/20180627/arm-none-eabi/include/stdlib.h"
 578              		.file 9 "Drivers/CMSIS/Include/core_cm4.h"
 579              		.file 10 "Drivers/CMSIS/Device/ST/STM32L4xx/Include/system_stm32l4xx.h"
 580              		.file 11 "Drivers/CMSIS/Device/ST/STM32L4xx/Include/stm32l476xx.h"
 581              		.file 12 "Drivers/STM32L4xx_HAL_Driver/Inc/stm32l4xx_hal_def.h"
 582              		.file 13 "Drivers/STM32L4xx_HAL_Driver/Inc/stm32l4xx_hal_dma.h"
 583              		.file 14 "Drivers/STM32L4xx_HAL_Driver/Inc/stm32l4xx_hal_flash.h"
 584              		.file 15 "Drivers/STM32L4xx_HAL_Driver/Inc/stm32l4xx_hal_uart.h"
 585              		.file 16 "Drivers/STM32L4xx_HAL_Driver/Inc/stm32l4xx_hal.h"
 586              		.file 17 "Inc/main.h"
 587              		.file 18 "Middlewares/ST/STM32_USB_Device_Library/Core/Inc/usbd_def.h"
 588              		.file 19 "Inc/usbd_desc.h"
 589              		.file 20 "Middlewares/ST/STM32_USB_Device_Library/Core/Inc/usbd_ctlreq.h"
ARM GAS  /var/folders/k_/d4dbklhx7q1fs9lh20k9kt840000gn/T//cc92E8ib.s 			page 20


DEFINED SYMBOLS
                            *ABS*:0000000000000000 usbd_desc.c
/var/folders/k_/d4dbklhx7q1fs9lh20k9kt840000gn/T//cc92E8ib.s:18     .text.USBD_FS_DeviceDescriptor:0000000000000000 $t
/var/folders/k_/d4dbklhx7q1fs9lh20k9kt840000gn/T//cc92E8ib.s:25     .text.USBD_FS_DeviceDescriptor:0000000000000000 USBD_FS_DeviceDescriptor
/var/folders/k_/d4dbklhx7q1fs9lh20k9kt840000gn/T//cc92E8ib.s:44     .text.USBD_FS_DeviceDescriptor:0000000000000008 $d
/var/folders/k_/d4dbklhx7q1fs9lh20k9kt840000gn/T//cc92E8ib.s:49     .text.USBD_FS_LangIDStrDescriptor:0000000000000000 $t
/var/folders/k_/d4dbklhx7q1fs9lh20k9kt840000gn/T//cc92E8ib.s:56     .text.USBD_FS_LangIDStrDescriptor:0000000000000000 USBD_FS_LangIDStrDescriptor
/var/folders/k_/d4dbklhx7q1fs9lh20k9kt840000gn/T//cc92E8ib.s:74     .text.USBD_FS_LangIDStrDescriptor:0000000000000008 $d
/var/folders/k_/d4dbklhx7q1fs9lh20k9kt840000gn/T//cc92E8ib.s:79     .text.USBD_FS_USR_BOSDescriptor:0000000000000000 $t
/var/folders/k_/d4dbklhx7q1fs9lh20k9kt840000gn/T//cc92E8ib.s:86     .text.USBD_FS_USR_BOSDescriptor:0000000000000000 USBD_FS_USR_BOSDescriptor
/var/folders/k_/d4dbklhx7q1fs9lh20k9kt840000gn/T//cc92E8ib.s:104    .text.USBD_FS_USR_BOSDescriptor:0000000000000008 $d
/var/folders/k_/d4dbklhx7q1fs9lh20k9kt840000gn/T//cc92E8ib.s:109    .text.IntToUnicode:0000000000000000 $t
/var/folders/k_/d4dbklhx7q1fs9lh20k9kt840000gn/T//cc92E8ib.s:115    .text.IntToUnicode:0000000000000000 IntToUnicode
/var/folders/k_/d4dbklhx7q1fs9lh20k9kt840000gn/T//cc92E8ib.s:178    .text.Get_SerialNum:0000000000000000 $t
/var/folders/k_/d4dbklhx7q1fs9lh20k9kt840000gn/T//cc92E8ib.s:184    .text.Get_SerialNum:0000000000000000 Get_SerialNum
/var/folders/k_/d4dbklhx7q1fs9lh20k9kt840000gn/T//cc92E8ib.s:236    .text.Get_SerialNum:000000000000002c $d
/var/folders/k_/d4dbklhx7q1fs9lh20k9kt840000gn/T//cc92E8ib.s:242    .text.USBD_FS_SerialStrDescriptor:0000000000000000 $t
/var/folders/k_/d4dbklhx7q1fs9lh20k9kt840000gn/T//cc92E8ib.s:249    .text.USBD_FS_SerialStrDescriptor:0000000000000000 USBD_FS_SerialStrDescriptor
/var/folders/k_/d4dbklhx7q1fs9lh20k9kt840000gn/T//cc92E8ib.s:273    .text.USBD_FS_SerialStrDescriptor:0000000000000010 $d
/var/folders/k_/d4dbklhx7q1fs9lh20k9kt840000gn/T//cc92E8ib.s:278    .text.USBD_FS_ProductStrDescriptor:0000000000000000 $t
/var/folders/k_/d4dbklhx7q1fs9lh20k9kt840000gn/T//cc92E8ib.s:285    .text.USBD_FS_ProductStrDescriptor:0000000000000000 USBD_FS_ProductStrDescriptor
/var/folders/k_/d4dbklhx7q1fs9lh20k9kt840000gn/T//cc92E8ib.s:324    .text.USBD_FS_ProductStrDescriptor:000000000000001c $d
                            *COM*:0000000000000200 USBD_StrDesc
/var/folders/k_/d4dbklhx7q1fs9lh20k9kt840000gn/T//cc92E8ib.s:330    .text.USBD_FS_ManufacturerStrDescriptor:0000000000000000 $t
/var/folders/k_/d4dbklhx7q1fs9lh20k9kt840000gn/T//cc92E8ib.s:337    .text.USBD_FS_ManufacturerStrDescriptor:0000000000000000 USBD_FS_ManufacturerStrDescriptor
/var/folders/k_/d4dbklhx7q1fs9lh20k9kt840000gn/T//cc92E8ib.s:364    .text.USBD_FS_ManufacturerStrDescriptor:0000000000000014 $d
/var/folders/k_/d4dbklhx7q1fs9lh20k9kt840000gn/T//cc92E8ib.s:370    .text.USBD_FS_ConfigStrDescriptor:0000000000000000 $t
/var/folders/k_/d4dbklhx7q1fs9lh20k9kt840000gn/T//cc92E8ib.s:377    .text.USBD_FS_ConfigStrDescriptor:0000000000000000 USBD_FS_ConfigStrDescriptor
/var/folders/k_/d4dbklhx7q1fs9lh20k9kt840000gn/T//cc92E8ib.s:416    .text.USBD_FS_ConfigStrDescriptor:000000000000001c $d
/var/folders/k_/d4dbklhx7q1fs9lh20k9kt840000gn/T//cc92E8ib.s:422    .text.USBD_FS_InterfaceStrDescriptor:0000000000000000 $t
/var/folders/k_/d4dbklhx7q1fs9lh20k9kt840000gn/T//cc92E8ib.s:429    .text.USBD_FS_InterfaceStrDescriptor:0000000000000000 USBD_FS_InterfaceStrDescriptor
/var/folders/k_/d4dbklhx7q1fs9lh20k9kt840000gn/T//cc92E8ib.s:468    .text.USBD_FS_InterfaceStrDescriptor:000000000000001c $d
/var/folders/k_/d4dbklhx7q1fs9lh20k9kt840000gn/T//cc92E8ib.s:549    .data.USBD_StringSerial:0000000000000000 USBD_StringSerial
/var/folders/k_/d4dbklhx7q1fs9lh20k9kt840000gn/T//cc92E8ib.s:539    .data.USBD_LangIDDesc:0000000000000000 USBD_LangIDDesc
/var/folders/k_/d4dbklhx7q1fs9lh20k9kt840000gn/T//cc92E8ib.s:497    .data.USBD_FS_BOSDesc:0000000000000000 USBD_FS_BOSDesc
/var/folders/k_/d4dbklhx7q1fs9lh20k9kt840000gn/T//cc92E8ib.s:515    .data.USBD_FS_DeviceDesc:0000000000000000 USBD_FS_DeviceDesc
/var/folders/k_/d4dbklhx7q1fs9lh20k9kt840000gn/T//cc92E8ib.s:483    .data.FS_Desc:0000000000000000 FS_Desc
/var/folders/k_/d4dbklhx7q1fs9lh20k9kt840000gn/T//cc92E8ib.s:480    .data.FS_Desc:0000000000000000 $d
/var/folders/k_/d4dbklhx7q1fs9lh20k9kt840000gn/T//cc92E8ib.s:493    .data.USBD_FS_BOSDesc:0000000000000000 $d
/var/folders/k_/d4dbklhx7q1fs9lh20k9kt840000gn/T//cc92E8ib.s:511    .data.USBD_FS_DeviceDesc:0000000000000000 $d
/var/folders/k_/d4dbklhx7q1fs9lh20k9kt840000gn/T//cc92E8ib.s:535    .data.USBD_LangIDDesc:0000000000000000 $d
/var/folders/k_/d4dbklhx7q1fs9lh20k9kt840000gn/T//cc92E8ib.s:545    .data.USBD_StringSerial:0000000000000000 $d
/var/folders/k_/d4dbklhx7q1fs9lh20k9kt840000gn/T//cc92E8ib.s:554    .rodata.USBD_FS_ConfigStrDescriptor.str1.4:0000000000000000 $d
/var/folders/k_/d4dbklhx7q1fs9lh20k9kt840000gn/T//cc92E8ib.s:558    .rodata.USBD_FS_InterfaceStrDescriptor.str1.4:0000000000000000 $d
/var/folders/k_/d4dbklhx7q1fs9lh20k9kt840000gn/T//cc92E8ib.s:562    .rodata.USBD_FS_ManufacturerStrDescriptor.str1.4:0000000000000000 $d
/var/folders/k_/d4dbklhx7q1fs9lh20k9kt840000gn/T//cc92E8ib.s:566    .rodata.USBD_FS_ProductStrDescriptor.str1.4:0000000000000000 $d

UNDEFINED SYMBOLS
USBD_GetString
