ARM GAS  /var/folders/k_/d4dbklhx7q1fs9lh20k9kt840000gn/T//ccjEWLQl.s 			page 1


   1              		.cpu cortex-m4
   2              		.eabi_attribute 27, 1
   3              		.eabi_attribute 28, 1
   4              		.eabi_attribute 20, 1
   5              		.eabi_attribute 21, 1
   6              		.eabi_attribute 23, 3
   7              		.eabi_attribute 24, 1
   8              		.eabi_attribute 25, 1
   9              		.eabi_attribute 26, 1
  10              		.eabi_attribute 30, 1
  11              		.eabi_attribute 34, 1
  12              		.eabi_attribute 18, 4
  13              		.file	"main.c"
  14              		.text
  15              	.Ltext0:
  16              		.cfi_sections	.debug_frame
  17              		.section	.text.MX_GPIO_Init,"ax",%progbits
  18              		.align	1
  19              		.syntax unified
  20              		.thumb
  21              		.thumb_func
  22              		.fpu fpv4-sp-d16
  24              	MX_GPIO_Init:
  25              	.LFB133:
  26              		.file 1 "Src/main.c"
   1:Src/main.c    **** /* USER CODE BEGIN Header */
   2:Src/main.c    **** /**
   3:Src/main.c    ****   ******************************************************************************
   4:Src/main.c    ****   * @file           : main.c
   5:Src/main.c    ****   * @brief          : Main program body
   6:Src/main.c    ****   ******************************************************************************
   7:Src/main.c    ****   * @attention
   8:Src/main.c    ****   *
   9:Src/main.c    ****   * <h2><center>&copy; Copyright (c) 2020 STMicroelectronics.
  10:Src/main.c    ****   * All rights reserved.</center></h2>
  11:Src/main.c    ****   *
  12:Src/main.c    ****   * This software component is licensed by ST under BSD 3-Clause license,
  13:Src/main.c    ****   * the "License"; You may not use this file except in compliance with the
  14:Src/main.c    ****   * License. You may obtain a copy of the License at:
  15:Src/main.c    ****   *                        opensource.org/licenses/BSD-3-Clause
  16:Src/main.c    ****   *
  17:Src/main.c    ****   ******************************************************************************
  18:Src/main.c    ****   */
  19:Src/main.c    **** /* USER CODE END Header */
  20:Src/main.c    **** 
  21:Src/main.c    **** /* Includes ------------------------------------------------------------------*/
  22:Src/main.c    **** #include "main.h"
  23:Src/main.c    **** 
  24:Src/main.c    **** /* Private includes ----------------------------------------------------------*/
  25:Src/main.c    **** /* USER CODE BEGIN Includes */
  26:Src/main.c    **** 
  27:Src/main.c    **** /* USER CODE END Includes */
  28:Src/main.c    **** 
  29:Src/main.c    **** /* Private typedef -----------------------------------------------------------*/
  30:Src/main.c    **** /* USER CODE BEGIN PTD */
  31:Src/main.c    **** 
  32:Src/main.c    **** /* USER CODE END PTD */
ARM GAS  /var/folders/k_/d4dbklhx7q1fs9lh20k9kt840000gn/T//ccjEWLQl.s 			page 2


  33:Src/main.c    **** 
  34:Src/main.c    **** /* Private define ------------------------------------------------------------*/
  35:Src/main.c    **** /* USER CODE BEGIN PD */
  36:Src/main.c    **** /* USER CODE END PD */
  37:Src/main.c    **** 
  38:Src/main.c    **** /* Private macro -------------------------------------------------------------*/
  39:Src/main.c    **** /* USER CODE BEGIN PM */
  40:Src/main.c    **** 
  41:Src/main.c    **** /* USER CODE END PM */
  42:Src/main.c    **** 
  43:Src/main.c    **** /* Private variables ---------------------------------------------------------*/
  44:Src/main.c    **** UART_HandleTypeDef huart2;
  45:Src/main.c    **** 
  46:Src/main.c    **** /* USER CODE BEGIN PV */
  47:Src/main.c    **** 
  48:Src/main.c    **** /* USER CODE END PV */
  49:Src/main.c    **** 
  50:Src/main.c    **** /* Private function prototypes -----------------------------------------------*/
  51:Src/main.c    **** void SystemClock_Config(void);
  52:Src/main.c    **** static void MX_GPIO_Init(void);
  53:Src/main.c    **** static void MX_USART2_UART_Init(void);
  54:Src/main.c    **** /* USER CODE BEGIN PFP */
  55:Src/main.c    **** 
  56:Src/main.c    **** /* USER CODE END PFP */
  57:Src/main.c    **** 
  58:Src/main.c    **** /* Private user code ---------------------------------------------------------*/
  59:Src/main.c    **** /* USER CODE BEGIN 0 */
  60:Src/main.c    **** 
  61:Src/main.c    **** /* USER CODE END 0 */
  62:Src/main.c    **** 
  63:Src/main.c    **** /**
  64:Src/main.c    ****   * @brief  The application entry point.
  65:Src/main.c    ****   * @retval int
  66:Src/main.c    ****   */
  67:Src/main.c    **** int main(void)
  68:Src/main.c    **** {
  69:Src/main.c    ****   /* USER CODE BEGIN 1 */
  70:Src/main.c    **** 
  71:Src/main.c    ****   /* USER CODE END 1 */
  72:Src/main.c    **** 
  73:Src/main.c    ****   /* MCU Configuration--------------------------------------------------------*/
  74:Src/main.c    **** 
  75:Src/main.c    ****   /* Reset of all peripherals, Initializes the Flash interface and the Systick. */
  76:Src/main.c    ****   HAL_Init();
  77:Src/main.c    **** 
  78:Src/main.c    ****   /* USER CODE BEGIN Init */
  79:Src/main.c    **** 
  80:Src/main.c    ****   /* USER CODE END Init */
  81:Src/main.c    **** 
  82:Src/main.c    ****   /* Configure the system clock */
  83:Src/main.c    ****   SystemClock_Config();
  84:Src/main.c    **** 
  85:Src/main.c    ****   /* USER CODE BEGIN SysInit */
  86:Src/main.c    **** 
  87:Src/main.c    ****   /* USER CODE END SysInit */
  88:Src/main.c    **** 
  89:Src/main.c    ****   /* Initialize all configured peripherals */
ARM GAS  /var/folders/k_/d4dbklhx7q1fs9lh20k9kt840000gn/T//ccjEWLQl.s 			page 3


  90:Src/main.c    ****   MX_GPIO_Init();
  91:Src/main.c    ****   MX_USART2_UART_Init();
  92:Src/main.c    ****   /* USER CODE BEGIN 2 */
  93:Src/main.c    **** 
  94:Src/main.c    ****   /* USER CODE END 2 */
  95:Src/main.c    **** 
  96:Src/main.c    ****   /* Infinite loop */
  97:Src/main.c    ****   /* USER CODE BEGIN WHILE */
  98:Src/main.c    ****   while (1)
  99:Src/main.c    ****   {
 100:Src/main.c    ****     /* USER CODE END WHILE */
 101:Src/main.c    ****     HAL_GPIO_TogglePin(GPIOA, GPIO_PIN_5);
 102:Src/main.c    ****     HAL_Delay(1000);
 103:Src/main.c    ****     /* USER CODE BEGIN 3 */
 104:Src/main.c    ****   }
 105:Src/main.c    ****   /* USER CODE END 3 */
 106:Src/main.c    **** }
 107:Src/main.c    **** 
 108:Src/main.c    **** /**
 109:Src/main.c    ****   * @brief System Clock Configuration
 110:Src/main.c    ****   * @retval None
 111:Src/main.c    ****   */
 112:Src/main.c    **** void SystemClock_Config(void)
 113:Src/main.c    **** {
 114:Src/main.c    ****   RCC_OscInitTypeDef RCC_OscInitStruct = {0};
 115:Src/main.c    ****   RCC_ClkInitTypeDef RCC_ClkInitStruct = {0};
 116:Src/main.c    ****   RCC_PeriphCLKInitTypeDef PeriphClkInit = {0};
 117:Src/main.c    **** 
 118:Src/main.c    ****   /** Initializes the CPU, AHB and APB busses clocks 
 119:Src/main.c    ****   */
 120:Src/main.c    ****   RCC_OscInitStruct.OscillatorType = RCC_OSCILLATORTYPE_HSI;
 121:Src/main.c    ****   RCC_OscInitStruct.HSIState = RCC_HSI_ON;
 122:Src/main.c    ****   RCC_OscInitStruct.HSICalibrationValue = RCC_HSICALIBRATION_DEFAULT;
 123:Src/main.c    ****   RCC_OscInitStruct.PLL.PLLState = RCC_PLL_ON;
 124:Src/main.c    ****   RCC_OscInitStruct.PLL.PLLSource = RCC_PLLSOURCE_HSI;
 125:Src/main.c    ****   RCC_OscInitStruct.PLL.PLLM = 1;
 126:Src/main.c    ****   RCC_OscInitStruct.PLL.PLLN = 10;
 127:Src/main.c    ****   RCC_OscInitStruct.PLL.PLLP = RCC_PLLP_DIV7;
 128:Src/main.c    ****   RCC_OscInitStruct.PLL.PLLQ = RCC_PLLQ_DIV2;
 129:Src/main.c    ****   RCC_OscInitStruct.PLL.PLLR = RCC_PLLR_DIV2;
 130:Src/main.c    ****   if (HAL_RCC_OscConfig(&RCC_OscInitStruct) != HAL_OK)
 131:Src/main.c    ****   {
 132:Src/main.c    ****     Error_Handler();
 133:Src/main.c    ****   }
 134:Src/main.c    ****   /** Initializes the CPU, AHB and APB busses clocks 
 135:Src/main.c    ****   */
 136:Src/main.c    ****   RCC_ClkInitStruct.ClockType = RCC_CLOCKTYPE_HCLK|RCC_CLOCKTYPE_SYSCLK
 137:Src/main.c    ****                               |RCC_CLOCKTYPE_PCLK1|RCC_CLOCKTYPE_PCLK2;
 138:Src/main.c    ****   RCC_ClkInitStruct.SYSCLKSource = RCC_SYSCLKSOURCE_PLLCLK;
 139:Src/main.c    ****   RCC_ClkInitStruct.AHBCLKDivider = RCC_SYSCLK_DIV1;
 140:Src/main.c    ****   RCC_ClkInitStruct.APB1CLKDivider = RCC_HCLK_DIV1;
 141:Src/main.c    ****   RCC_ClkInitStruct.APB2CLKDivider = RCC_HCLK_DIV1;
 142:Src/main.c    **** 
 143:Src/main.c    ****   if (HAL_RCC_ClockConfig(&RCC_ClkInitStruct, FLASH_LATENCY_4) != HAL_OK)
 144:Src/main.c    ****   {
 145:Src/main.c    ****     Error_Handler();
 146:Src/main.c    ****   }
ARM GAS  /var/folders/k_/d4dbklhx7q1fs9lh20k9kt840000gn/T//ccjEWLQl.s 			page 4


 147:Src/main.c    ****   PeriphClkInit.PeriphClockSelection = RCC_PERIPHCLK_USART2;
 148:Src/main.c    ****   PeriphClkInit.Usart2ClockSelection = RCC_USART2CLKSOURCE_PCLK1;
 149:Src/main.c    ****   if (HAL_RCCEx_PeriphCLKConfig(&PeriphClkInit) != HAL_OK)
 150:Src/main.c    ****   {
 151:Src/main.c    ****     Error_Handler();
 152:Src/main.c    ****   }
 153:Src/main.c    ****   /** Configure the main internal regulator output voltage 
 154:Src/main.c    ****   */
 155:Src/main.c    ****   if (HAL_PWREx_ControlVoltageScaling(PWR_REGULATOR_VOLTAGE_SCALE1) != HAL_OK)
 156:Src/main.c    ****   {
 157:Src/main.c    ****     Error_Handler();
 158:Src/main.c    ****   }
 159:Src/main.c    **** }
 160:Src/main.c    **** 
 161:Src/main.c    **** /**
 162:Src/main.c    ****   * @brief USART2 Initialization Function
 163:Src/main.c    ****   * @param None
 164:Src/main.c    ****   * @retval None
 165:Src/main.c    ****   */
 166:Src/main.c    **** static void MX_USART2_UART_Init(void)
 167:Src/main.c    **** {
 168:Src/main.c    **** 
 169:Src/main.c    ****   /* USER CODE BEGIN USART2_Init 0 */
 170:Src/main.c    **** 
 171:Src/main.c    ****   /* USER CODE END USART2_Init 0 */
 172:Src/main.c    **** 
 173:Src/main.c    ****   /* USER CODE BEGIN USART2_Init 1 */
 174:Src/main.c    **** 
 175:Src/main.c    ****   /* USER CODE END USART2_Init 1 */
 176:Src/main.c    ****   huart2.Instance = USART2;
 177:Src/main.c    ****   huart2.Init.BaudRate = 115200;
 178:Src/main.c    ****   huart2.Init.WordLength = UART_WORDLENGTH_8B;
 179:Src/main.c    ****   huart2.Init.StopBits = UART_STOPBITS_1;
 180:Src/main.c    ****   huart2.Init.Parity = UART_PARITY_NONE;
 181:Src/main.c    ****   huart2.Init.Mode = UART_MODE_TX_RX;
 182:Src/main.c    ****   huart2.Init.HwFlowCtl = UART_HWCONTROL_NONE;
 183:Src/main.c    ****   huart2.Init.OverSampling = UART_OVERSAMPLING_16;
 184:Src/main.c    ****   huart2.Init.OneBitSampling = UART_ONE_BIT_SAMPLE_DISABLE;
 185:Src/main.c    ****   huart2.AdvancedInit.AdvFeatureInit = UART_ADVFEATURE_NO_INIT;
 186:Src/main.c    ****   if (HAL_UART_Init(&huart2) != HAL_OK)
 187:Src/main.c    ****   {
 188:Src/main.c    ****     Error_Handler();
 189:Src/main.c    ****   }
 190:Src/main.c    ****   /* USER CODE BEGIN USART2_Init 2 */
 191:Src/main.c    **** 
 192:Src/main.c    ****   /* USER CODE END USART2_Init 2 */
 193:Src/main.c    **** 
 194:Src/main.c    **** }
 195:Src/main.c    **** 
 196:Src/main.c    **** /**
 197:Src/main.c    ****   * @brief GPIO Initialization Function
 198:Src/main.c    ****   * @param None
 199:Src/main.c    ****   * @retval None
 200:Src/main.c    ****   */
 201:Src/main.c    **** static void MX_GPIO_Init(void)
 202:Src/main.c    **** {
  27              		.loc 1 202 0
ARM GAS  /var/folders/k_/d4dbklhx7q1fs9lh20k9kt840000gn/T//ccjEWLQl.s 			page 5


  28              		.cfi_startproc
  29              		@ args = 0, pretend = 0, frame = 40
  30              		@ frame_needed = 0, uses_anonymous_args = 0
  31 0000 10B5     		push	{r4, lr}
  32              	.LCFI0:
  33              		.cfi_def_cfa_offset 8
  34              		.cfi_offset 4, -8
  35              		.cfi_offset 14, -4
  36 0002 8AB0     		sub	sp, sp, #40
  37              	.LCFI1:
  38              		.cfi_def_cfa_offset 48
 203:Src/main.c    ****   GPIO_InitTypeDef GPIO_InitStruct = {0};
  39              		.loc 1 203 0
  40 0004 0024     		movs	r4, #0
  41 0006 0594     		str	r4, [sp, #20]
  42 0008 0694     		str	r4, [sp, #24]
  43 000a 0794     		str	r4, [sp, #28]
  44 000c 0894     		str	r4, [sp, #32]
  45 000e 0994     		str	r4, [sp, #36]
  46              	.LBB2:
 204:Src/main.c    **** 
 205:Src/main.c    ****   /* GPIO Ports Clock Enable */
 206:Src/main.c    ****   __HAL_RCC_GPIOC_CLK_ENABLE();
  47              		.loc 1 206 0
  48 0010 204B     		ldr	r3, .L3
  49 0012 DA6C     		ldr	r2, [r3, #76]
  50 0014 42F00402 		orr	r2, r2, #4
  51 0018 DA64     		str	r2, [r3, #76]
  52 001a DA6C     		ldr	r2, [r3, #76]
  53 001c 02F00402 		and	r2, r2, #4
  54 0020 0192     		str	r2, [sp, #4]
  55 0022 019A     		ldr	r2, [sp, #4]
  56              	.LBE2:
  57              	.LBB3:
 207:Src/main.c    ****   __HAL_RCC_GPIOH_CLK_ENABLE();
  58              		.loc 1 207 0
  59 0024 DA6C     		ldr	r2, [r3, #76]
  60 0026 42F08002 		orr	r2, r2, #128
  61 002a DA64     		str	r2, [r3, #76]
  62 002c DA6C     		ldr	r2, [r3, #76]
  63 002e 02F08002 		and	r2, r2, #128
  64 0032 0292     		str	r2, [sp, #8]
  65 0034 029A     		ldr	r2, [sp, #8]
  66              	.LBE3:
  67              	.LBB4:
 208:Src/main.c    ****   __HAL_RCC_GPIOA_CLK_ENABLE();
  68              		.loc 1 208 0
  69 0036 DA6C     		ldr	r2, [r3, #76]
  70 0038 42F00102 		orr	r2, r2, #1
  71 003c DA64     		str	r2, [r3, #76]
  72 003e DA6C     		ldr	r2, [r3, #76]
  73 0040 02F00102 		and	r2, r2, #1
  74 0044 0392     		str	r2, [sp, #12]
  75 0046 039A     		ldr	r2, [sp, #12]
  76              	.LBE4:
  77              	.LBB5:
 209:Src/main.c    ****   __HAL_RCC_GPIOB_CLK_ENABLE();
ARM GAS  /var/folders/k_/d4dbklhx7q1fs9lh20k9kt840000gn/T//ccjEWLQl.s 			page 6


  78              		.loc 1 209 0
  79 0048 DA6C     		ldr	r2, [r3, #76]
  80 004a 42F00202 		orr	r2, r2, #2
  81 004e DA64     		str	r2, [r3, #76]
  82 0050 DB6C     		ldr	r3, [r3, #76]
  83 0052 03F00203 		and	r3, r3, #2
  84 0056 0493     		str	r3, [sp, #16]
  85 0058 049B     		ldr	r3, [sp, #16]
  86              	.LBE5:
 210:Src/main.c    **** 
 211:Src/main.c    ****   /*Configure GPIO pin Output Level */
 212:Src/main.c    ****   HAL_GPIO_WritePin(LD2_GPIO_Port, LD2_Pin, GPIO_PIN_RESET);
  87              		.loc 1 212 0
  88 005a 2246     		mov	r2, r4
  89 005c 2021     		movs	r1, #32
  90 005e 4FF09040 		mov	r0, #1207959552
  91 0062 FFF7FEFF 		bl	HAL_GPIO_WritePin
  92              	.LVL0:
 213:Src/main.c    **** 
 214:Src/main.c    ****   /*Configure GPIO pin : B1_Pin */
 215:Src/main.c    ****   GPIO_InitStruct.Pin = B1_Pin;
  93              		.loc 1 215 0
  94 0066 4FF40053 		mov	r3, #8192
  95 006a 0593     		str	r3, [sp, #20]
 216:Src/main.c    ****   GPIO_InitStruct.Mode = GPIO_MODE_IT_FALLING;
  96              		.loc 1 216 0
  97 006c 0A4B     		ldr	r3, .L3+4
  98 006e 0693     		str	r3, [sp, #24]
 217:Src/main.c    ****   GPIO_InitStruct.Pull = GPIO_NOPULL;
  99              		.loc 1 217 0
 100 0070 0794     		str	r4, [sp, #28]
 218:Src/main.c    ****   HAL_GPIO_Init(B1_GPIO_Port, &GPIO_InitStruct);
 101              		.loc 1 218 0
 102 0072 05A9     		add	r1, sp, #20
 103 0074 0948     		ldr	r0, .L3+8
 104 0076 FFF7FEFF 		bl	HAL_GPIO_Init
 105              	.LVL1:
 219:Src/main.c    **** 
 220:Src/main.c    ****   /*Configure GPIO pin : LD2_Pin */
 221:Src/main.c    ****   GPIO_InitStruct.Pin = LD2_Pin;
 106              		.loc 1 221 0
 107 007a 2023     		movs	r3, #32
 108 007c 0593     		str	r3, [sp, #20]
 222:Src/main.c    ****   GPIO_InitStruct.Mode = GPIO_MODE_OUTPUT_PP;
 109              		.loc 1 222 0
 110 007e 0123     		movs	r3, #1
 111 0080 0693     		str	r3, [sp, #24]
 223:Src/main.c    ****   GPIO_InitStruct.Pull = GPIO_NOPULL;
 112              		.loc 1 223 0
 113 0082 0794     		str	r4, [sp, #28]
 224:Src/main.c    ****   GPIO_InitStruct.Speed = GPIO_SPEED_FREQ_LOW;
 114              		.loc 1 224 0
 115 0084 0894     		str	r4, [sp, #32]
 225:Src/main.c    ****   HAL_GPIO_Init(LD2_GPIO_Port, &GPIO_InitStruct);
 116              		.loc 1 225 0
 117 0086 05A9     		add	r1, sp, #20
 118 0088 4FF09040 		mov	r0, #1207959552
ARM GAS  /var/folders/k_/d4dbklhx7q1fs9lh20k9kt840000gn/T//ccjEWLQl.s 			page 7


 119 008c FFF7FEFF 		bl	HAL_GPIO_Init
 120              	.LVL2:
 226:Src/main.c    **** 
 227:Src/main.c    **** }
 121              		.loc 1 227 0
 122 0090 0AB0     		add	sp, sp, #40
 123              	.LCFI2:
 124              		.cfi_def_cfa_offset 8
 125              		@ sp needed
 126 0092 10BD     		pop	{r4, pc}
 127              	.L4:
 128              		.align	2
 129              	.L3:
 130 0094 00100240 		.word	1073876992
 131 0098 00002110 		.word	270598144
 132 009c 00080048 		.word	1207961600
 133              		.cfi_endproc
 134              	.LFE133:
 136              		.section	.text.MX_USART2_UART_Init,"ax",%progbits
 137              		.align	1
 138              		.syntax unified
 139              		.thumb
 140              		.thumb_func
 141              		.fpu fpv4-sp-d16
 143              	MX_USART2_UART_Init:
 144              	.LFB132:
 167:Src/main.c    **** 
 145              		.loc 1 167 0
 146              		.cfi_startproc
 147              		@ args = 0, pretend = 0, frame = 0
 148              		@ frame_needed = 0, uses_anonymous_args = 0
 149 0000 08B5     		push	{r3, lr}
 150              	.LCFI3:
 151              		.cfi_def_cfa_offset 8
 152              		.cfi_offset 3, -8
 153              		.cfi_offset 14, -4
 176:Src/main.c    ****   huart2.Init.BaudRate = 115200;
 154              		.loc 1 176 0
 155 0002 0948     		ldr	r0, .L7
 156 0004 094B     		ldr	r3, .L7+4
 157 0006 0360     		str	r3, [r0]
 177:Src/main.c    ****   huart2.Init.WordLength = UART_WORDLENGTH_8B;
 158              		.loc 1 177 0
 159 0008 4FF4E133 		mov	r3, #115200
 160 000c 4360     		str	r3, [r0, #4]
 178:Src/main.c    ****   huart2.Init.StopBits = UART_STOPBITS_1;
 161              		.loc 1 178 0
 162 000e 0023     		movs	r3, #0
 163 0010 8360     		str	r3, [r0, #8]
 179:Src/main.c    ****   huart2.Init.Parity = UART_PARITY_NONE;
 164              		.loc 1 179 0
 165 0012 C360     		str	r3, [r0, #12]
 180:Src/main.c    ****   huart2.Init.Mode = UART_MODE_TX_RX;
 166              		.loc 1 180 0
 167 0014 0361     		str	r3, [r0, #16]
 181:Src/main.c    ****   huart2.Init.HwFlowCtl = UART_HWCONTROL_NONE;
 168              		.loc 1 181 0
ARM GAS  /var/folders/k_/d4dbklhx7q1fs9lh20k9kt840000gn/T//ccjEWLQl.s 			page 8


 169 0016 0C22     		movs	r2, #12
 170 0018 4261     		str	r2, [r0, #20]
 182:Src/main.c    ****   huart2.Init.OverSampling = UART_OVERSAMPLING_16;
 171              		.loc 1 182 0
 172 001a 8361     		str	r3, [r0, #24]
 183:Src/main.c    ****   huart2.Init.OneBitSampling = UART_ONE_BIT_SAMPLE_DISABLE;
 173              		.loc 1 183 0
 174 001c C361     		str	r3, [r0, #28]
 184:Src/main.c    ****   huart2.AdvancedInit.AdvFeatureInit = UART_ADVFEATURE_NO_INIT;
 175              		.loc 1 184 0
 176 001e 0362     		str	r3, [r0, #32]
 185:Src/main.c    ****   if (HAL_UART_Init(&huart2) != HAL_OK)
 177              		.loc 1 185 0
 178 0020 4362     		str	r3, [r0, #36]
 186:Src/main.c    ****   {
 179              		.loc 1 186 0
 180 0022 FFF7FEFF 		bl	HAL_UART_Init
 181              	.LVL3:
 194:Src/main.c    **** 
 182              		.loc 1 194 0
 183 0026 08BD     		pop	{r3, pc}
 184              	.L8:
 185              		.align	2
 186              	.L7:
 187 0028 00000000 		.word	huart2
 188 002c 00440040 		.word	1073759232
 189              		.cfi_endproc
 190              	.LFE132:
 192              		.section	.text.SystemClock_Config,"ax",%progbits
 193              		.align	1
 194              		.global	SystemClock_Config
 195              		.syntax unified
 196              		.thumb
 197              		.thumb_func
 198              		.fpu fpv4-sp-d16
 200              	SystemClock_Config:
 201              	.LFB131:
 113:Src/main.c    ****   RCC_OscInitTypeDef RCC_OscInitStruct = {0};
 202              		.loc 1 113 0
 203              		.cfi_startproc
 204              		@ args = 0, pretend = 0, frame = 224
 205              		@ frame_needed = 0, uses_anonymous_args = 0
 206 0000 30B5     		push	{r4, r5, lr}
 207              	.LCFI4:
 208              		.cfi_def_cfa_offset 12
 209              		.cfi_offset 4, -12
 210              		.cfi_offset 5, -8
 211              		.cfi_offset 14, -4
 212 0002 B9B0     		sub	sp, sp, #228
 213              	.LCFI5:
 214              		.cfi_def_cfa_offset 240
 114:Src/main.c    ****   RCC_ClkInitTypeDef RCC_ClkInitStruct = {0};
 215              		.loc 1 114 0
 216 0004 2422     		movs	r2, #36
 217 0006 0021     		movs	r1, #0
 218 0008 28A8     		add	r0, sp, #160
 219 000a FFF7FEFF 		bl	memset
ARM GAS  /var/folders/k_/d4dbklhx7q1fs9lh20k9kt840000gn/T//ccjEWLQl.s 			page 9


 220              	.LVL4:
 115:Src/main.c    ****   RCC_PeriphCLKInitTypeDef PeriphClkInit = {0};
 221              		.loc 1 115 0
 222 000e 0024     		movs	r4, #0
 223 0010 2294     		str	r4, [sp, #136]
 224 0012 2394     		str	r4, [sp, #140]
 225 0014 2494     		str	r4, [sp, #144]
 226 0016 2594     		str	r4, [sp, #148]
 227 0018 2694     		str	r4, [sp, #152]
 116:Src/main.c    **** 
 228              		.loc 1 116 0
 229 001a 8822     		movs	r2, #136
 230 001c 2146     		mov	r1, r4
 231 001e 6846     		mov	r0, sp
 232 0020 FFF7FEFF 		bl	memset
 233              	.LVL5:
 120:Src/main.c    ****   RCC_OscInitStruct.HSIState = RCC_HSI_ON;
 234              		.loc 1 120 0
 235 0024 0225     		movs	r5, #2
 236 0026 2795     		str	r5, [sp, #156]
 121:Src/main.c    ****   RCC_OscInitStruct.HSICalibrationValue = RCC_HSICALIBRATION_DEFAULT;
 237              		.loc 1 121 0
 238 0028 4FF48073 		mov	r3, #256
 239 002c 2A93     		str	r3, [sp, #168]
 122:Src/main.c    ****   RCC_OscInitStruct.PLL.PLLState = RCC_PLL_ON;
 240              		.loc 1 122 0
 241 002e 1023     		movs	r3, #16
 242 0030 2B93     		str	r3, [sp, #172]
 123:Src/main.c    ****   RCC_OscInitStruct.PLL.PLLSource = RCC_PLLSOURCE_HSI;
 243              		.loc 1 123 0
 244 0032 3195     		str	r5, [sp, #196]
 124:Src/main.c    ****   RCC_OscInitStruct.PLL.PLLM = 1;
 245              		.loc 1 124 0
 246 0034 3295     		str	r5, [sp, #200]
 125:Src/main.c    ****   RCC_OscInitStruct.PLL.PLLN = 10;
 247              		.loc 1 125 0
 248 0036 0123     		movs	r3, #1
 249 0038 3393     		str	r3, [sp, #204]
 126:Src/main.c    ****   RCC_OscInitStruct.PLL.PLLP = RCC_PLLP_DIV7;
 250              		.loc 1 126 0
 251 003a 0A23     		movs	r3, #10
 252 003c 3493     		str	r3, [sp, #208]
 127:Src/main.c    ****   RCC_OscInitStruct.PLL.PLLQ = RCC_PLLQ_DIV2;
 253              		.loc 1 127 0
 254 003e 0723     		movs	r3, #7
 255 0040 3593     		str	r3, [sp, #212]
 128:Src/main.c    ****   RCC_OscInitStruct.PLL.PLLR = RCC_PLLR_DIV2;
 256              		.loc 1 128 0
 257 0042 3695     		str	r5, [sp, #216]
 129:Src/main.c    ****   if (HAL_RCC_OscConfig(&RCC_OscInitStruct) != HAL_OK)
 258              		.loc 1 129 0
 259 0044 3795     		str	r5, [sp, #220]
 130:Src/main.c    ****   {
 260              		.loc 1 130 0
 261 0046 27A8     		add	r0, sp, #156
 262 0048 FFF7FEFF 		bl	HAL_RCC_OscConfig
 263              	.LVL6:
ARM GAS  /var/folders/k_/d4dbklhx7q1fs9lh20k9kt840000gn/T//ccjEWLQl.s 			page 10


 136:Src/main.c    ****                               |RCC_CLOCKTYPE_PCLK1|RCC_CLOCKTYPE_PCLK2;
 264              		.loc 1 136 0
 265 004c 0F23     		movs	r3, #15
 266 004e 2293     		str	r3, [sp, #136]
 138:Src/main.c    ****   RCC_ClkInitStruct.AHBCLKDivider = RCC_SYSCLK_DIV1;
 267              		.loc 1 138 0
 268 0050 0323     		movs	r3, #3
 269 0052 2393     		str	r3, [sp, #140]
 139:Src/main.c    ****   RCC_ClkInitStruct.APB1CLKDivider = RCC_HCLK_DIV1;
 270              		.loc 1 139 0
 271 0054 2494     		str	r4, [sp, #144]
 140:Src/main.c    ****   RCC_ClkInitStruct.APB2CLKDivider = RCC_HCLK_DIV1;
 272              		.loc 1 140 0
 273 0056 2594     		str	r4, [sp, #148]
 141:Src/main.c    **** 
 274              		.loc 1 141 0
 275 0058 2694     		str	r4, [sp, #152]
 143:Src/main.c    ****   {
 276              		.loc 1 143 0
 277 005a 0421     		movs	r1, #4
 278 005c 22A8     		add	r0, sp, #136
 279 005e FFF7FEFF 		bl	HAL_RCC_ClockConfig
 280              	.LVL7:
 147:Src/main.c    ****   PeriphClkInit.Usart2ClockSelection = RCC_USART2CLKSOURCE_PCLK1;
 281              		.loc 1 147 0
 282 0062 0095     		str	r5, [sp]
 148:Src/main.c    ****   if (HAL_RCCEx_PeriphCLKConfig(&PeriphClkInit) != HAL_OK)
 283              		.loc 1 148 0
 284 0064 0F94     		str	r4, [sp, #60]
 149:Src/main.c    ****   {
 285              		.loc 1 149 0
 286 0066 6846     		mov	r0, sp
 287 0068 FFF7FEFF 		bl	HAL_RCCEx_PeriphCLKConfig
 288              	.LVL8:
 155:Src/main.c    ****   {
 289              		.loc 1 155 0
 290 006c 4FF40070 		mov	r0, #512
 291 0070 FFF7FEFF 		bl	HAL_PWREx_ControlVoltageScaling
 292              	.LVL9:
 159:Src/main.c    **** 
 293              		.loc 1 159 0
 294 0074 39B0     		add	sp, sp, #228
 295              	.LCFI6:
 296              		.cfi_def_cfa_offset 12
 297              		@ sp needed
 298 0076 30BD     		pop	{r4, r5, pc}
 299              		.cfi_endproc
 300              	.LFE131:
 302              		.section	.text.main,"ax",%progbits
 303              		.align	1
 304              		.global	main
 305              		.syntax unified
 306              		.thumb
 307              		.thumb_func
 308              		.fpu fpv4-sp-d16
 310              	main:
 311              	.LFB130:
ARM GAS  /var/folders/k_/d4dbklhx7q1fs9lh20k9kt840000gn/T//ccjEWLQl.s 			page 11


  68:Src/main.c    ****   /* USER CODE BEGIN 1 */
 312              		.loc 1 68 0
 313              		.cfi_startproc
 314              		@ Volatile: function does not return.
 315              		@ args = 0, pretend = 0, frame = 0
 316              		@ frame_needed = 0, uses_anonymous_args = 0
 317 0000 08B5     		push	{r3, lr}
 318              	.LCFI7:
 319              		.cfi_def_cfa_offset 8
 320              		.cfi_offset 3, -8
 321              		.cfi_offset 14, -4
  76:Src/main.c    **** 
 322              		.loc 1 76 0
 323 0002 FFF7FEFF 		bl	HAL_Init
 324              	.LVL10:
  83:Src/main.c    **** 
 325              		.loc 1 83 0
 326 0006 FFF7FEFF 		bl	SystemClock_Config
 327              	.LVL11:
  90:Src/main.c    ****   MX_USART2_UART_Init();
 328              		.loc 1 90 0
 329 000a FFF7FEFF 		bl	MX_GPIO_Init
 330              	.LVL12:
  91:Src/main.c    ****   /* USER CODE BEGIN 2 */
 331              		.loc 1 91 0
 332 000e FFF7FEFF 		bl	MX_USART2_UART_Init
 333              	.LVL13:
 334              	.L12:
 101:Src/main.c    ****     HAL_Delay(1000);
 335              		.loc 1 101 0 discriminator 1
 336 0012 2021     		movs	r1, #32
 337 0014 4FF09040 		mov	r0, #1207959552
 338 0018 FFF7FEFF 		bl	HAL_GPIO_TogglePin
 339              	.LVL14:
 102:Src/main.c    ****     /* USER CODE BEGIN 3 */
 340              		.loc 1 102 0 discriminator 1
 341 001c 4FF47A70 		mov	r0, #1000
 342 0020 FFF7FEFF 		bl	HAL_Delay
 343              	.LVL15:
 344 0024 F5E7     		b	.L12
 345              		.cfi_endproc
 346              	.LFE130:
 348              		.section	.text.Error_Handler,"ax",%progbits
 349              		.align	1
 350              		.global	Error_Handler
 351              		.syntax unified
 352              		.thumb
 353              		.thumb_func
 354              		.fpu fpv4-sp-d16
 356              	Error_Handler:
 357              	.LFB134:
 228:Src/main.c    **** 
 229:Src/main.c    **** /* USER CODE BEGIN 4 */
 230:Src/main.c    **** 
 231:Src/main.c    **** /* USER CODE END 4 */
 232:Src/main.c    **** 
 233:Src/main.c    **** /**
ARM GAS  /var/folders/k_/d4dbklhx7q1fs9lh20k9kt840000gn/T//ccjEWLQl.s 			page 12


 234:Src/main.c    ****   * @brief  This function is executed in case of error occurrence.
 235:Src/main.c    ****   * @retval None
 236:Src/main.c    ****   */
 237:Src/main.c    **** void Error_Handler(void)
 238:Src/main.c    **** {
 358              		.loc 1 238 0
 359              		.cfi_startproc
 360              		@ args = 0, pretend = 0, frame = 0
 361              		@ frame_needed = 0, uses_anonymous_args = 0
 362              		@ link register save eliminated.
 239:Src/main.c    ****   /* USER CODE BEGIN Error_Handler_Debug */
 240:Src/main.c    ****   /* User can add his own implementation to report the HAL error return state */
 241:Src/main.c    **** 
 242:Src/main.c    ****   /* USER CODE END Error_Handler_Debug */
 243:Src/main.c    **** }
 363              		.loc 1 243 0
 364 0000 7047     		bx	lr
 365              		.cfi_endproc
 366              	.LFE134:
 368              		.comm	huart2,128,4
 369              		.text
 370              	.Letext0:
 371              		.file 2 "/usr/local/Cellar/gcc-arm-none-eabi/20180627/arm-none-eabi/include/machine/_default_types
 372              		.file 3 "/usr/local/Cellar/gcc-arm-none-eabi/20180627/arm-none-eabi/include/sys/_stdint.h"
 373              		.file 4 "Drivers/CMSIS/Include/core_cm4.h"
 374              		.file 5 "Drivers/CMSIS/Device/ST/STM32L4xx/Include/system_stm32l4xx.h"
 375              		.file 6 "Drivers/CMSIS/Device/ST/STM32L4xx/Include/stm32l476xx.h"
 376              		.file 7 "Drivers/STM32L4xx_HAL_Driver/Inc/stm32l4xx_hal_def.h"
 377              		.file 8 "Drivers/STM32L4xx_HAL_Driver/Inc/stm32l4xx_hal_rcc.h"
 378              		.file 9 "Drivers/STM32L4xx_HAL_Driver/Inc/stm32l4xx_hal_rcc_ex.h"
 379              		.file 10 "Drivers/STM32L4xx_HAL_Driver/Inc/stm32l4xx_hal_gpio.h"
 380              		.file 11 "Drivers/STM32L4xx_HAL_Driver/Inc/stm32l4xx_hal_dma.h"
 381              		.file 12 "Drivers/STM32L4xx_HAL_Driver/Inc/stm32l4xx_hal_flash.h"
 382              		.file 13 "Drivers/STM32L4xx_HAL_Driver/Inc/stm32l4xx_hal_uart.h"
 383              		.file 14 "Drivers/STM32L4xx_HAL_Driver/Inc/stm32l4xx_hal.h"
 384              		.file 15 "Drivers/STM32L4xx_HAL_Driver/Inc/stm32l4xx_hal_pwr_ex.h"
 385              		.file 16 "<built-in>"
ARM GAS  /var/folders/k_/d4dbklhx7q1fs9lh20k9kt840000gn/T//ccjEWLQl.s 			page 13


DEFINED SYMBOLS
                            *ABS*:0000000000000000 main.c
/var/folders/k_/d4dbklhx7q1fs9lh20k9kt840000gn/T//ccjEWLQl.s:18     .text.MX_GPIO_Init:0000000000000000 $t
/var/folders/k_/d4dbklhx7q1fs9lh20k9kt840000gn/T//ccjEWLQl.s:24     .text.MX_GPIO_Init:0000000000000000 MX_GPIO_Init
/var/folders/k_/d4dbklhx7q1fs9lh20k9kt840000gn/T//ccjEWLQl.s:130    .text.MX_GPIO_Init:0000000000000094 $d
/var/folders/k_/d4dbklhx7q1fs9lh20k9kt840000gn/T//ccjEWLQl.s:137    .text.MX_USART2_UART_Init:0000000000000000 $t
/var/folders/k_/d4dbklhx7q1fs9lh20k9kt840000gn/T//ccjEWLQl.s:143    .text.MX_USART2_UART_Init:0000000000000000 MX_USART2_UART_Init
/var/folders/k_/d4dbklhx7q1fs9lh20k9kt840000gn/T//ccjEWLQl.s:187    .text.MX_USART2_UART_Init:0000000000000028 $d
                            *COM*:0000000000000080 huart2
/var/folders/k_/d4dbklhx7q1fs9lh20k9kt840000gn/T//ccjEWLQl.s:193    .text.SystemClock_Config:0000000000000000 $t
/var/folders/k_/d4dbklhx7q1fs9lh20k9kt840000gn/T//ccjEWLQl.s:200    .text.SystemClock_Config:0000000000000000 SystemClock_Config
/var/folders/k_/d4dbklhx7q1fs9lh20k9kt840000gn/T//ccjEWLQl.s:303    .text.main:0000000000000000 $t
/var/folders/k_/d4dbklhx7q1fs9lh20k9kt840000gn/T//ccjEWLQl.s:310    .text.main:0000000000000000 main
/var/folders/k_/d4dbklhx7q1fs9lh20k9kt840000gn/T//ccjEWLQl.s:349    .text.Error_Handler:0000000000000000 $t
/var/folders/k_/d4dbklhx7q1fs9lh20k9kt840000gn/T//ccjEWLQl.s:356    .text.Error_Handler:0000000000000000 Error_Handler

UNDEFINED SYMBOLS
HAL_GPIO_WritePin
HAL_GPIO_Init
HAL_UART_Init
memset
HAL_RCC_OscConfig
HAL_RCC_ClockConfig
HAL_RCCEx_PeriphCLKConfig
HAL_PWREx_ControlVoltageScaling
HAL_Init
HAL_GPIO_TogglePin
HAL_Delay
